{"/app/src/models/admin.ts":{"path":"/app/src/models/admin.ts","statementMap":{"0":{"start":{"line":2,"column":16},"end":{"line":10,"column":1}},"1":{"start":{"line":3,"column":28},"end":{"line":3,"column":110}},"2":{"start":{"line":3,"column":91},"end":{"line":3,"column":106}},"3":{"start":{"line":4,"column":4},"end":{"line":9,"column":7}},"4":{"start":{"line":5,"column":36},"end":{"line":5,"column":97}},"5":{"start":{"line":5,"column":42},"end":{"line":5,"column":70}},"6":{"start":{"line":5,"column":85},"end":{"line":5,"column":95}},"7":{"start":{"line":6,"column":35},"end":{"line":6,"column":100}},"8":{"start":{"line":6,"column":41},"end":{"line":6,"column":73}},"9":{"start":{"line":6,"column":88},"end":{"line":6,"column":98}},"10":{"start":{"line":7,"column":32},"end":{"line":7,"column":116}},"11":{"start":{"line":8,"column":8},"end":{"line":8,"column":78}},"12":{"start":{"line":11,"column":22},"end":{"line":13,"column":1}},"13":{"start":{"line":12,"column":4},"end":{"line":12,"column":62}},"14":{"start":{"line":14,"column":0},"end":{"line":14,"column":62}},"15":{"start":{"line":15,"column":13},"end":{"line":15,"column":49}},"16":{"start":{"line":16,"column":12},"end":{"line":16,"column":35}},"17":{"start":{"line":17,"column":15},"end":{"line":17,"column":34}},"18":{"start":{"line":18,"column":19},"end":{"line":18,"column":21}},"19":{"start":{"line":19,"column":19},"end":{"line":139,"column":1}},"20":{"start":{"line":21,"column":8},"end":{"line":34,"column":11}},"21":{"start":{"line":22,"column":23},"end":{"line":22,"column":49}},"22":{"start":{"line":23,"column":12},"end":{"line":33,"column":13}},"23":{"start":{"line":24,"column":28},"end":{"line":24,"column":48}},"24":{"start":{"line":25,"column":30},"end":{"line":25,"column":49}},"25":{"start":{"line":26,"column":16},"end":{"line":26,"column":82}},"26":{"start":{"line":29,"column":16},"end":{"line":29,"column":28}},"27":{"start":{"line":32,"column":16},"end":{"line":32,"column":31}},"28":{"start":{"line":37,"column":8},"end":{"line":50,"column":11}},"29":{"start":{"line":38,"column":23},"end":{"line":38,"column":49}},"30":{"start":{"line":39,"column":12},"end":{"line":49,"column":13}},"31":{"start":{"line":40,"column":28},"end":{"line":40,"column":47}},"32":{"start":{"line":41,"column":30},"end":{"line":41,"column":60}},"33":{"start":{"line":42,"column":16},"end":{"line":42,"column":75}},"34":{"start":{"line":45,"column":16},"end":{"line":45,"column":28}},"35":{"start":{"line":48,"column":16},"end":{"line":48,"column":31}},"36":{"start":{"line":53,"column":8},"end":{"line":76,"column":11}},"37":{"start":{"line":54,"column":23},"end":{"line":54,"column":49}},"38":{"start":{"line":55,"column":26},"end":{"line":55,"column":47}},"39":{"start":{"line":56,"column":29},"end":{"line":56,"column":47}},"40":{"start":{"line":57,"column":12},"end":{"line":75,"column":13}},"41":{"start":{"line":58,"column":28},"end":{"line":58,"column":56}},"42":{"start":{"line":59,"column":30},"end":{"line":59,"column":58}},"43":{"start":{"line":60,"column":30},"end":{"line":60,"column":41}},"44":{"start":{"line":61,"column":16},"end":{"line":61,"column":35}},"45":{"start":{"line":62,"column":16},"end":{"line":67,"column":17}},"46":{"start":{"line":63,"column":20},"end":{"line":63,"column":86}},"47":{"start":{"line":65,"column":21},"end":{"line":67,"column":17}},"48":{"start":{"line":66,"column":20},"end":{"line":66,"column":90}},"49":{"start":{"line":68,"column":16},"end":{"line":68,"column":92}},"50":{"start":{"line":71,"column":16},"end":{"line":71,"column":28}},"51":{"start":{"line":74,"column":16},"end":{"line":74,"column":31}},"52":{"start":{"line":79,"column":8},"end":{"line":109,"column":11}},"53":{"start":{"line":80,"column":12},"end":{"line":108,"column":15}},"54":{"start":{"line":81,"column":16},"end":{"line":81,"column":36}},"55":{"start":{"line":82,"column":16},"end":{"line":89,"column":17}},"56":{"start":{"line":83,"column":20},"end":{"line":88,"column":23}},"57":{"start":{"line":90,"column":16},"end":{"line":101,"column":17}},"58":{"start":{"line":91,"column":36},"end":{"line":91,"column":64}},"59":{"start":{"line":92,"column":35},"end":{"line":92,"column":57}},"60":{"start":{"line":93,"column":34},"end":{"line":93,"column":80}},"61":{"start":{"line":94,"column":20},"end":{"line":100,"column":23}},"62":{"start":{"line":102,"column":16},"end":{"line":107,"column":19}},"63":{"start":{"line":112,"column":8},"end":{"line":137,"column":11}},"64":{"start":{"line":113,"column":12},"end":{"line":136,"column":15}},"65":{"start":{"line":114,"column":16},"end":{"line":135,"column":19}},"66":{"start":{"line":115,"column":31},"end":{"line":115,"column":57}},"67":{"start":{"line":116,"column":20},"end":{"line":134,"column":21}},"68":{"start":{"line":117,"column":24},"end":{"line":117,"column":50}},"69":{"start":{"line":118,"column":36},"end":{"line":118,"column":73}},"70":{"start":{"line":119,"column":38},"end":{"line":126,"column":26}},"71":{"start":{"line":127,"column":24},"end":{"line":127,"column":96}},"72":{"start":{"line":130,"column":24},"end":{"line":130,"column":36}},"73":{"start":{"line":133,"column":24},"end":{"line":133,"column":39}},"74":{"start":{"line":140,"column":0},"end":{"line":140,"column":29}}},"fnMap":{"0":{"name":"(anonymous_0)","decl":{"start":{"line":2,"column":44},"end":{"line":2,"column":45}},"loc":{"start":{"line":2,"column":89},"end":{"line":10,"column":1}},"line":2},"1":{"name":"adopt","decl":{"start":{"line":3,"column":13},"end":{"line":3,"column":18}},"loc":{"start":{"line":3,"column":26},"end":{"line":3,"column":112}},"line":3},"2":{"name":"(anonymous_2)","decl":{"start":{"line":3,"column":70},"end":{"line":3,"column":71}},"loc":{"start":{"line":3,"column":89},"end":{"line":3,"column":108}},"line":3},"3":{"name":"(anonymous_3)","decl":{"start":{"line":4,"column":36},"end":{"line":4,"column":37}},"loc":{"start":{"line":4,"column":63},"end":{"line":9,"column":5}},"line":4},"4":{"name":"fulfilled","decl":{"start":{"line":5,"column":17},"end":{"line":5,"column":26}},"loc":{"start":{"line":5,"column":34},"end":{"line":5,"column":99}},"line":5},"5":{"name":"rejected","decl":{"start":{"line":6,"column":17},"end":{"line":6,"column":25}},"loc":{"start":{"line":6,"column":33},"end":{"line":6,"column":102}},"line":6},"6":{"name":"step","decl":{"start":{"line":7,"column":17},"end":{"line":7,"column":21}},"loc":{"start":{"line":7,"column":30},"end":{"line":7,"column":118}},"line":7},"7":{"name":"(anonymous_7)","decl":{"start":{"line":11,"column":56},"end":{"line":11,"column":57}},"loc":{"start":{"line":11,"column":71},"end":{"line":13,"column":1}},"line":11},"8":{"name":"showAllAdmins","decl":{"start":{"line":20,"column":28},"end":{"line":20,"column":41}},"loc":{"start":{"line":20,"column":53},"end":{"line":35,"column":5}},"line":20},"9":{"name":"(anonymous_9)","decl":{"start":{"line":21,"column":47},"end":{"line":21,"column":48}},"loc":{"start":{"line":21,"column":60},"end":{"line":34,"column":9}},"line":21},"10":{"name":"getOneAdmin","decl":{"start":{"line":36,"column":26},"end":{"line":36,"column":37}},"loc":{"start":{"line":36,"column":58},"end":{"line":51,"column":5}},"line":36},"11":{"name":"(anonymous_11)","decl":{"start":{"line":37,"column":47},"end":{"line":37,"column":48}},"loc":{"start":{"line":37,"column":60},"end":{"line":50,"column":9}},"line":37},"12":{"name":"adminLogin","decl":{"start":{"line":52,"column":25},"end":{"line":52,"column":35}},"loc":{"start":{"line":52,"column":58},"end":{"line":77,"column":5}},"line":52},"13":{"name":"(anonymous_13)","decl":{"start":{"line":53,"column":47},"end":{"line":53,"column":48}},"loc":{"start":{"line":53,"column":60},"end":{"line":76,"column":9}},"line":53},"14":{"name":"comparePasswords","decl":{"start":{"line":78,"column":31},"end":{"line":78,"column":47}},"loc":{"start":{"line":78,"column":70},"end":{"line":110,"column":5}},"line":78},"15":{"name":"(anonymous_15)","decl":{"start":{"line":79,"column":47},"end":{"line":79,"column":48}},"loc":{"start":{"line":79,"column":60},"end":{"line":109,"column":9}},"line":79},"16":{"name":"(anonymous_16)","decl":{"start":{"line":80,"column":53},"end":{"line":80,"column":54}},"loc":{"start":{"line":80,"column":76},"end":{"line":108,"column":13}},"line":80},"17":{"name":"createOneAdmin","decl":{"start":{"line":111,"column":29},"end":{"line":111,"column":43}},"loc":{"start":{"line":111,"column":66},"end":{"line":138,"column":5}},"line":111},"18":{"name":"(anonymous_18)","decl":{"start":{"line":112,"column":47},"end":{"line":112,"column":48}},"loc":{"start":{"line":112,"column":60},"end":{"line":137,"column":9}},"line":112},"19":{"name":"(anonymous_19)","decl":{"start":{"line":113,"column":56},"end":{"line":113,"column":57}},"loc":{"start":{"line":113,"column":79},"end":{"line":136,"column":13}},"line":113},"20":{"name":"(anonymous_20)","decl":{"start":{"line":114,"column":55},"end":{"line":114,"column":56}},"loc":{"start":{"line":114,"column":68},"end":{"line":135,"column":17}},"line":114}},"branchMap":{"0":{"loc":{"start":{"line":2,"column":16},"end":{"line":10,"column":1}},"type":"binary-expr","locations":[{"start":{"line":2,"column":17},"end":{"line":2,"column":21}},{"start":{"line":2,"column":25},"end":{"line":2,"column":39}},{"start":{"line":2,"column":44},"end":{"line":10,"column":1}}],"line":2},"1":{"loc":{"start":{"line":3,"column":35},"end":{"line":3,"column":109}},"type":"cond-expr","locations":[{"start":{"line":3,"column":56},"end":{"line":3,"column":61}},{"start":{"line":3,"column":64},"end":{"line":3,"column":109}}],"line":3},"2":{"loc":{"start":{"line":4,"column":16},"end":{"line":4,"column":34}},"type":"binary-expr","locations":[{"start":{"line":4,"column":16},"end":{"line":4,"column":17}},{"start":{"line":4,"column":22},"end":{"line":4,"column":33}}],"line":4},"3":{"loc":{"start":{"line":7,"column":32},"end":{"line":7,"column":115}},"type":"cond-expr","locations":[{"start":{"line":7,"column":46},"end":{"line":7,"column":67}},{"start":{"line":7,"column":70},"end":{"line":7,"column":115}}],"line":7},"4":{"loc":{"start":{"line":8,"column":51},"end":{"line":8,"column":67}},"type":"binary-expr","locations":[{"start":{"line":8,"column":51},"end":{"line":8,"column":61}},{"start":{"line":8,"column":65},"end":{"line":8,"column":67}}],"line":8},"5":{"loc":{"start":{"line":11,"column":22},"end":{"line":13,"column":1}},"type":"binary-expr","locations":[{"start":{"line":11,"column":23},"end":{"line":11,"column":27}},{"start":{"line":11,"column":31},"end":{"line":11,"column":51}},{"start":{"line":11,"column":56},"end":{"line":13,"column":1}}],"line":11},"6":{"loc":{"start":{"line":12,"column":11},"end":{"line":12,"column":61}},"type":"cond-expr","locations":[{"start":{"line":12,"column":37},"end":{"line":12,"column":40}},{"start":{"line":12,"column":43},"end":{"line":12,"column":61}}],"line":12},"7":{"loc":{"start":{"line":12,"column":12},"end":{"line":12,"column":33}},"type":"binary-expr","locations":[{"start":{"line":12,"column":12},"end":{"line":12,"column":15}},{"start":{"line":12,"column":19},"end":{"line":12,"column":33}}],"line":12},"8":{"loc":{"start":{"line":62,"column":16},"end":{"line":67,"column":17}},"type":"if","locations":[{"start":{"line":62,"column":16},"end":{"line":67,"column":17}},{"start":{"line":62,"column":16},"end":{"line":67,"column":17}}],"line":62},"9":{"loc":{"start":{"line":65,"column":21},"end":{"line":67,"column":17}},"type":"if","locations":[{"start":{"line":65,"column":21},"end":{"line":67,"column":17}},{"start":{"line":65,"column":21},"end":{"line":67,"column":17}}],"line":65},"10":{"loc":{"start":{"line":82,"column":16},"end":{"line":89,"column":17}},"type":"if","locations":[{"start":{"line":82,"column":16},"end":{"line":89,"column":17}},{"start":{"line":82,"column":16},"end":{"line":89,"column":17}}],"line":82},"11":{"loc":{"start":{"line":90,"column":16},"end":{"line":101,"column":17}},"type":"if","locations":[{"start":{"line":90,"column":16},"end":{"line":101,"column":17}},{"start":{"line":90,"column":16},"end":{"line":101,"column":17}}],"line":90}},"s":{"0":1,"1":3,"2":0,"3":1,"4":3,"5":3,"6":0,"7":0,"8":0,"9":0,"10":4,"11":1,"12":1,"13":1,"14":1,"15":1,"16":1,"17":1,"18":1,"19":1,"20":1,"21":1,"22":1,"23":1,"24":1,"25":1,"26":0,"27":1,"28":0,"29":0,"30":0,"31":0,"32":0,"33":0,"34":0,"35":0,"36":0,"37":0,"38":0,"39":0,"40":0,"41":0,"42":0,"43":0,"44":0,"45":0,"46":0,"47":0,"48":0,"49":0,"50":0,"51":0,"52":0,"53":0,"54":0,"55":0,"56":0,"57":0,"58":0,"59":0,"60":0,"61":0,"62":0,"63":0,"64":0,"65":0,"66":0,"67":0,"68":0,"69":0,"70":0,"71":0,"72":0,"73":0,"74":1},"f":{"0":1,"1":3,"2":0,"3":1,"4":3,"5":0,"6":4,"7":1,"8":1,"9":1,"10":0,"11":0,"12":0,"13":0,"14":0,"15":0,"16":0,"17":0,"18":0,"19":0,"20":0},"b":{"0":[1,1,1],"1":[3,0],"2":[1,1],"3":[1,3],"4":[1,1],"5":[1,1,1],"6":[1,0],"7":[1,1],"8":[0,0],"9":[0,0],"10":[0,0],"11":[0,0]},"inputSourceMap":{"version":3,"file":"/app/src/models/admin.ts","sources":["/app/src/models/admin.ts"],"names":[],"mappings":";;;;;;;;;;;;;;AAGA,kDAAgC;AAEhC,MAAM,GAAG,GAAG,OAAO,CAAC,cAAc,CAAC,CAAC;AACpC,MAAM,MAAM,GAAG,OAAO,CAAC,UAAU,CAAC,CAAC;AACnC,MAAM,UAAU,GAAG,EAAE,CAAC;AAEtB,MAAM,UAAU,GAAG;IAMf,aAAa,EAAE,SAAe,aAAa,CAAC,GAAa,EAAE,IAAkB;;YACzE,MAAM,EAAE,GAAG,MAAM,YAAQ,CAAC,KAAK,EAAE,CAAC;YAClC,IAAI;gBACA,MAAM,GAAG,GAAG,oBAAoB,CAAC;gBAEjC,MAAM,KAAK,GAAqC,MAAM,EAAE,CAAC,KAAK,CAAC,GAAG,CAAC,CAAC;gBAEpE,OAAO,GAAG,CAAC,MAAM,CAAC,GAAG,CAAC,CAAC,IAAI,CAAC,EAAE,OAAO,EAAE,IAAI,EAAE,IAAI,EAAE,KAAK,CAAC,CAAC,CAAC,CAAC,CAAC,CAAC,EAAE,CAAC,CAAC;aACrE;YAAC,OAAO,KAAU,EAAE;gBACjB,IAAI,CAAC,KAAK,CAAC,CAAC;aACf;oBAAS;gBACN,MAAM,EAAE,CAAC,GAAG,EAAE,CAAC;aAClB;QACL,CAAC;KAAA;IAMD,WAAW,EAAE,SAAe,WAAW,CAAC,OAAe,EAAE,GAAa,EAAE,IAAkB;;YACtF,MAAM,EAAE,GAAG,MAAM,YAAQ,CAAC,KAAK,EAAE,CAAC;YAClC,IAAI;gBACA,MAAM,GAAG,GAAG,mBAAmB,CAAC;gBAEhC,MAAM,KAAK,GAAqC,MAAM,EAAE,CAAC,KAAK,CAAC,GAAG,EAAE,CAAC,OAAO,CAAC,CAAC,CAAC;gBAE/E,GAAG,CAAC,MAAM,CAAC,GAAG,CAAC,CAAC,IAAI,CAAC,EAAE,OAAO,EAAE,IAAI,EAAE,IAAI,EAAE,KAAK,CAAC,CAAC,CAAC,CAAC,CAAC,CAAC,EAAE,CAAC,CAAC;aAC9D;YAAC,OAAO,KAAU,EAAE;gBACjB,IAAI,CAAC,KAAK,CAAC,CAAC;aACf;oBAAS;gBACN,MAAM,EAAE,CAAC,GAAG,EAAE,CAAC;aAClB;QACL,CAAC;KAAA;IAMD,UAAU,EAAE,SAAe,UAAU,CAAC,SAAc,EAAE,GAAa,EAAE,IAAkB;;YACnF,MAAM,EAAE,GAAG,MAAM,YAAQ,CAAC,KAAK,EAAE,CAAC;YAElC,MAAM,KAAK,GAAG,SAAS,CAAC,WAAW,CAAC;YACpC,MAAM,QAAQ,GAAG,SAAS,CAAC,QAAQ,CAAC;YAEpC,IAAI;gBACA,MAAM,GAAG,GAAG,4BAA4B,CAAC;gBACzC,MAAM,KAAK,GAAqC,MAAM,EAAE,CAAC,KAAK,CAAC,GAAG,EAAE,CAAC,KAAK,CAAC,CAAC,CAAC;gBAE7E,MAAM,KAAK,GAAG,KAAK,CAAC,CAAC,CAAC,CAAC,CAAC,CAAC,CAAC;gBAE1B,OAAO,CAAC,GAAG,CAAC,KAAK,CAAC,CAAC;gBAEnB,IAAI,KAAK,CAAC,MAAM,GAAG,CAAC,EAAE;oBAClB,OAAO,MAAM,UAAU,CAAC,gBAAgB,CAAC,GAAG,EAAE,KAAK,CAAC,CAAC,CAAC,EAAE,QAAQ,CAAC,CAAC;iBACrE;qBAAM,IAAI,KAAK,CAAC,MAAM,KAAK,CAAC,EAAE;oBAC3B,OAAO,GAAG,CAAC,MAAM,CAAC,GAAG,CAAC,CAAC,IAAI,CAAC,EAAE,OAAO,EAAE,KAAK,EAAE,GAAG,EAAE,eAAe,EAAE,CAAC,CAAC;iBACzE;gBAED,OAAO,GAAG,CAAC,MAAM,CAAC,GAAG,CAAC,CAAC,IAAI,CAAC,EAAE,OAAO,EAAE,KAAK,EAAE,GAAG,EAAE,qBAAqB,EAAE,CAAC,CAAC;aAC/E;YAAC,OAAO,KAAU,EAAE;gBACjB,IAAI,CAAC,KAAK,CAAC,CAAC;aACf;oBAAS;gBACN,MAAM,EAAE,CAAC,GAAG,EAAE,CAAC;aAClB;QACL,CAAC;KAAA;IAMD,gBAAgB,EAAE,SAAe,gBAAgB,CAAC,GAAa,EAAE,KAAU,EAAE,QAAgB;;YACzF,MAAM,CAAC,OAAO,CAAC,QAAQ,EAAE,KAAK,CAAC,QAAQ,EAAE,UAAU,GAAQ,EAAE,MAAW;gBACpE,OAAO,CAAC,GAAG,CAAC,MAAM,CAAC,CAAC;gBAEpB,IAAI,GAAG,EAAE;oBACL,OAAO,GAAG,CAAC,MAAM,CAAC,GAAG,CAAC,CAAC,IAAI,CAAC;wBACxB,MAAM,EAAE;4BACJ,MAAM,EAAE,GAAG;4BACX,OAAO,EAAE,6BAA6B;yBACzC;qBACJ,CAAC,CAAC;iBACN;gBAED,IAAI,MAAM,EAAE;oBACR,MAAM,OAAO,GAAG,EAAE,KAAK,EAAE,KAAK,CAAC,WAAW,EAAE,CAAC;oBAC7C,MAAM,MAAM,GAAG,OAAO,CAAC,GAAG,CAAC,UAAU,CAAC;oBAEtC,MAAM,KAAK,GAAG,GAAG,CAAC,IAAI,CAAC,OAAO,EAAE,MAAM,EAAE,EAAE,SAAS,EAAE,IAAI,EAAE,CAAC,CAAC;oBAE7D,OAAO,GAAG,CAAC,MAAM,CAAC,GAAG,CAAC,CAAC,IAAI,CAAC;wBACxB,IAAI,EAAE;4BACF,IAAI,EAAE,EAAE,KAAK,EAAE;4BACf,KAAK;4BACL,GAAG,EAAE,iBAAiB;yBACzB;qBACJ,CAAC,CAAC;iBACN;gBACD,OAAO,GAAG,CAAC,MAAM,CAAC,GAAG,CAAC,CAAC,IAAI,CAAC;oBACxB,MAAM,EAAE;wBACJ,MAAM,EAAE,GAAG;wBACX,OAAO,EAAE,sBAAsB;qBAClC;iBACJ,CAAC,CAAC;YACP,CAAC,CAAC,CAAC;QACP,CAAC;KAAA;IAMD,cAAc,EAAE,SAAe,cAAc,CAAC,SAAc,EAAE,GAAa,EAAE,IAAkB;;YAC3F,MAAM,CAAC,IAAI,CAAC,SAAS,CAAC,QAAQ,EAAE,UAAU,EAAE,UAAgB,KAAU,EAAE,IAAS;;oBAC7E,MAAM,EAAE,GAAG,MAAM,YAAQ,CAAC,KAAK,EAAE,CAAC;oBAClC,IAAI;wBACA,SAAS,CAAC,QAAQ,GAAG,IAAI,CAAC;wBAE1B,MAAM,GAAG,GAAG,qCAAqC,CAAC;wBAClD,MAAM,KAAK,GAAqC,MAAM,EAAE,CAAC,KAAK,CAAC,GAAG,EAAE;4BAChE,SAAS,CAAC,SAAS;4BACnB,SAAS,CAAC,QAAQ;4BAClB,SAAS,CAAC,WAAW;4BACrB,SAAS,CAAC,WAAW;4BACrB,SAAS,CAAC,SAAS;4BACnB,SAAS,CAAC,QAAQ;yBACrB,CAAC,CAAC;wBAEH,OAAO,GAAG,CAAC,MAAM,CAAC,GAAG,CAAC,CAAC,IAAI,CAAC,EAAE,OAAO,EAAE,IAAI,EAAE,GAAG,EAAE,kBAAkB,EAAE,CAAC,CAAC;qBAC3E;oBAAC,OAAO,KAAU,EAAE;wBACjB,IAAI,CAAC,KAAK,CAAC,CAAC;qBACf;4BAAS;wBACN,MAAM,EAAE,CAAC,GAAG,EAAE,CAAC;qBAClB;gBACL,CAAC;aAAA,CAAC,CAAC;QACP,CAAC;KAAA;CACJ,CAAC;AAEF,kBAAe,UAAU,CAAC","sourcesContent":["import { NextFunction, Response } from 'express';\nimport { FieldPacket, RowDataPacket } from 'mysql2/promise';\n\nimport database from '../db/db';\n\nconst jwt = require('jsonwebtoken');\nconst bcrypt = require('bcryptjs');\nconst saltRounds = 10;\n\nconst adminModel = {\n    /**\n     * Function to show all stations\n     * @async\n     * @returns {RowDataPacket} Resultset from the query.\n     */\n    showAllAdmins: async function showAllAdmins(res: Response, next: NextFunction) {\n        const db = await database.getDb();\n        try {\n            const sql = `CALL get_admins();`;\n\n            const dbRes: [RowDataPacket[], FieldPacket[]] = await db.query(sql);\n\n            return res.status(200).send({ success: true, data: dbRes[0][0] });\n        } catch (error: any) {\n            next(error);\n        } finally {\n            await db.end();\n        }\n    },\n    /**\n     * Function to get one station\n     * @async\n     * @returns {RowDataPacket} Resultset from the query.\n     */\n    getOneAdmin: async function getOneAdmin(adminId: string, res: Response, next: NextFunction) {\n        const db = await database.getDb();\n        try {\n            const sql = `CALL get_admin(?)`;\n\n            const dbRes: [RowDataPacket[], FieldPacket[]] = await db.query(sql, [adminId]);\n\n            res.status(200).send({ success: true, data: dbRes[0][0] });\n        } catch (error: any) {\n            next(error);\n        } finally {\n            await db.end();\n        }\n    },\n    /**\n     * Function to manually login with an admin\n     * @async\n     * @returns {RowDataPacket} Resultset from the query.\n     */\n    adminLogin: async function adminLogin(adminInfo: any, res: Response, next: NextFunction) {\n        const db = await database.getDb();\n\n        const email = adminInfo.emailAdress;\n        const password = adminInfo.password;\n\n        try {\n            const sql = `CALL get_admin_by_email(?)`;\n            const dbRes: [RowDataPacket[], FieldPacket[]] = await db.query(sql, [email]);\n\n            const admin = dbRes[0][0];\n\n            console.log(admin);\n\n            if (admin.length > 0) {\n                return await adminModel.comparePasswords(res, admin[0], password);\n            } else if (admin.length === 0) {\n                return res.status(400).json({ success: false, msg: 'No user found' });\n            }\n\n            return res.status(400).json({ success: false, msg: 'Missing credentials' });\n        } catch (error: any) {\n            next(error);\n        } finally {\n            await db.end();\n        }\n    },\n    /**\n     * Function to verify a hashed password\n     * @async\n     * @returns {RowDataPacket} Resultset from the query.\n     */\n    comparePasswords: async function comparePasswords(res: Response, admin: any, password: string) {\n        bcrypt.compare(password, admin.Password, function (err: any, result: any) {\n            console.log(result);\n\n            if (err) {\n                return res.status(500).json({\n                    errors: {\n                        status: 500,\n                        message: 'Could not decrypt password.',\n                    },\n                });\n            }\n\n            if (result) {\n                const payload = { email: admin.emailAdress };\n                const secret = process.env.JWT_SECRET;\n\n                const token = jwt.sign(payload, secret, { expiresIn: '1h' });\n\n                return res.status(201).json({\n                    data: {\n                        info: { admin },\n                        token,\n                        msg: 'Admin logged in',\n                    },\n                });\n            }\n            return res.status(401).json({\n                errors: {\n                    status: 401,\n                    message: 'Password not correct',\n                },\n            });\n        });\n    },\n    /**\n     * Function to create a admin\n     * @async\n     * @returns {RowDataPacket} Resultset from the query.\n     */\n    createOneAdmin: async function createOneAdmin(adminInfo: any, res: Response, next: NextFunction) {\n        bcrypt.hash(adminInfo.password, saltRounds, async function (error: any, hash: any) {\n            const db = await database.getDb();\n            try {\n                adminInfo.password = hash;\n\n                const sql = `CALL create_admin(?, ?, ?, ?, ?, ?)`;\n                const dbRes: [RowDataPacket[], FieldPacket[]] = await db.query(sql, [\n                    adminInfo.firstName,\n                    adminInfo.lastName,\n                    adminInfo.phoneNumber,\n                    adminInfo.emailAdress,\n                    adminInfo.authority,\n                    adminInfo.password,\n                ]);\n\n                return res.status(201).send({ success: true, msg: 'Admin registered' });\n            } catch (error: any) {\n                next(error);\n            } finally {\n                await db.end();\n            }\n        });\n    },\n};\n\nexport default adminModel;\n"]},"_coverageSchema":"1a1c01bbd47fc00a2c39e90264f33305004495a9","hash":"f19f766b4f9c38539a941922243397f12eb8f80c","contentHash":"422dd3d3d7c4587c728eac14bc368b99922c978344e7fe126d53f328d3a9d92f"},"/app/src/db/db.ts":{"path":"/app/src/db/db.ts","statementMap":{"0":{"start":{"line":2,"column":16},"end":{"line":10,"column":1}},"1":{"start":{"line":3,"column":28},"end":{"line":3,"column":110}},"2":{"start":{"line":3,"column":91},"end":{"line":3,"column":106}},"3":{"start":{"line":4,"column":4},"end":{"line":9,"column":7}},"4":{"start":{"line":5,"column":36},"end":{"line":5,"column":97}},"5":{"start":{"line":5,"column":42},"end":{"line":5,"column":70}},"6":{"start":{"line":5,"column":85},"end":{"line":5,"column":95}},"7":{"start":{"line":6,"column":35},"end":{"line":6,"column":100}},"8":{"start":{"line":6,"column":41},"end":{"line":6,"column":73}},"9":{"start":{"line":6,"column":88},"end":{"line":6,"column":98}},"10":{"start":{"line":7,"column":32},"end":{"line":7,"column":116}},"11":{"start":{"line":8,"column":8},"end":{"line":8,"column":78}},"12":{"start":{"line":11,"column":22},"end":{"line":13,"column":1}},"13":{"start":{"line":12,"column":4},"end":{"line":12,"column":62}},"14":{"start":{"line":14,"column":0},"end":{"line":14,"column":62}},"15":{"start":{"line":15,"column":18},"end":{"line":15,"column":60}},"16":{"start":{"line":16,"column":17},"end":{"line":16,"column":54}},"17":{"start":{"line":17,"column":17},"end":{"line":30,"column":1}},"18":{"start":{"line":19,"column":8},"end":{"line":28,"column":11}},"19":{"start":{"line":21,"column":12},"end":{"line":26,"column":15}},"20":{"start":{"line":27,"column":12},"end":{"line":27,"column":22}},"21":{"start":{"line":31,"column":0},"end":{"line":31,"column":27}}},"fnMap":{"0":{"name":"(anonymous_0)","decl":{"start":{"line":2,"column":44},"end":{"line":2,"column":45}},"loc":{"start":{"line":2,"column":89},"end":{"line":10,"column":1}},"line":2},"1":{"name":"adopt","decl":{"start":{"line":3,"column":13},"end":{"line":3,"column":18}},"loc":{"start":{"line":3,"column":26},"end":{"line":3,"column":112}},"line":3},"2":{"name":"(anonymous_2)","decl":{"start":{"line":3,"column":70},"end":{"line":3,"column":71}},"loc":{"start":{"line":3,"column":89},"end":{"line":3,"column":108}},"line":3},"3":{"name":"(anonymous_3)","decl":{"start":{"line":4,"column":36},"end":{"line":4,"column":37}},"loc":{"start":{"line":4,"column":63},"end":{"line":9,"column":5}},"line":4},"4":{"name":"fulfilled","decl":{"start":{"line":5,"column":17},"end":{"line":5,"column":26}},"loc":{"start":{"line":5,"column":34},"end":{"line":5,"column":99}},"line":5},"5":{"name":"rejected","decl":{"start":{"line":6,"column":17},"end":{"line":6,"column":25}},"loc":{"start":{"line":6,"column":33},"end":{"line":6,"column":102}},"line":6},"6":{"name":"step","decl":{"start":{"line":7,"column":17},"end":{"line":7,"column":21}},"loc":{"start":{"line":7,"column":30},"end":{"line":7,"column":118}},"line":7},"7":{"name":"(anonymous_7)","decl":{"start":{"line":11,"column":56},"end":{"line":11,"column":57}},"loc":{"start":{"line":11,"column":71},"end":{"line":13,"column":1}},"line":11},"8":{"name":"getDb","decl":{"start":{"line":18,"column":20},"end":{"line":18,"column":25}},"loc":{"start":{"line":18,"column":28},"end":{"line":29,"column":5}},"line":18},"9":{"name":"(anonymous_9)","decl":{"start":{"line":19,"column":47},"end":{"line":19,"column":48}},"loc":{"start":{"line":19,"column":60},"end":{"line":28,"column":9}},"line":19}},"branchMap":{"0":{"loc":{"start":{"line":2,"column":16},"end":{"line":10,"column":1}},"type":"binary-expr","locations":[{"start":{"line":2,"column":17},"end":{"line":2,"column":21}},{"start":{"line":2,"column":25},"end":{"line":2,"column":39}},{"start":{"line":2,"column":44},"end":{"line":10,"column":1}}],"line":2},"1":{"loc":{"start":{"line":3,"column":35},"end":{"line":3,"column":109}},"type":"cond-expr","locations":[{"start":{"line":3,"column":56},"end":{"line":3,"column":61}},{"start":{"line":3,"column":64},"end":{"line":3,"column":109}}],"line":3},"2":{"loc":{"start":{"line":4,"column":16},"end":{"line":4,"column":34}},"type":"binary-expr","locations":[{"start":{"line":4,"column":16},"end":{"line":4,"column":17}},{"start":{"line":4,"column":22},"end":{"line":4,"column":33}}],"line":4},"3":{"loc":{"start":{"line":7,"column":32},"end":{"line":7,"column":115}},"type":"cond-expr","locations":[{"start":{"line":7,"column":46},"end":{"line":7,"column":67}},{"start":{"line":7,"column":70},"end":{"line":7,"column":115}}],"line":7},"4":{"loc":{"start":{"line":8,"column":51},"end":{"line":8,"column":67}},"type":"binary-expr","locations":[{"start":{"line":8,"column":51},"end":{"line":8,"column":61}},{"start":{"line":8,"column":65},"end":{"line":8,"column":67}}],"line":8},"5":{"loc":{"start":{"line":11,"column":22},"end":{"line":13,"column":1}},"type":"binary-expr","locations":[{"start":{"line":11,"column":23},"end":{"line":11,"column":27}},{"start":{"line":11,"column":31},"end":{"line":11,"column":51}},{"start":{"line":11,"column":56},"end":{"line":13,"column":1}}],"line":11},"6":{"loc":{"start":{"line":12,"column":11},"end":{"line":12,"column":61}},"type":"cond-expr","locations":[{"start":{"line":12,"column":37},"end":{"line":12,"column":40}},{"start":{"line":12,"column":43},"end":{"line":12,"column":61}}],"line":12},"7":{"loc":{"start":{"line":12,"column":12},"end":{"line":12,"column":33}},"type":"binary-expr","locations":[{"start":{"line":12,"column":12},"end":{"line":12,"column":15}},{"start":{"line":12,"column":19},"end":{"line":12,"column":33}}],"line":12}},"s":{"0":1,"1":11,"2":0,"3":11,"4":11,"5":11,"6":0,"7":0,"8":0,"9":0,"10":22,"11":11,"12":1,"13":2,"14":1,"15":1,"16":1,"17":1,"18":11,"19":11,"20":11,"21":1},"f":{"0":11,"1":11,"2":0,"3":11,"4":11,"5":0,"6":22,"7":2,"8":11,"9":11},"b":{"0":[1,1,1],"1":[11,0],"2":[11,11],"3":[11,11],"4":[11,11],"5":[1,1,1],"6":[1,1],"7":[2,2]},"inputSourceMap":{"version":3,"file":"/app/src/db/db.ts","sources":["/app/src/db/db.ts"],"names":[],"mappings":";;;;;;;;;;;;;;AAAA,6DAAmC;AAEnC,uDAA+B;AAE/B,MAAM,QAAQ,GAAG;IAMb,KAAK,EAAE,SAAe,KAAK;;YACvB,IAAI,EAAoB,CAAC;YACzB,EAAE,GAAG,MAAM,iBAAK,CAAC,gBAAgB,CAAC;gBAC9B,IAAI,EAAE,gBAAM,CAAC,OAAO;gBACpB,IAAI,EAAE,gBAAM,CAAC,OAAO;gBACpB,QAAQ,EAAE,gBAAM,CAAC,OAAO;gBACxB,QAAQ,EAAE,gBAAM,CAAC,WAAW;aAC/B,CAAC,CAAC;YAEH,OAAO,EAAE,CAAC;QACd,CAAC;KAAA;CACJ,CAAC;AAEF,kBAAe,QAAQ,CAAC","sourcesContent":["import mysql from 'mysql2/promise';\n\nimport config from '../config';\n\nconst database = {\n    /**\n     * Main function to connect to database.\n     * @async\n     * @returns void\n     */\n    getDb: async function getDb() {\n        let db: mysql.Connection;\n        db = await mysql.createConnection({\n            host: config.DB_HOST,\n            user: config.DB_USER,\n            database: config.DB_NAME,\n            password: config.DB_PASSWORD,\n        });\n        // console.log('Db', db);\n        return db;\n    },\n};\n\nexport default database;\n"]},"_coverageSchema":"1a1c01bbd47fc00a2c39e90264f33305004495a9","hash":"0f898c0c3b3cf60866a08398667fdc1157b7eb0f","contentHash":"314d0ddcbf672f2aad393b5709ddae4a9710c524ea8ed04671c57f33c99a6ee3"},"/app/src/config.ts":{"path":"/app/src/config.ts","statementMap":{"0":{"start":{"line":2,"column":22},"end":{"line":4,"column":1}},"1":{"start":{"line":3,"column":4},"end":{"line":3,"column":62}},"2":{"start":{"line":5,"column":0},"end":{"line":5,"column":62}},"3":{"start":{"line":6,"column":15},"end":{"line":6,"column":47}},"4":{"start":{"line":7,"column":17},"end":{"line":7,"column":51}},"5":{"start":{"line":8,"column":0},"end":{"line":8,"column":80}},"6":{"start":{"line":9,"column":18},"end":{"line":17,"column":1}},"7":{"start":{"line":10,"column":4},"end":{"line":16,"column":6}},"8":{"start":{"line":18,"column":26},"end":{"line":25,"column":1}},"9":{"start":{"line":19,"column":4},"end":{"line":23,"column":5}},"10":{"start":{"line":20,"column":8},"end":{"line":22,"column":9}},"11":{"start":{"line":21,"column":12},"end":{"line":21,"column":64}},"12":{"start":{"line":24,"column":4},"end":{"line":24,"column":18}},"13":{"start":{"line":26,"column":15},"end":{"line":26,"column":26}},"14":{"start":{"line":27,"column":24},"end":{"line":27,"column":49}},"15":{"start":{"line":28,"column":0},"end":{"line":28,"column":34}}},"fnMap":{"0":{"name":"(anonymous_0)","decl":{"start":{"line":2,"column":56},"end":{"line":2,"column":57}},"loc":{"start":{"line":2,"column":71},"end":{"line":4,"column":1}},"line":2},"1":{"name":"(anonymous_1)","decl":{"start":{"line":9,"column":18},"end":{"line":9,"column":19}},"loc":{"start":{"line":9,"column":24},"end":{"line":17,"column":1}},"line":9},"2":{"name":"(anonymous_2)","decl":{"start":{"line":18,"column":26},"end":{"line":18,"column":27}},"loc":{"start":{"line":18,"column":38},"end":{"line":25,"column":1}},"line":18}},"branchMap":{"0":{"loc":{"start":{"line":2,"column":22},"end":{"line":4,"column":1}},"type":"binary-expr","locations":[{"start":{"line":2,"column":23},"end":{"line":2,"column":27}},{"start":{"line":2,"column":31},"end":{"line":2,"column":51}},{"start":{"line":2,"column":56},"end":{"line":4,"column":1}}],"line":2},"1":{"loc":{"start":{"line":3,"column":11},"end":{"line":3,"column":61}},"type":"cond-expr","locations":[{"start":{"line":3,"column":37},"end":{"line":3,"column":40}},{"start":{"line":3,"column":43},"end":{"line":3,"column":61}}],"line":3},"2":{"loc":{"start":{"line":3,"column":12},"end":{"line":3,"column":33}},"type":"binary-expr","locations":[{"start":{"line":3,"column":12},"end":{"line":3,"column":15}},{"start":{"line":3,"column":19},"end":{"line":3,"column":33}}],"line":3},"3":{"loc":{"start":{"line":20,"column":8},"end":{"line":22,"column":9}},"type":"if","locations":[{"start":{"line":20,"column":8},"end":{"line":22,"column":9}},{"start":{"line":20,"column":8},"end":{"line":22,"column":9}}],"line":20}},"s":{"0":1,"1":2,"2":1,"3":1,"4":1,"5":1,"6":1,"7":1,"8":1,"9":1,"10":5,"11":0,"12":1,"13":1,"14":1,"15":1},"f":{"0":2,"1":1,"2":1},"b":{"0":[1,1,1],"1":[0,2],"2":[2,2],"3":[0,5]},"inputSourceMap":{"version":3,"file":"/app/src/config.ts","sources":["/app/src/config.ts"],"names":[],"mappings":";;;;;AAAA,gDAAwB;AACxB,oDAA4B;AAG5B,gBAAM,CAAC,MAAM,CAAC,EAAE,IAAI,EAAE,cAAI,CAAC,OAAO,CAAC,UAAU,EAAE,QAAQ,CAAC,EAAE,CAAC,CAAC;AAwB5D,MAAM,SAAS,GAAG,GAAQ,EAAE;IACxB,OAAO;QACH,OAAO,EAAE,OAAO,CAAC,GAAG,CAAC,OAAO;QAC5B,WAAW,EAAE,OAAO,CAAC,GAAG,CAAC,WAAW;QACpC,OAAO,EAAE,OAAO,CAAC,GAAG,CAAC,OAAO;QAC5B,OAAO,EAAE,MAAM,CAAC,OAAO,CAAC,GAAG,CAAC,IAAI,CAAC;QACjC,OAAO,EAAE,OAAO,CAAC,GAAG,CAAC,OAAO;KAC/B,CAAC;AACN,CAAC,CAAC;AAQF,MAAM,iBAAiB,GAAG,CAAC,MAAW,EAAU,EAAE;IAC9C,KAAK,MAAM,CAAC,GAAG,EAAE,KAAK,CAAC,IAAI,MAAM,CAAC,OAAO,CAAC,MAAM,CAAC,EAAE;QAC/C,IAAI,KAAK,KAAK,SAAS,EAAE;YACrB,MAAM,IAAI,KAAK,CAAC,eAAe,GAAG,gBAAgB,CAAC,CAAC;SACvD;KACJ;IACD,OAAO,MAAgB,CAAC;AAC5B,CAAC,CAAC;AAEF,MAAM,MAAM,GAAG,SAAS,EAAE,CAAC;AAE3B,MAAM,eAAe,GAAG,iBAAiB,CAAC,MAAM,CAAC,CAAC;AAElD,kBAAe,eAAe,CAAC","sourcesContent":["import path from 'path';\nimport dotenv from 'dotenv';\n\n// Parsing the env file.\ndotenv.config({ path: path.resolve(__filename, './.env') });\n\n// Interface to load env variables\n// Note these variables can possibly be undefined\n// as someone could skip these varibales or not setup a .env file at all\n\ninterface ENV {\n    DB_USER: string | undefined;\n    DB_PASSWORD: string | undefined;\n    DB_NAME: string | undefined;\n    DB_PORT: number | undefined;\n    DB_HOST: string | undefined;\n}\n\ninterface Config {\n    DB_USER: string;\n    DB_PASSWORD: string;\n    DB_NAME: string;\n    DB_PORT: number;\n    DB_HOST: string;\n}\n\n// Loading process.env as ENV interface\n\nconst getConfig = (): ENV => {\n    return {\n        DB_USER: process.env.DB_USER,\n        DB_PASSWORD: process.env.DB_PASSWORD,\n        DB_NAME: process.env.DB_NAME,\n        DB_PORT: Number(process.env.PORT),\n        DB_HOST: process.env.DB_HOST,\n    };\n};\n\n// Throwing an Error if any field was undefined we don't\n// want our app to run if it can't connect to DB and ensure\n// that these fields are accessible. If all is good return\n// it as Config which just removes the undefined from our type\n// definition.\n\nconst getSanitzedConfig = (config: ENV): Config => {\n    for (const [key, value] of Object.entries(config)) {\n        if (value === undefined) {\n            throw new Error(`Missing key ${key} in config.env`);\n        }\n    }\n    return config as Config;\n};\n\nconst config = getConfig();\n\nconst sanitizedConfig = getSanitzedConfig(config);\n\nexport default sanitizedConfig;\n"]},"_coverageSchema":"1a1c01bbd47fc00a2c39e90264f33305004495a9","hash":"ee3a045c183180a9c9dba9a26a3f306ad26c259d","contentHash":"145104ae464d3f653e30c0c53b710367833a7167de191da626a0947ff462c7ea"},"/app/src/models/apiKeys.ts":{"path":"/app/src/models/apiKeys.ts","statementMap":{"0":{"start":{"line":2,"column":16},"end":{"line":10,"column":1}},"1":{"start":{"line":3,"column":28},"end":{"line":3,"column":110}},"2":{"start":{"line":3,"column":91},"end":{"line":3,"column":106}},"3":{"start":{"line":4,"column":4},"end":{"line":9,"column":7}},"4":{"start":{"line":5,"column":36},"end":{"line":5,"column":97}},"5":{"start":{"line":5,"column":42},"end":{"line":5,"column":70}},"6":{"start":{"line":5,"column":85},"end":{"line":5,"column":95}},"7":{"start":{"line":6,"column":35},"end":{"line":6,"column":100}},"8":{"start":{"line":6,"column":41},"end":{"line":6,"column":73}},"9":{"start":{"line":6,"column":88},"end":{"line":6,"column":98}},"10":{"start":{"line":7,"column":32},"end":{"line":7,"column":116}},"11":{"start":{"line":8,"column":8},"end":{"line":8,"column":78}},"12":{"start":{"line":11,"column":22},"end":{"line":13,"column":1}},"13":{"start":{"line":12,"column":4},"end":{"line":12,"column":62}},"14":{"start":{"line":14,"column":0},"end":{"line":14,"column":62}},"15":{"start":{"line":15,"column":15},"end":{"line":15,"column":30}},"16":{"start":{"line":16,"column":23},"end":{"line":16,"column":60}},"17":{"start":{"line":17,"column":13},"end":{"line":17,"column":49}},"18":{"start":{"line":18,"column":20},"end":{"line":106,"column":1}},"19":{"start":{"line":20,"column":8},"end":{"line":30,"column":11}},"20":{"start":{"line":21,"column":12},"end":{"line":23,"column":13}},"21":{"start":{"line":22,"column":16},"end":{"line":22,"column":30}},"22":{"start":{"line":24,"column":27},"end":{"line":24,"column":41}},"23":{"start":{"line":25,"column":28},"end":{"line":25,"column":76}},"24":{"start":{"line":26,"column":12},"end":{"line":28,"column":13}},"25":{"start":{"line":27,"column":16},"end":{"line":27,"column":30}},"26":{"start":{"line":29,"column":12},"end":{"line":29,"column":83}},"27":{"start":{"line":33,"column":8},"end":{"line":49,"column":11}},"28":{"start":{"line":34,"column":23},"end":{"line":34,"column":49}},"29":{"start":{"line":35,"column":12},"end":{"line":48,"column":13}},"30":{"start":{"line":36,"column":28},"end":{"line":36,"column":52}},"31":{"start":{"line":37,"column":30},"end":{"line":37,"column":59}},"32":{"start":{"line":38,"column":16},"end":{"line":40,"column":17}},"33":{"start":{"line":39,"column":20},"end":{"line":39,"column":103}},"34":{"start":{"line":41,"column":16},"end":{"line":41,"column":35}},"35":{"start":{"line":44,"column":16},"end":{"line":44,"column":28}},"36":{"start":{"line":47,"column":16},"end":{"line":47,"column":31}},"37":{"start":{"line":52,"column":8},"end":{"line":65,"column":11}},"38":{"start":{"line":53,"column":23},"end":{"line":53,"column":49}},"39":{"start":{"line":54,"column":12},"end":{"line":64,"column":13}},"40":{"start":{"line":55,"column":28},"end":{"line":55,"column":51}},"41":{"start":{"line":56,"column":30},"end":{"line":56,"column":49}},"42":{"start":{"line":57,"column":16},"end":{"line":57,"column":82}},"43":{"start":{"line":60,"column":16},"end":{"line":60,"column":28}},"44":{"start":{"line":63,"column":16},"end":{"line":63,"column":31}},"45":{"start":{"line":68,"column":8},"end":{"line":88,"column":11}},"46":{"start":{"line":69,"column":23},"end":{"line":69,"column":49}},"47":{"start":{"line":70,"column":27},"end":{"line":70,"column":43}},"48":{"start":{"line":71,"column":12},"end":{"line":87,"column":13}},"49":{"start":{"line":72,"column":28},"end":{"line":72,"column":54}},"50":{"start":{"line":73,"column":30},"end":{"line":77,"column":18}},"51":{"start":{"line":78,"column":16},"end":{"line":80,"column":109}},"52":{"start":{"line":83,"column":16},"end":{"line":83,"column":28}},"53":{"start":{"line":86,"column":16},"end":{"line":86,"column":31}},"54":{"start":{"line":91,"column":8},"end":{"line":104,"column":11}},"55":{"start":{"line":92,"column":23},"end":{"line":92,"column":49}},"56":{"start":{"line":93,"column":12},"end":{"line":103,"column":13}},"57":{"start":{"line":94,"column":28},"end":{"line":94,"column":54}},"58":{"start":{"line":95,"column":30},"end":{"line":95,"column":55}},"59":{"start":{"line":96,"column":16},"end":{"line":96,"column":106}},"60":{"start":{"line":99,"column":16},"end":{"line":99,"column":28}},"61":{"start":{"line":102,"column":16},"end":{"line":102,"column":31}},"62":{"start":{"line":107,"column":0},"end":{"line":107,"column":30}}},"fnMap":{"0":{"name":"(anonymous_0)","decl":{"start":{"line":2,"column":44},"end":{"line":2,"column":45}},"loc":{"start":{"line":2,"column":89},"end":{"line":10,"column":1}},"line":2},"1":{"name":"adopt","decl":{"start":{"line":3,"column":13},"end":{"line":3,"column":18}},"loc":{"start":{"line":3,"column":26},"end":{"line":3,"column":112}},"line":3},"2":{"name":"(anonymous_2)","decl":{"start":{"line":3,"column":70},"end":{"line":3,"column":71}},"loc":{"start":{"line":3,"column":89},"end":{"line":3,"column":108}},"line":3},"3":{"name":"(anonymous_3)","decl":{"start":{"line":4,"column":36},"end":{"line":4,"column":37}},"loc":{"start":{"line":4,"column":63},"end":{"line":9,"column":5}},"line":4},"4":{"name":"fulfilled","decl":{"start":{"line":5,"column":17},"end":{"line":5,"column":26}},"loc":{"start":{"line":5,"column":34},"end":{"line":5,"column":99}},"line":5},"5":{"name":"rejected","decl":{"start":{"line":6,"column":17},"end":{"line":6,"column":25}},"loc":{"start":{"line":6,"column":33},"end":{"line":6,"column":102}},"line":6},"6":{"name":"step","decl":{"start":{"line":7,"column":17},"end":{"line":7,"column":21}},"loc":{"start":{"line":7,"column":30},"end":{"line":7,"column":118}},"line":7},"7":{"name":"(anonymous_7)","decl":{"start":{"line":11,"column":56},"end":{"line":11,"column":57}},"loc":{"start":{"line":11,"column":71},"end":{"line":13,"column":1}},"line":11},"8":{"name":"checkAPIKey","decl":{"start":{"line":19,"column":26},"end":{"line":19,"column":37}},"loc":{"start":{"line":19,"column":54},"end":{"line":31,"column":5}},"line":19},"9":{"name":"(anonymous_9)","decl":{"start":{"line":20,"column":47},"end":{"line":20,"column":48}},"loc":{"start":{"line":20,"column":60},"end":{"line":30,"column":9}},"line":20},"10":{"name":"getKeyByKey","decl":{"start":{"line":32,"column":26},"end":{"line":32,"column":37}},"loc":{"start":{"line":32,"column":57},"end":{"line":50,"column":5}},"line":32},"11":{"name":"(anonymous_11)","decl":{"start":{"line":33,"column":47},"end":{"line":33,"column":48}},"loc":{"start":{"line":33,"column":60},"end":{"line":49,"column":9}},"line":33},"12":{"name":"getKeyOwners","decl":{"start":{"line":51,"column":27},"end":{"line":51,"column":39}},"loc":{"start":{"line":51,"column":51},"end":{"line":66,"column":5}},"line":51},"13":{"name":"(anonymous_13)","decl":{"start":{"line":52,"column":47},"end":{"line":52,"column":48}},"loc":{"start":{"line":52,"column":60},"end":{"line":65,"column":9}},"line":52},"14":{"name":"createOneApiKey","decl":{"start":{"line":67,"column":30},"end":{"line":67,"column":45}},"loc":{"start":{"line":67,"column":69},"end":{"line":89,"column":5}},"line":67},"15":{"name":"(anonymous_15)","decl":{"start":{"line":68,"column":47},"end":{"line":68,"column":48}},"loc":{"start":{"line":68,"column":60},"end":{"line":88,"column":9}},"line":68},"16":{"name":"deleteKeyByid","decl":{"start":{"line":90,"column":28},"end":{"line":90,"column":41}},"loc":{"start":{"line":90,"column":57},"end":{"line":105,"column":5}},"line":90},"17":{"name":"(anonymous_17)","decl":{"start":{"line":91,"column":47},"end":{"line":91,"column":48}},"loc":{"start":{"line":91,"column":60},"end":{"line":104,"column":9}},"line":91}},"branchMap":{"0":{"loc":{"start":{"line":2,"column":16},"end":{"line":10,"column":1}},"type":"binary-expr","locations":[{"start":{"line":2,"column":17},"end":{"line":2,"column":21}},{"start":{"line":2,"column":25},"end":{"line":2,"column":39}},{"start":{"line":2,"column":44},"end":{"line":10,"column":1}}],"line":2},"1":{"loc":{"start":{"line":3,"column":35},"end":{"line":3,"column":109}},"type":"cond-expr","locations":[{"start":{"line":3,"column":56},"end":{"line":3,"column":61}},{"start":{"line":3,"column":64},"end":{"line":3,"column":109}}],"line":3},"2":{"loc":{"start":{"line":4,"column":16},"end":{"line":4,"column":34}},"type":"binary-expr","locations":[{"start":{"line":4,"column":16},"end":{"line":4,"column":17}},{"start":{"line":4,"column":22},"end":{"line":4,"column":33}}],"line":4},"3":{"loc":{"start":{"line":7,"column":32},"end":{"line":7,"column":115}},"type":"cond-expr","locations":[{"start":{"line":7,"column":46},"end":{"line":7,"column":67}},{"start":{"line":7,"column":70},"end":{"line":7,"column":115}}],"line":7},"4":{"loc":{"start":{"line":8,"column":51},"end":{"line":8,"column":67}},"type":"binary-expr","locations":[{"start":{"line":8,"column":51},"end":{"line":8,"column":61}},{"start":{"line":8,"column":65},"end":{"line":8,"column":67}}],"line":8},"5":{"loc":{"start":{"line":11,"column":22},"end":{"line":13,"column":1}},"type":"binary-expr","locations":[{"start":{"line":11,"column":23},"end":{"line":11,"column":27}},{"start":{"line":11,"column":31},"end":{"line":11,"column":51}},{"start":{"line":11,"column":56},"end":{"line":13,"column":1}}],"line":11},"6":{"loc":{"start":{"line":12,"column":11},"end":{"line":12,"column":61}},"type":"cond-expr","locations":[{"start":{"line":12,"column":37},"end":{"line":12,"column":40}},{"start":{"line":12,"column":43},"end":{"line":12,"column":61}}],"line":12},"7":{"loc":{"start":{"line":12,"column":12},"end":{"line":12,"column":33}},"type":"binary-expr","locations":[{"start":{"line":12,"column":12},"end":{"line":12,"column":15}},{"start":{"line":12,"column":19},"end":{"line":12,"column":33}}],"line":12},"8":{"loc":{"start":{"line":21,"column":12},"end":{"line":23,"column":13}},"type":"if","locations":[{"start":{"line":21,"column":12},"end":{"line":23,"column":13}},{"start":{"line":21,"column":12},"end":{"line":23,"column":13}}],"line":21},"9":{"loc":{"start":{"line":26,"column":12},"end":{"line":28,"column":13}},"type":"if","locations":[{"start":{"line":26,"column":12},"end":{"line":28,"column":13}},{"start":{"line":26,"column":12},"end":{"line":28,"column":13}}],"line":26},"10":{"loc":{"start":{"line":26,"column":16},"end":{"line":26,"column":75}},"type":"binary-expr","locations":[{"start":{"line":26,"column":16},"end":{"line":26,"column":37}},{"start":{"line":26,"column":41},"end":{"line":26,"column":75}}],"line":26},"11":{"loc":{"start":{"line":38,"column":16},"end":{"line":40,"column":17}},"type":"if","locations":[{"start":{"line":38,"column":16},"end":{"line":40,"column":17}},{"start":{"line":38,"column":16},"end":{"line":40,"column":17}}],"line":38}},"s":{"0":1,"1":3,"2":0,"3":1,"4":3,"5":3,"6":0,"7":0,"8":0,"9":0,"10":4,"11":1,"12":1,"13":1,"14":1,"15":1,"16":1,"17":1,"18":1,"19":0,"20":0,"21":0,"22":0,"23":0,"24":0,"25":0,"26":0,"27":0,"28":0,"29":0,"30":0,"31":0,"32":0,"33":0,"34":0,"35":0,"36":0,"37":0,"38":0,"39":0,"40":0,"41":0,"42":0,"43":0,"44":0,"45":1,"46":1,"47":1,"48":1,"49":1,"50":1,"51":1,"52":0,"53":1,"54":0,"55":0,"56":0,"57":0,"58":0,"59":0,"60":0,"61":0,"62":1},"f":{"0":1,"1":3,"2":0,"3":1,"4":3,"5":0,"6":4,"7":1,"8":0,"9":0,"10":0,"11":0,"12":0,"13":0,"14":1,"15":1,"16":0,"17":0},"b":{"0":[1,1,1],"1":[3,0],"2":[1,1],"3":[1,3],"4":[1,1],"5":[1,1,1],"6":[1,0],"7":[1,1],"8":[0,0],"9":[0,0],"10":[0,0],"11":[0,0]},"inputSourceMap":{"version":3,"file":"/app/src/models/apiKeys.ts","sources":["/app/src/models/apiKeys.ts"],"names":[],"mappings":";;;;;;;;;;;;;;AAEA,+BAAkC;AAElC,6DAAyD;AACzD,kDAAgC;AAEhC,MAAM,WAAW,GAAG;IAOhB,WAAW,EAAE,SAAe,WAAW,CAAC,GAAY,EAAE,GAAa,EAAE,IAAkB;;YACnF,IAAI,GAAG,CAAC,IAAI,KAAK,SAAS,EAAE;gBACxB,OAAO,IAAI,EAAE,CAAC;aACjB;YAED,MAAM,MAAM,GAAQ,GAAG,CAAC,GAAG,CAAC,KAAK,CAAC,CAAC;YAEnC,MAAM,OAAO,GAAQ,MAAM,WAAW,CAAC,WAAW,CAAC,MAAM,EAAE,GAAG,EAAE,IAAI,CAAC,CAAC;YACtE,IAAI,OAAO,KAAK,SAAS,IAAI,OAAO,CAAC,CAAC,CAAC,CAAC,cAAc,CAAC,OAAO,CAAC,EAAE;gBAC7D,OAAO,IAAI,EAAE,CAAC;aACjB;YAED,OAAO,IAAI,CAAC,IAAI,0BAAW,CAAC,KAAK,EAAE,kBAAkB,CAAC,CAAC,CAAC;QAC5D,CAAC;KAAA;IAMD,WAAW,EAAE,SAAe,WAAW,CAAC,MAAc,EAAE,GAAa,EAAE,IAAkB;;YACrF,MAAM,EAAE,GAAG,MAAM,YAAQ,CAAC,KAAK,EAAE,CAAC;YAElC,IAAI;gBACA,MAAM,GAAG,GAAG,wBAAwB,CAAC;gBAErC,MAAM,KAAK,GAAqC,MAAM,EAAE,CAAC,KAAK,CAAC,GAAG,EAAE,CAAC,MAAM,CAAC,CAAC,CAAC;gBAE9E,IAAI,KAAK,CAAC,CAAC,CAAC,CAAC,CAAC,CAAC,CAAC,MAAM,IAAI,CAAC,EAAE;oBACzB,OAAO,IAAI,CAAC,IAAI,0BAAW,CAAC,KAAK,EAAE,8BAA8B,CAAC,CAAC,CAAC;iBACvE;gBACD,OAAO,KAAK,CAAC,CAAC,CAAC,CAAC,CAAC,CAAC,CAAC;aAEtB;YAAC,OAAO,KAAU,EAAE;gBACjB,IAAI,CAAC,KAAK,CAAC,CAAC;aACf;oBAAS;gBACN,MAAM,EAAE,CAAC,GAAG,EAAE,CAAC;aAClB;QACL,CAAC;KAAA;IAMD,YAAY,EAAE,SAAe,YAAY,CAAC,GAAa,EAAE,IAAkB;;YACvE,MAAM,EAAE,GAAG,MAAM,YAAQ,CAAC,KAAK,EAAE,CAAC;YAClC,IAAI;gBACA,MAAM,GAAG,GAAG,uBAAuB,CAAC;gBAEpC,MAAM,KAAK,GAAqC,MAAM,EAAE,CAAC,KAAK,CAAC,GAAG,CAAC,CAAC;gBAEpE,OAAO,GAAG,CAAC,MAAM,CAAC,GAAG,CAAC,CAAC,IAAI,CAAC,EAAE,OAAO,EAAE,IAAI,EAAE,IAAI,EAAE,KAAK,CAAC,CAAC,CAAC,CAAC,CAAC,CAAC,EAAE,CAAC,CAAC;aACrE;YAAC,OAAO,KAAU,EAAE;gBACjB,IAAI,CAAC,KAAK,CAAC,CAAC;aACf;oBAAS;gBACN,MAAM,EAAE,CAAC,GAAG,EAAE,CAAC;aAClB;QACL,CAAC;KAAA;IAMD,eAAe,EAAE,SAAe,eAAe,CAAC,UAAe,EAAE,GAAa,EAAE,IAAkB;;YAC9F,MAAM,EAAE,GAAG,MAAM,YAAQ,CAAC,KAAK,EAAE,CAAC;YAElC,MAAM,MAAM,GAAG,IAAA,SAAI,GAAE,CAAC;YAEtB,IAAI;gBACA,MAAM,GAAG,GAAG,0BAA0B,CAAC;gBACvC,MAAM,KAAK,GAAqC,MAAM,EAAE,CAAC,KAAK,CAAC,GAAG,EAAE;oBAChE,UAAU,CAAC,WAAW;oBACtB,UAAU,CAAC,YAAY;oBACvB,MAAM;iBACT,CAAC,CAAC;gBACH,OAAO,GAAG;qBACL,MAAM,CAAC,GAAG,CAAC;qBACX,IAAI,CAAC,EAAE,OAAO,EAAE,IAAI,EAAE,GAAG,EAAE,mBAAmB,MAAM,QAAQ,UAAU,CAAC,WAAW,EAAE,EAAE,CAAC,CAAC;aAChG;YAAC,OAAO,KAAU,EAAE;gBACjB,IAAI,CAAC,KAAK,CAAC,CAAC;aACf;oBAAS;gBACN,MAAM,EAAE,CAAC,GAAG,EAAE,CAAC;aAClB;QACL,CAAC;KAAA;IAMD,aAAa,EAAE,SAAe,aAAa,CAAC,EAAU,EAAE,GAAa,EAAE,IAAkB;;YACrF,MAAM,EAAE,GAAG,MAAM,YAAQ,CAAC,KAAK,EAAE,CAAC;YAClC,IAAI;gBACA,MAAM,GAAG,GAAG,0BAA0B,CAAC;gBAEvC,MAAM,KAAK,GAAqC,MAAM,EAAE,CAAC,KAAK,CAAC,GAAG,EAAE,CAAC,EAAE,CAAC,CAAC,CAAC;gBAE1E,OAAO,GAAG,CAAC,MAAM,CAAC,GAAG,CAAC,CAAC,IAAI,CAAC,EAAE,OAAO,EAAE,IAAI,EAAE,GAAG,EAAE,eAAe,EAAE,mBAAmB,EAAE,CAAC,CAAC;aAC7F;YAAC,OAAO,KAAU,EAAE;gBACjB,IAAI,CAAC,KAAK,CAAC,CAAC;aACf;oBAAS;gBACN,MAAM,EAAE,CAAC,GAAG,EAAE,CAAC;aAClB;QACL,CAAC;KAAA;CACJ,CAAC;AAEF,kBAAe,WAAW,CAAC","sourcesContent":["import { FieldPacket, RowDataPacket } from 'mysql2/promise';\nimport { Request, Response, NextFunction } from 'express';\nimport { v4 as uuid } from 'uuid';\n\nimport { CustomError } from '../middleware/errorHandler';\nimport database from '../db/db';\n\nconst apiKeyModel = {\n    /**\n     *\n     * Function to that an APIKey is valid\n     * @async\n     * @returns {RowDataPacket} Resultset from the query.\n     */\n    checkAPIKey: async function checkAPIKey(req: Request, res: Response, next: NextFunction) {\n        if (req.path === '/apiKey') {\n            return next();\n        }\n\n        const apiKey: any = req.get('key');\n\n        const keyInDb: any = await apiKeyModel.getKeyByKey(apiKey, res, next);\n        if (keyInDb !== undefined && keyInDb[0].hasOwnProperty('Email')) {\n            return next();\n        }\n\n        return next(new CustomError(false, 'No valid API Key'));\n    },\n    /**\n     * Function to get a key with a key\n     * @async\n     * @returns {RowDataPacket} Resultset from the query.\n     */\n    getKeyByKey: async function getKeyByKey(apiKey: string, res: Response, next: NextFunction) {\n        const db = await database.getDb();\n\n        try {\n            const sql = `CALL get_key_by_key(?)`;\n\n            const dbRes: [RowDataPacket[], FieldPacket[]] = await db.query(sql, [apiKey]);\n\n            if (dbRes[0][0].length == 0) {\n                return next(new CustomError(false, 'No valid API Key in database'));\n            }\n            return dbRes[0][0];\n            // return res.status(200).send({ success: true, data: dbRes[0][0] });\n        } catch (error: any) {\n            next(error);\n        } finally {\n            await db.end();\n        }\n    },\n    /**\n     * Function to owner data\n     * @async\n     * @returns {RowDataPacket} Resultset from the query.\n     */\n    getKeyOwners: async function getKeyOwners(res: Response, next: NextFunction) {\n        const db = await database.getDb();\n        try {\n            const sql = `CALL get_key_owners()`;\n\n            const dbRes: [RowDataPacket[], FieldPacket[]] = await db.query(sql);\n\n            return res.status(200).send({ success: true, data: dbRes[0][0] });\n        } catch (error: any) {\n            next(error);\n        } finally {\n            await db.end();\n        }\n    },\n    /**\n     * Function to generate a key for a user\n     * @async\n     * @returns {RowDataPacket} Resultset from the query.\n     */\n    createOneApiKey: async function createOneApiKey(apiKeyInfo: any, res: Response, next: NextFunction) {\n        const db = await database.getDb();\n\n        const apiKey = uuid();\n\n        try {\n            const sql = `CALL create_key(?, ?, ?)`;\n            const dbRes: [RowDataPacket[], FieldPacket[]] = await db.query(sql, [\n                apiKeyInfo.emailAdress,\n                apiKeyInfo.organization,\n                apiKey,\n            ]);\n            return res\n                .status(200)\n                .send({ success: true, msg: `Api key created ${apiKey} for ${apiKeyInfo.emailAdress}` });\n        } catch (error: any) {\n            next(error);\n        } finally {\n            await db.end();\n        }\n    },\n    /**\n     * Function to get a key with a key\n     * @async\n     * @returns {RowDataPacket} Resultset from the query.\n     */\n    deleteKeyById: async function deleteKeyByid(id: string, res: Response, next: NextFunction) {\n        const db = await database.getDb();\n        try {\n            const sql = `CALL delete_key_by_id(?)`;\n\n            const dbRes: [RowDataPacket[], FieldPacket[]] = await db.query(sql, [id]);\n\n            return res.status(200).send({ success: true, msg: `Key with id ${id} has been deleted` });\n        } catch (error: any) {\n            next(error);\n        } finally {\n            await db.end();\n        }\n    },\n};\n\nexport default apiKeyModel;\n"]},"_coverageSchema":"1a1c01bbd47fc00a2c39e90264f33305004495a9","hash":"667e08d1ed0fd61ddb1baf7144b4fbd967ef77ae","contentHash":"eeba955fd632c7799c5cbc106005b590c8f2b55da00ff8eb70ba8ac6bc5d1a76"},"/app/src/middleware/errorHandler.ts":{"path":"/app/src/middleware/errorHandler.ts","statementMap":{"0":{"start":{"line":2,"column":0},"end":{"line":2,"column":62}},"1":{"start":{"line":3,"column":0},"end":{"line":3,"column":81}},"2":{"start":{"line":6,"column":8},"end":{"line":6,"column":19}},"3":{"start":{"line":7,"column":8},"end":{"line":7,"column":31}},"4":{"start":{"line":8,"column":8},"end":{"line":8,"column":23}},"5":{"start":{"line":11,"column":0},"end":{"line":11,"column":34}},"6":{"start":{"line":13,"column":4},"end":{"line":15,"column":5}},"7":{"start":{"line":14,"column":8},"end":{"line":14,"column":47}},"8":{"start":{"line":16,"column":4},"end":{"line":16,"column":65}},"9":{"start":{"line":18,"column":0},"end":{"line":18,"column":36}},"10":{"start":{"line":20,"column":4},"end":{"line":20,"column":63}},"11":{"start":{"line":22,"column":0},"end":{"line":22,"column":48}}},"fnMap":{"0":{"name":"(anonymous_0)","decl":{"start":{"line":5,"column":4},"end":{"line":5,"column":5}},"loc":{"start":{"line":5,"column":30},"end":{"line":9,"column":5}},"line":5},"1":{"name":"errorHandler","decl":{"start":{"line":12,"column":9},"end":{"line":12,"column":21}},"loc":{"start":{"line":12,"column":45},"end":{"line":17,"column":1}},"line":12},"2":{"name":"invalidPathHandler","decl":{"start":{"line":19,"column":9},"end":{"line":19,"column":27}},"loc":{"start":{"line":19,"column":45},"end":{"line":21,"column":1}},"line":19}},"branchMap":{"0":{"loc":{"start":{"line":13,"column":4},"end":{"line":15,"column":5}},"type":"if","locations":[{"start":{"line":13,"column":4},"end":{"line":15,"column":5}},{"start":{"line":13,"column":4},"end":{"line":15,"column":5}}],"line":13}},"s":{"0":1,"1":1,"2":0,"3":0,"4":0,"5":1,"6":0,"7":0,"8":0,"9":1,"10":0,"11":1},"f":{"0":0,"1":0,"2":0},"b":{"0":[0,0]},"inputSourceMap":{"version":3,"file":"/app/src/middleware/errorHandler.ts","sources":["/app/src/middleware/errorHandler.ts"],"names":[],"mappings":";;;AAMA,MAAa,WAAY,SAAQ,KAAK;IAIlC,YAAY,OAAgB,EAAE,GAAW;QACrC,KAAK,CAAC,GAAG,CAAC,CAAC;QACX,IAAI,CAAC,OAAO,GAAG,OAAO,CAAC;QACvB,IAAI,CAAC,GAAG,GAAG,GAAG,CAAC;IACnB,CAAC;CACJ;AATD,kCASC;AAUD,SAAgB,YAAY,CAAC,KAAU,EAAE,GAAY,EAAE,GAAa,EAAE,IAAkB;IAIpF,IAAI,KAAK,YAAY,WAAW,EAAE;QAC9B,OAAO,GAAG,CAAC,MAAM,CAAC,GAAG,CAAC,CAAC,IAAI,CAAC,EAAE,KAAK,EAAE,CAAC,CAAC;KAC1C;IACD,OAAO,GAAG,CAAC,MAAM,CAAC,GAAG,CAAC,CAAC,IAAI,CAAC,EAAE,MAAM,EAAE,GAAG,EAAE,GAAG,EAAE,EAAE,KAAK,EAAE,EAAE,CAAC,CAAC;AACjE,CAAC;AARD,oCAQC;AAWD,SAAgB,kBAAkB,CAAC,GAAY,EAAE,GAAa,EAAE,KAAmB;IAC/E,GAAG,CAAC,MAAM,CAAC,GAAG,CAAC,CAAC,IAAI,CAAC,EAAE,KAAK,EAAE,IAAI,EAAE,GAAG,EAAE,cAAc,EAAE,CAAC,CAAC;AAC/D,CAAC;AAFD,gDAEC","sourcesContent":["import { Request, Response, NextFunction } from 'express';\n\n/**\n * Represents an error\n * @constructor\n */\nexport class CustomError extends Error {\n    success: boolean;\n    msg: string;\n\n    constructor(success: boolean, msg: string) {\n        super(msg);\n        this.success = success;\n        this.msg = msg;\n    }\n}\n/**\n * Error handling Middleware function for logging 500 error message\n *\n * @param {Request}  req  The incoming request.\n * @param {Response} res  The outgoing response.\n * @param {Function} next Next to call in chain of middleware.\n *\n * @returns {Promise}\n */\nexport function errorHandler(error: any, req: Request, res: Response, next: NextFunction) {\n    // console.log('ERRORHANDLER');\n    // console.log(error);\n\n    if (error instanceof CustomError) {\n        return res.status(400).json({ error });\n    }\n    return res.status(500).json({ status: 500, msg: { error } });\n}\n\n/**\n * Fallback Middleware function for returning 404 error for undefined paths\n *\n * @param {Request}  req  The incoming request.\n * @param {Response} res  The outgoing response.\n * @param {Function} next Next to call in chain of middleware.\n *\n * @returns {void}\n */\nexport function invalidPathHandler(req: Request, res: Response, _next: NextFunction): void {\n    res.status(404).send({ error: true, msg: 'invalid path' });\n}\n"]},"_coverageSchema":"1a1c01bbd47fc00a2c39e90264f33305004495a9","hash":"1d5a0cf913028b936e00768ead9d1c5460f8cd21","contentHash":"33e636c708c8432482a88ef16ad5e78da785bc6a8da276f7d5abbb17d17ec442"},"/app/src/models/bike.ts":{"path":"/app/src/models/bike.ts","statementMap":{"0":{"start":{"line":2,"column":16},"end":{"line":10,"column":1}},"1":{"start":{"line":3,"column":28},"end":{"line":3,"column":110}},"2":{"start":{"line":3,"column":91},"end":{"line":3,"column":106}},"3":{"start":{"line":4,"column":4},"end":{"line":9,"column":7}},"4":{"start":{"line":5,"column":36},"end":{"line":5,"column":97}},"5":{"start":{"line":5,"column":42},"end":{"line":5,"column":70}},"6":{"start":{"line":5,"column":85},"end":{"line":5,"column":95}},"7":{"start":{"line":6,"column":35},"end":{"line":6,"column":100}},"8":{"start":{"line":6,"column":41},"end":{"line":6,"column":73}},"9":{"start":{"line":6,"column":88},"end":{"line":6,"column":98}},"10":{"start":{"line":7,"column":32},"end":{"line":7,"column":116}},"11":{"start":{"line":8,"column":8},"end":{"line":8,"column":78}},"12":{"start":{"line":11,"column":22},"end":{"line":13,"column":1}},"13":{"start":{"line":12,"column":4},"end":{"line":12,"column":62}},"14":{"start":{"line":14,"column":0},"end":{"line":14,"column":62}},"15":{"start":{"line":15,"column":13},"end":{"line":15,"column":49}},"16":{"start":{"line":16,"column":18},"end":{"line":139,"column":1}},"17":{"start":{"line":18,"column":8},"end":{"line":31,"column":11}},"18":{"start":{"line":19,"column":23},"end":{"line":19,"column":49}},"19":{"start":{"line":20,"column":12},"end":{"line":30,"column":13}},"20":{"start":{"line":21,"column":28},"end":{"line":21,"column":47}},"21":{"start":{"line":22,"column":30},"end":{"line":22,"column":49}},"22":{"start":{"line":23,"column":16},"end":{"line":23,"column":82}},"23":{"start":{"line":26,"column":16},"end":{"line":26,"column":28}},"24":{"start":{"line":29,"column":16},"end":{"line":29,"column":31}},"25":{"start":{"line":34,"column":8},"end":{"line":51,"column":11}},"26":{"start":{"line":35,"column":23},"end":{"line":35,"column":49}},"27":{"start":{"line":36,"column":12},"end":{"line":50,"column":13}},"28":{"start":{"line":37,"column":28},"end":{"line":37,"column":61}},"29":{"start":{"line":38,"column":30},"end":{"line":42,"column":18}},"30":{"start":{"line":43,"column":16},"end":{"line":43,"column":75}},"31":{"start":{"line":46,"column":16},"end":{"line":46,"column":28}},"32":{"start":{"line":49,"column":16},"end":{"line":49,"column":31}},"33":{"start":{"line":54,"column":8},"end":{"line":67,"column":11}},"34":{"start":{"line":55,"column":23},"end":{"line":55,"column":49}},"35":{"start":{"line":56,"column":12},"end":{"line":66,"column":13}},"36":{"start":{"line":57,"column":28},"end":{"line":57,"column":64}},"37":{"start":{"line":58,"column":30},"end":{"line":58,"column":49}},"38":{"start":{"line":59,"column":16},"end":{"line":59,"column":75}},"39":{"start":{"line":62,"column":16},"end":{"line":62,"column":28}},"40":{"start":{"line":65,"column":16},"end":{"line":65,"column":31}},"41":{"start":{"line":70,"column":8},"end":{"line":83,"column":11}},"42":{"start":{"line":71,"column":23},"end":{"line":71,"column":49}},"43":{"start":{"line":72,"column":12},"end":{"line":82,"column":13}},"44":{"start":{"line":73,"column":28},"end":{"line":73,"column":68}},"45":{"start":{"line":74,"column":30},"end":{"line":74,"column":62}},"46":{"start":{"line":75,"column":16},"end":{"line":75,"column":75}},"47":{"start":{"line":78,"column":16},"end":{"line":78,"column":28}},"48":{"start":{"line":81,"column":16},"end":{"line":81,"column":31}},"49":{"start":{"line":86,"column":8},"end":{"line":99,"column":11}},"50":{"start":{"line":87,"column":23},"end":{"line":87,"column":49}},"51":{"start":{"line":88,"column":12},"end":{"line":98,"column":13}},"52":{"start":{"line":89,"column":28},"end":{"line":89,"column":46}},"53":{"start":{"line":90,"column":30},"end":{"line":90,"column":59}},"54":{"start":{"line":91,"column":16},"end":{"line":91,"column":75}},"55":{"start":{"line":94,"column":16},"end":{"line":94,"column":28}},"56":{"start":{"line":97,"column":16},"end":{"line":97,"column":31}},"57":{"start":{"line":102,"column":8},"end":{"line":115,"column":11}},"58":{"start":{"line":103,"column":23},"end":{"line":103,"column":49}},"59":{"start":{"line":104,"column":12},"end":{"line":114,"column":13}},"60":{"start":{"line":105,"column":28},"end":{"line":105,"column":55}},"61":{"start":{"line":106,"column":30},"end":{"line":106,"column":57}},"62":{"start":{"line":107,"column":16},"end":{"line":107,"column":82}},"63":{"start":{"line":110,"column":16},"end":{"line":110,"column":28}},"64":{"start":{"line":113,"column":16},"end":{"line":113,"column":31}},"65":{"start":{"line":118,"column":8},"end":{"line":137,"column":11}},"66":{"start":{"line":119,"column":23},"end":{"line":119,"column":49}},"67":{"start":{"line":120,"column":12},"end":{"line":136,"column":13}},"68":{"start":{"line":121,"column":28},"end":{"line":121,"column":61}},"69":{"start":{"line":122,"column":30},"end":{"line":128,"column":18}},"70":{"start":{"line":129,"column":16},"end":{"line":129,"column":113}},"71":{"start":{"line":132,"column":16},"end":{"line":132,"column":50}},"72":{"start":{"line":135,"column":16},"end":{"line":135,"column":31}},"73":{"start":{"line":140,"column":0},"end":{"line":140,"column":28}}},"fnMap":{"0":{"name":"(anonymous_0)","decl":{"start":{"line":2,"column":44},"end":{"line":2,"column":45}},"loc":{"start":{"line":2,"column":89},"end":{"line":10,"column":1}},"line":2},"1":{"name":"adopt","decl":{"start":{"line":3,"column":13},"end":{"line":3,"column":18}},"loc":{"start":{"line":3,"column":26},"end":{"line":3,"column":112}},"line":3},"2":{"name":"(anonymous_2)","decl":{"start":{"line":3,"column":70},"end":{"line":3,"column":71}},"loc":{"start":{"line":3,"column":89},"end":{"line":3,"column":108}},"line":3},"3":{"name":"(anonymous_3)","decl":{"start":{"line":4,"column":36},"end":{"line":4,"column":37}},"loc":{"start":{"line":4,"column":63},"end":{"line":9,"column":5}},"line":4},"4":{"name":"fulfilled","decl":{"start":{"line":5,"column":17},"end":{"line":5,"column":26}},"loc":{"start":{"line":5,"column":34},"end":{"line":5,"column":99}},"line":5},"5":{"name":"rejected","decl":{"start":{"line":6,"column":17},"end":{"line":6,"column":25}},"loc":{"start":{"line":6,"column":33},"end":{"line":6,"column":102}},"line":6},"6":{"name":"step","decl":{"start":{"line":7,"column":17},"end":{"line":7,"column":21}},"loc":{"start":{"line":7,"column":30},"end":{"line":7,"column":118}},"line":7},"7":{"name":"(anonymous_7)","decl":{"start":{"line":11,"column":56},"end":{"line":11,"column":57}},"loc":{"start":{"line":11,"column":71},"end":{"line":13,"column":1}},"line":11},"8":{"name":"showAllBikes","decl":{"start":{"line":17,"column":27},"end":{"line":17,"column":39}},"loc":{"start":{"line":17,"column":51},"end":{"line":32,"column":5}},"line":17},"9":{"name":"(anonymous_9)","decl":{"start":{"line":18,"column":47},"end":{"line":18,"column":48}},"loc":{"start":{"line":18,"column":60},"end":{"line":31,"column":9}},"line":18},"10":{"name":"getBikeRadius","decl":{"start":{"line":33,"column":28},"end":{"line":33,"column":41}},"loc":{"start":{"line":33,"column":65},"end":{"line":52,"column":5}},"line":33},"11":{"name":"(anonymous_11)","decl":{"start":{"line":34,"column":47},"end":{"line":34,"column":48}},"loc":{"start":{"line":34,"column":60},"end":{"line":51,"column":9}},"line":34},"12":{"name":"getAllChargingBikes","decl":{"start":{"line":53,"column":34},"end":{"line":53,"column":53}},"loc":{"start":{"line":53,"column":65},"end":{"line":68,"column":5}},"line":53},"13":{"name":"(anonymous_13)","decl":{"start":{"line":54,"column":47},"end":{"line":54,"column":48}},"loc":{"start":{"line":54,"column":60},"end":{"line":67,"column":9}},"line":54},"14":{"name":"getChargingBikesAtStation","decl":{"start":{"line":69,"column":40},"end":{"line":69,"column":65}},"loc":{"start":{"line":69,"column":88},"end":{"line":84,"column":5}},"line":69},"15":{"name":"(anonymous_15)","decl":{"start":{"line":70,"column":47},"end":{"line":70,"column":48}},"loc":{"start":{"line":70,"column":60},"end":{"line":83,"column":9}},"line":70},"16":{"name":"getOneBike","decl":{"start":{"line":85,"column":25},"end":{"line":85,"column":35}},"loc":{"start":{"line":85,"column":55},"end":{"line":100,"column":5}},"line":85},"17":{"name":"(anonymous_17)","decl":{"start":{"line":86,"column":47},"end":{"line":86,"column":48}},"loc":{"start":{"line":86,"column":60},"end":{"line":99,"column":9}},"line":86},"18":{"name":"getBikesByCity","decl":{"start":{"line":101,"column":29},"end":{"line":101,"column":43}},"loc":{"start":{"line":101,"column":61},"end":{"line":116,"column":5}},"line":101},"19":{"name":"(anonymous_19)","decl":{"start":{"line":102,"column":47},"end":{"line":102,"column":48}},"loc":{"start":{"line":102,"column":60},"end":{"line":115,"column":9}},"line":102},"20":{"name":"updateOneBike","decl":{"start":{"line":117,"column":28},"end":{"line":117,"column":41}},"loc":{"start":{"line":117,"column":63},"end":{"line":138,"column":5}},"line":117},"21":{"name":"(anonymous_21)","decl":{"start":{"line":118,"column":47},"end":{"line":118,"column":48}},"loc":{"start":{"line":118,"column":60},"end":{"line":137,"column":9}},"line":118}},"branchMap":{"0":{"loc":{"start":{"line":2,"column":16},"end":{"line":10,"column":1}},"type":"binary-expr","locations":[{"start":{"line":2,"column":17},"end":{"line":2,"column":21}},{"start":{"line":2,"column":25},"end":{"line":2,"column":39}},{"start":{"line":2,"column":44},"end":{"line":10,"column":1}}],"line":2},"1":{"loc":{"start":{"line":3,"column":35},"end":{"line":3,"column":109}},"type":"cond-expr","locations":[{"start":{"line":3,"column":56},"end":{"line":3,"column":61}},{"start":{"line":3,"column":64},"end":{"line":3,"column":109}}],"line":3},"2":{"loc":{"start":{"line":4,"column":16},"end":{"line":4,"column":34}},"type":"binary-expr","locations":[{"start":{"line":4,"column":16},"end":{"line":4,"column":17}},{"start":{"line":4,"column":22},"end":{"line":4,"column":33}}],"line":4},"3":{"loc":{"start":{"line":7,"column":32},"end":{"line":7,"column":115}},"type":"cond-expr","locations":[{"start":{"line":7,"column":46},"end":{"line":7,"column":67}},{"start":{"line":7,"column":70},"end":{"line":7,"column":115}}],"line":7},"4":{"loc":{"start":{"line":8,"column":51},"end":{"line":8,"column":67}},"type":"binary-expr","locations":[{"start":{"line":8,"column":51},"end":{"line":8,"column":61}},{"start":{"line":8,"column":65},"end":{"line":8,"column":67}}],"line":8},"5":{"loc":{"start":{"line":11,"column":22},"end":{"line":13,"column":1}},"type":"binary-expr","locations":[{"start":{"line":11,"column":23},"end":{"line":11,"column":27}},{"start":{"line":11,"column":31},"end":{"line":11,"column":51}},{"start":{"line":11,"column":56},"end":{"line":13,"column":1}}],"line":11},"6":{"loc":{"start":{"line":12,"column":11},"end":{"line":12,"column":61}},"type":"cond-expr","locations":[{"start":{"line":12,"column":37},"end":{"line":12,"column":40}},{"start":{"line":12,"column":43},"end":{"line":12,"column":61}}],"line":12},"7":{"loc":{"start":{"line":12,"column":12},"end":{"line":12,"column":33}},"type":"binary-expr","locations":[{"start":{"line":12,"column":12},"end":{"line":12,"column":15}},{"start":{"line":12,"column":19},"end":{"line":12,"column":33}}],"line":12}},"s":{"0":1,"1":3,"2":0,"3":1,"4":3,"5":3,"6":0,"7":0,"8":0,"9":0,"10":4,"11":1,"12":1,"13":1,"14":1,"15":1,"16":1,"17":1,"18":1,"19":1,"20":1,"21":1,"22":1,"23":0,"24":1,"25":0,"26":0,"27":0,"28":0,"29":0,"30":0,"31":0,"32":0,"33":0,"34":0,"35":0,"36":0,"37":0,"38":0,"39":0,"40":0,"41":0,"42":0,"43":0,"44":0,"45":0,"46":0,"47":0,"48":0,"49":0,"50":0,"51":0,"52":0,"53":0,"54":0,"55":0,"56":0,"57":0,"58":0,"59":0,"60":0,"61":0,"62":0,"63":0,"64":0,"65":0,"66":0,"67":0,"68":0,"69":0,"70":0,"71":0,"72":0,"73":1},"f":{"0":1,"1":3,"2":0,"3":1,"4":3,"5":0,"6":4,"7":1,"8":1,"9":1,"10":0,"11":0,"12":0,"13":0,"14":0,"15":0,"16":0,"17":0,"18":0,"19":0,"20":0,"21":0},"b":{"0":[1,1,1],"1":[3,0],"2":[1,1],"3":[1,3],"4":[1,1],"5":[1,1,1],"6":[1,0],"7":[1,1]},"inputSourceMap":{"version":3,"file":"/app/src/models/bike.ts","sources":["/app/src/models/bike.ts"],"names":[],"mappings":";;;;;;;;;;;;;;AAGA,kDAAgC;AAEhC,MAAM,SAAS,GAAG;IAMd,YAAY,EAAE,SAAe,YAAY,CAAC,GAAa,EAAE,IAAkB;;YACvE,MAAM,EAAE,GAAG,MAAM,YAAQ,CAAC,KAAK,EAAE,CAAC;YAClC,IAAI;gBACA,MAAM,GAAG,GAAG,mBAAmB,CAAC;gBAEhC,MAAM,KAAK,GAAqC,MAAM,EAAE,CAAC,KAAK,CAAC,GAAG,CAAC,CAAC;gBAEpE,OAAO,GAAG,CAAC,MAAM,CAAC,GAAG,CAAC,CAAC,IAAI,CAAC,EAAE,OAAO,EAAE,IAAI,EAAE,IAAI,EAAE,KAAK,CAAC,CAAC,CAAC,CAAC,CAAC,CAAC,EAAE,CAAC,CAAC;aACrE;YAAC,OAAO,KAAU,EAAE;gBACjB,IAAI,CAAC,KAAK,CAAC,CAAC;aACf;oBAAS;gBACN,MAAM,EAAE,CAAC,GAAG,EAAE,CAAC;aAClB;QACL,CAAC;KAAA;IAMD,aAAa,EAAE,SAAe,aAAa,CAAC,UAAe,EAAE,GAAa,EAAE,IAAkB;;YAC1F,MAAM,EAAE,GAAG,MAAM,YAAQ,CAAC,KAAK,EAAE,CAAC;YAClC,IAAI;gBACA,MAAM,GAAG,GAAG,iCAAiC,CAAC;gBAE9C,MAAM,KAAK,GAAqC,MAAM,EAAE,CAAC,KAAK,CAAC,GAAG,EAAE;oBAChE,UAAU,CAAC,QAAQ;oBACnB,UAAU,CAAC,SAAS;oBACpB,UAAU,CAAC,MAAM;iBACpB,CAAC,CAAC;gBAEH,GAAG,CAAC,MAAM,CAAC,GAAG,CAAC,CAAC,IAAI,CAAC,EAAE,OAAO,EAAE,IAAI,EAAE,IAAI,EAAE,KAAK,CAAC,CAAC,CAAC,CAAC,CAAC,CAAC,EAAE,CAAC,CAAC;aAC9D;YAAC,OAAO,KAAU,EAAE;gBACjB,IAAI,CAAC,KAAK,CAAC,CAAC;aACf;oBAAS;gBACN,MAAM,EAAE,CAAC,GAAG,EAAE,CAAC;aAClB;QACL,CAAC;KAAA;IAMD,mBAAmB,EAAE,SAAe,mBAAmB,CAAC,GAAa,EAAE,IAAkB;;YACrF,MAAM,EAAE,GAAG,MAAM,YAAQ,CAAC,KAAK,EAAE,CAAC;YAClC,IAAI;gBACA,MAAM,GAAG,GAAG,oCAAoC,CAAC;gBAEjD,MAAM,KAAK,GAAqC,MAAM,EAAE,CAAC,KAAK,CAAC,GAAG,CAAC,CAAC;gBAEpE,GAAG,CAAC,MAAM,CAAC,GAAG,CAAC,CAAC,IAAI,CAAC,EAAE,OAAO,EAAE,IAAI,EAAE,IAAI,EAAE,KAAK,CAAC,CAAC,CAAC,CAAC,CAAC,CAAC,EAAE,CAAC,CAAC;aAC9D;YAAC,OAAO,KAAU,EAAE;gBACjB,IAAI,CAAC,KAAK,CAAC,CAAC;aACf;oBAAS;gBACN,MAAM,EAAE,CAAC,GAAG,EAAE,CAAC;aAClB;QACL,CAAC;KAAA;IAMD,yBAAyB,EAAE,SAAe,yBAAyB,CAC/D,SAAiB,EACjB,GAAa,EACb,IAAkB;;YAElB,MAAM,EAAE,GAAG,MAAM,YAAQ,CAAC,KAAK,EAAE,CAAC;YAClC,IAAI;gBACA,MAAM,GAAG,GAAG,wCAAwC,CAAC;gBAErD,MAAM,KAAK,GAAqC,MAAM,EAAE,CAAC,KAAK,CAAC,GAAG,EAAE,CAAC,SAAS,CAAC,CAAC,CAAC;gBAEjF,GAAG,CAAC,MAAM,CAAC,GAAG,CAAC,CAAC,IAAI,CAAC,EAAE,OAAO,EAAE,IAAI,EAAE,IAAI,EAAE,KAAK,CAAC,CAAC,CAAC,CAAC,CAAC,CAAC,EAAE,CAAC,CAAC;aAC9D;YAAC,OAAO,KAAU,EAAE;gBACjB,IAAI,CAAC,KAAK,CAAC,CAAC;aACf;oBAAS;gBACN,MAAM,EAAE,CAAC,GAAG,EAAE,CAAC;aAClB;QACL,CAAC;KAAA;IAMD,UAAU,EAAE,SAAe,UAAU,CAAC,MAAc,EAAE,GAAa,EAAE,IAAkB;;YACnF,MAAM,EAAE,GAAG,MAAM,YAAQ,CAAC,KAAK,EAAE,CAAC;YAClC,IAAI;gBACA,MAAM,GAAG,GAAG,kBAAkB,CAAC;gBAE/B,MAAM,KAAK,GAAqC,MAAM,EAAE,CAAC,KAAK,CAAC,GAAG,EAAE,CAAC,MAAM,CAAC,CAAC,CAAC;gBAE9E,GAAG,CAAC,MAAM,CAAC,GAAG,CAAC,CAAC,IAAI,CAAC,EAAE,OAAO,EAAE,IAAI,EAAE,IAAI,EAAE,KAAK,CAAC,CAAC,CAAC,CAAC,CAAC,CAAC,EAAE,CAAC,CAAC;aAC9D;YAAC,OAAO,KAAU,EAAE;gBACjB,IAAI,CAAC,KAAK,CAAC,CAAC;aACf;oBAAS;gBACN,MAAM,EAAE,CAAC,GAAG,EAAE,CAAC;aAClB;QACL,CAAC;KAAA;IAMD,cAAc,EAAE,SAAe,cAAc,CAAC,IAAY,EAAE,GAAa,EAAE,IAAkB;;YACzF,MAAM,EAAE,GAAG,MAAM,YAAQ,CAAC,KAAK,EAAE,CAAC;YAClC,IAAI;gBACA,MAAM,GAAG,GAAG,2BAA2B,CAAC;gBAExC,MAAM,KAAK,GAAqC,MAAM,EAAE,CAAC,KAAK,CAAC,GAAG,EAAE,CAAC,IAAI,CAAC,CAAC,CAAC;gBAE5E,OAAO,GAAG,CAAC,MAAM,CAAC,GAAG,CAAC,CAAC,IAAI,CAAC,EAAE,OAAO,EAAE,IAAI,EAAE,IAAI,EAAE,KAAK,CAAC,CAAC,CAAC,CAAC,CAAC,CAAC,EAAE,CAAC,CAAC;aACrE;YAAC,OAAO,KAAU,EAAE;gBACjB,IAAI,CAAC,KAAK,CAAC,CAAC;aACf;oBAAS;gBACN,MAAM,EAAE,CAAC,GAAG,EAAE,CAAC;aAClB;QACL,CAAC;KAAA;IAMD,aAAa,EAAE,SAAe,aAAa,CAAC,QAAa,EAAE,GAAa,EAAE,IAAkB;;YACxF,MAAM,EAAE,GAAG,MAAM,YAAQ,CAAC,KAAK,EAAE,CAAC;YAClC,IAAI;gBACA,MAAM,GAAG,GAAG,iCAAiC,CAAC;gBAC9C,MAAM,KAAK,GAAqC,MAAM,EAAE,CAAC,KAAK,CAAC,GAAG,EAAE;oBAChE,QAAQ,CAAC,MAAM;oBACf,QAAQ,CAAC,QAAQ;oBACjB,QAAQ,CAAC,OAAO;oBAChB,QAAQ,CAAC,MAAM;oBACf,QAAQ,CAAC,KAAK;iBACjB,CAAC,CAAC;gBAEH,GAAG,CAAC,MAAM,CAAC,GAAG,CAAC,CAAC,IAAI,CAAC,EAAE,OAAO,EAAE,IAAI,EAAE,GAAG,EAAE,gBAAgB,QAAQ,CAAC,MAAM,mBAAmB,EAAE,CAAC,CAAC;aACpG;YAAC,OAAO,KAAU,EAAE;gBACjB,IAAI,CAAC,GAAG,CAAC,MAAM,CAAC,GAAG,CAAC,CAAC,IAAI,CAAC,KAAK,CAAC,CAAC,CAAC;aACrC;oBAAS;gBACN,MAAM,EAAE,CAAC,GAAG,EAAE,CAAC;aAClB;QACL,CAAC;KAAA;CACJ,CAAC;AAEF,kBAAe,SAAS,CAAC","sourcesContent":["import { Response, NextFunction } from 'express';\nimport { FieldPacket, RowDataPacket } from 'mysql2/promise';\n\nimport database from '../db/db';\n\nconst bikeModel = {\n    /**\n     * Function to show all bikes\n     * @async\n     * @returns {RowDataPacket} Resultset from the query.\n     */\n    showAllBikes: async function showAllBikes(res: Response, next: NextFunction) {\n        const db = await database.getDb();\n        try {\n            const sql = `CALL get_bikes();`;\n\n            const dbRes: [RowDataPacket[], FieldPacket[]] = await db.query(sql);\n\n            return res.status(200).send({ success: true, data: dbRes[0][0] });\n        } catch (error: any) {\n            next(error);\n        } finally {\n            await db.end();\n        }\n    },\n    /**\n     * Function to get bikes within a radius\n     * @async\n     * @returns {RowDataPacket} Resultset from the query.\n     */\n    getBikeRadius: async function getBikeRadius(radiusInfo: any, res: Response, next: NextFunction) {\n        const db = await database.getDb();\n        try {\n            const sql = `CALL get_bikes_in_radius(?,?,?)`;\n\n            const dbRes: [RowDataPacket[], FieldPacket[]] = await db.query(sql, [\n                radiusInfo.latitude,\n                radiusInfo.longitude,\n                radiusInfo.radius,\n            ]);\n\n            res.status(200).send({ success: true, data: dbRes[0][0] });\n        } catch (error: any) {\n            next(error);\n        } finally {\n            await db.end();\n        }\n    },\n    /**\n     * Function to get all charging bikes\n     * @async\n     * @returns {RowDataPacket} Resultset from the query.\n     */\n    getAllChargingBikes: async function getAllChargingBikes(res: Response, next: NextFunction) {\n        const db = await database.getDb();\n        try {\n            const sql = `CALL get_charging_bikes_location()`;\n\n            const dbRes: [RowDataPacket[], FieldPacket[]] = await db.query(sql);\n\n            res.status(200).send({ success: true, data: dbRes[0][0] });\n        } catch (error: any) {\n            next(error);\n        } finally {\n            await db.end();\n        }\n    },\n    /**\n     * Function to get all charging bikes at specific station\n     * @async\n     * @returns {RowDataPacket} Resultset from the query.\n     */\n    getChargingBikesAtStation: async function getChargingBikesAtStation(\n        stationId: string,\n        res: Response,\n        next: NextFunction\n    ) {\n        const db = await database.getDb();\n        try {\n            const sql = `CALL get_charging_bikes_by_location(?)`;\n\n            const dbRes: [RowDataPacket[], FieldPacket[]] = await db.query(sql, [stationId]);\n\n            res.status(200).send({ success: true, data: dbRes[0][0] });\n        } catch (error: any) {\n            next(error);\n        } finally {\n            await db.end();\n        }\n    },\n    /**\n     * Function to get one bike by id\n     * @async\n     * @returns {RowDataPacket} Resultset from the query.\n     */\n    getOneBike: async function getOneBike(bikeId: string, res: Response, next: NextFunction) {\n        const db = await database.getDb();\n        try {\n            const sql = `CALL get_bike(?)`;\n\n            const dbRes: [RowDataPacket[], FieldPacket[]] = await db.query(sql, [bikeId]);\n\n            res.status(200).send({ success: true, data: dbRes[0][0] });\n        } catch (error: any) {\n            next(error);\n        } finally {\n            await db.end();\n        }\n    },\n    /**\n     * Function to get bikes within a city\n     * @async\n     * @returns {RowDataPacket} Resultset from the query.\n     */\n    getBikesByCity: async function getBikesByCity(city: string, res: Response, next: NextFunction) {\n        const db = await database.getDb();\n        try {\n            const sql = `CALL get_bikes_by_city(?)`;\n\n            const dbRes: [RowDataPacket[], FieldPacket[]] = await db.query(sql, [city]);\n\n            return res.status(200).send({ success: true, data: dbRes[0][0] });\n        } catch (error: any) {\n            next(error);\n        } finally {\n            await db.end();\n        }\n    },\n    /**\n     * Function to update a bike\n     * @async\n     * @returns {RowDataPacket} Resultset from the query.\n     */\n    updateOneBike: async function updateOneBike(bikeInfo: any, res: Response, next: NextFunction) {\n        const db = await database.getDb();\n        try {\n            const sql = `CALL update_bike(?, ?, ?, ?, ?)`;\n            const dbRes: [RowDataPacket[], FieldPacket[]] = await db.query(sql, [\n                bikeInfo.bikeId,\n                bikeInfo.position,\n                bikeInfo.battery,\n                bikeInfo.status,\n                bikeInfo.speed,\n            ]);\n\n            res.status(200).send({ success: true, msg: `Bike with id ${bikeInfo.bikeId} has been updated` });\n        } catch (error: any) {\n            next(res.status(404).send(error));\n        } finally {\n            await db.end();\n        }\n    },\n};\n\nexport default bikeModel;\n"]},"_coverageSchema":"1a1c01bbd47fc00a2c39e90264f33305004495a9","hash":"6b34c209a7a40d4d1ab3b88ef232a484b5bb15df","contentHash":"eba9fdc45e2b21bb8063c8210d7ee541568b04d80031f6fa280b903451ec9217"},"/app/src/models/chargers.ts":{"path":"/app/src/models/chargers.ts","statementMap":{"0":{"start":{"line":2,"column":16},"end":{"line":10,"column":1}},"1":{"start":{"line":3,"column":28},"end":{"line":3,"column":110}},"2":{"start":{"line":3,"column":91},"end":{"line":3,"column":106}},"3":{"start":{"line":4,"column":4},"end":{"line":9,"column":7}},"4":{"start":{"line":5,"column":36},"end":{"line":5,"column":97}},"5":{"start":{"line":5,"column":42},"end":{"line":5,"column":70}},"6":{"start":{"line":5,"column":85},"end":{"line":5,"column":95}},"7":{"start":{"line":6,"column":35},"end":{"line":6,"column":100}},"8":{"start":{"line":6,"column":41},"end":{"line":6,"column":73}},"9":{"start":{"line":6,"column":88},"end":{"line":6,"column":98}},"10":{"start":{"line":7,"column":32},"end":{"line":7,"column":116}},"11":{"start":{"line":8,"column":8},"end":{"line":8,"column":78}},"12":{"start":{"line":11,"column":22},"end":{"line":13,"column":1}},"13":{"start":{"line":12,"column":4},"end":{"line":12,"column":62}},"14":{"start":{"line":14,"column":0},"end":{"line":14,"column":62}},"15":{"start":{"line":15,"column":13},"end":{"line":15,"column":49}},"16":{"start":{"line":16,"column":23},"end":{"line":16,"column":60}},"17":{"start":{"line":17,"column":21},"end":{"line":72,"column":1}},"18":{"start":{"line":19,"column":8},"end":{"line":32,"column":11}},"19":{"start":{"line":20,"column":23},"end":{"line":20,"column":49}},"20":{"start":{"line":21,"column":12},"end":{"line":31,"column":13}},"21":{"start":{"line":22,"column":28},"end":{"line":22,"column":50}},"22":{"start":{"line":23,"column":30},"end":{
[...]
Q,CAAC,QAAQ;4BACjB,QAAQ,CAAC,WAAW;4BACpB,QAAQ,CAAC,WAAW;4BACpB,QAAQ,CAAC,QAAQ;4BACjB,QAAQ,CAAC,KAAK;yBACjB,CAAC,CAAC;wBAEH,OAAO,GAAG,CAAC,MAAM,CAAC,GAAG,CAAC,CAAC,IAAI,CAAC,EAAE,OAAO,EAAE,IAAI,EAAE,GAAG,EAAE,qBAAqB,EAAE,CAAC,CAAC;qBAC9E;oBAAC,OAAO,KAAU,EAAE;wBACjB,IAAI,CAAC,KAAK,CAAC,CAAC;qBACf;4BAAS;wBACN,MAAM,EAAE,CAAC,GAAG,EAAE,CAAC;qBAClB;gBACL,CAAC;aAAA,CAAC,CAAC;QACP,CAAC;KAAA;IAMD,SAAS,EAAE,SAAe,SAAS,CAAC,QAAa,EAAE,GAAa,EAAE,IAAkB;;YAChF,MAAM,EAAE,GAAG,MAAM,YAAQ,CAAC,KAAK,EAAE,CAAC;YAElC,MAAM,KAAK,GAAG,QAAQ,CAAC,WAAW,CAAC;YACnC,MAAM,QAAQ,GAAG,QAAQ,CAAC,QAAQ,CAAC;YACnC,IAAI;gBACA,MAAM,GAAG,GAAG,2BAA2B,CAAC;gBACxC,MAAM,KAAK,GAAqC,MAAM,EAAE,CAAC,KAAK,CAAC,GAAG,EAAE,CAAC,KAAK,CAAC,CAAC,CAAC;gBAE7E,MAAM,IAAI,GAAG,KAAK,CAAC,CAAC,CAAC,CAAC,CAAC,CAAC,CAAC;gBAEzB,IAAI,IAAI,CAAC,MAAM,GAAG,CAAC,EAAE;oBACjB,OAAO,MAAM,SAAS,CAAC,gBAAgB,CAAC,GAAG,EAAE,IAAI,CAAC,CAAC,CAAC,EAAE,QAAQ,CAAC,CAAC;iBACnE;qBAAM,IAAI,IAAI,CAAC,MAAM,KAAK,CAAC,EAAE;oBAC1B,OAAO,GAAG,CAAC,MAAM,CAAC,GAAG,CAAC,CAAC,IAAI,CAAC,EAAE,OAAO,EAAE,KAAK,EAAE,GAAG,EAAE,eAAe,EAAE,CAAC,CAAC;iBACzE;gBAED,OAAO,GAAG,CAAC,MAAM,CAAC,GAAG,CAAC,CAAC,IAAI,CAAC,EAAE,OAAO,EAAE,KAAK,EAAE,GAAG,EAAE,qBAAqB,EAAE,CAAC,CAAC;aAC/E;YAAC,OAAO,KAAK,EAAE;gBACZ,IAAI,CAAC,KAAK,CAAC,CAAC;aACf;QACL,CAAC;KAAA;IAMD,gBAAgB,EAAE,SAAe,gBAAgB,CAAC,GAAa,EAAE,IAAS,EAAE,QAAgB;;YACxF,MAAM,CAAC,OAAO,CAAC,QAAQ,EAAE,IAAI,CAAC,QAAQ,EAAE,UAAU,GAAQ,EAAE,MAAW;gBACnE,IAAI,GAAG,EAAE;oBACL,OAAO,GAAG,CAAC,MAAM,CAAC,GAAG,CAAC,CAAC,IAAI,CAAC;wBACxB,MAAM,EAAE;4BACJ,MAAM,EAAE,GAAG;4BACX,OAAO,EAAE,6BAA6B;yBACzC;qBACJ,CAAC,CAAC;iBACN;gBAED,IAAI,MAAM,EAAE;oBACR,MAAM,OAAO,GAAG,EAAE,KAAK,EAAE,IAAI,CAAC,WAAW,EAAE,CAAC;oBAC5C,MAAM,MAAM,GAAG,OAAO,CAAC,GAAG,CAAC,UAAU,CAAC;oBAEtC,MAAM,KAAK,GAAG,GAAG,CAAC,IAAI,CAAC,OAAO,EAAE,MAAM,EAAE,EAAE,SAAS,EAAE,IAAI,EAAE,CAAC,CAAC;oBAC7D,OAAO,CAAC,GAAG,CAAC,IAAI,CAAC,CAAC;oBAElB,OAAO,GAAG,CAAC,MAAM,CAAC,GAAG,CAAC,CAAC,IAAI,CAAC;wBACxB,IAAI,EAAE;4BACF,IAAI,EAAE,EAAE,IAAI,EAAE;4BACd,KAAK;4BACL,GAAG,EAAE,gBAAgB;yBACxB;qBACJ,CAAC,CAAC;iBACN;gBACD,OAAO,GAAG,CAAC,MAAM,CAAC,GAAG,CAAC,CAAC,IAAI,CAAC;oBACxB,MAAM,EAAE;wBACJ,MAAM,EAAE,GAAG;wBACX,OAAO,EAAE,sBAAsB;qBAClC;iBACJ,CAAC,CAAC;YACP,CAAC,CAAC,CAAC;QACP,CAAC;KAAA;IAMD,mBAAmB,EAAE,SAAe,mBAAmB,CACnD,MAAc,EACd,SAAiB,EACjB,GAAa,EACb,IAAkB;;YAElB,MAAM,EAAE,GAAG,MAAM,YAAQ,CAAC,KAAK,EAAE,CAAC;YAClC,IAAI;gBACA,MAAM,GAAG,GAAG,kCAAkC,CAAC;gBAC/C,MAAM,KAAK,GAAqC,MAAM,EAAE,CAAC,KAAK,CAAC,GAAG,EAAE,CAAC,MAAM,EAAE,SAAS,CAAC,CAAC,CAAC;gBACzF,MAAM,eAAe,GAAG,KAAK,CAAC,CAAC,CAAC,CAAC,CAAC,CAAC,CAAC;gBACpC,OAAO,CAAC,GAAG,CAAC,eAAe,CAAC,CAAC;gBAE7B,OAAO,KAAK,CAAC,CAAC,CAAC,CAAC,CAAC,CAAC,CAAC;aACtB;YAAC,OAAO,KAAU,EAAE;gBACjB,IAAI,CAAC,IAAI,0BAAW,CAAC,KAAK,EAAE,gCAAgC,CAAC,CAAC,CAAC;aAClE;oBAAS;gBACN,MAAM,EAAE,CAAC,GAAG,EAAE,CAAC;aAClB;QACL,CAAC;KAAA;IAMD,kBAAkB,EAAE,SAAe,kBAAkB,CACjD,MAAc,EACd,QAAgB,EAChB,GAAa,EACb,IAAkB;;YAElB,MAAM,EAAE,GAAG,MAAM,YAAQ,CAAC,KAAK,EAAE,CAAC;YAClC,IAAI;gBACA,MAAM,GAAG,GAAG,iCAAiC,CAAC;gBAC9C,MAAM,KAAK,GAAqC,MAAM,EAAE,CAAC,KAAK,CAAC,GAAG,EAAE,CAAC,MAAM,EAAE,QAAQ,CAAC,CAAC,CAAC;gBAExF,OAAO,KAAK,CAAC,CAAC,CAAC,CAAC,CAAC,CAAC,CAAC;aACtB;YAAC,OAAO,KAAU,EAAE;gBACjB,IAAI,CAAC,IAAI,0BAAW,CAAC,KAAK,EAAE,+BAA+B,CAAC,CAAC,CAAC;aACjE;oBAAS;gBACN,MAAM,EAAE,CAAC,GAAG,EAAE,CAAC;aAClB;QACL,CAAC;KAAA;IAMD,qBAAqB,EAAE,SAAe,qBAAqB,CACvD,MAAc,EACd,WAAmB,EACnB,GAAa,EACb,IAAkB;;YAElB,MAAM,EAAE,GAAG,MAAM,YAAQ,CAAC,KAAK,EAAE,CAAC;YAClC,IAAI;gBACA,MAAM,GAAG,GAAG,oCAAoC,CAAC;gBACjD,MAAM,KAAK,GAAqC,MAAM,EAAE,CAAC,KAAK,CAAC,GAAG,EAAE,CAAC,MAAM,EAAE,WAAW,CAAC,CAAC,CAAC;gBAE3F,OAAO,KAAK,CAAC,CAAC,CAAC,CAAC,CAAC,CAAC,CAAC;aACtB;YAAC,OAAO,KAAU,EAAE;gBACjB,IAAI,CAAC,IAAI,0BAAW,CAAC,KAAK,EAAE,kCAAkC,CAAC,CAAC,CAAC;aACpE;oBAAS;gBACN,MAAM,EAAE,CAAC,GAAG,EAAE,CAAC;aAClB;QACL,CAAC;KAAA;IAMD,qBAAqB,EAAE,SAAe,qBAAqB,CACvD,MAAc,EACd,WAAmB,EACnB,GAAa,EACb,IAAkB;;YAElB,MAAM,EAAE,GAAG,MAAM,YAAQ,CAAC,KAAK,EAAE,CAAC;YAClC,IAAI;gBACA,MAAM,GAAG,GAAG,oCAAoC,CAAC;gBACjD,MAAM,KAAK,GAAqC,MAAM,EAAE,CAAC,KAAK,CAAC,GAAG,EAAE,CAAC,MAAM,EAAE,WAAW,CAAC,CAAC,CAAC;gBAE3F,OAAO,KAAK,CAAC,CAAC,CAAC,CAAC,CAAC,CAAC,CAAC;aACtB;YAAC,OAAO,KAAU,EAAE;gBACjB,IAAI,CAAC,IAAI,0BAAW,CAAC,KAAK,EAAE,kCAAkC,CAAC,CAAC,CAAC;aACpE;oBAAS;gBACN,MAAM,EAAE,CAAC,GAAG,EAAE,CAAC;aAClB;QACL,CAAC;KAAA;IAMD,iBAAiB,EAAE,SAAe,iBAAiB,CAC/C,MAAc,EACd,OAAe,EACf,GAAa,EACb,IAAkB;;YAElB,MAAM,EAAE,GAAG,MAAM,YAAQ,CAAC,KAAK,EAAE,CAAC;YAClC,IAAI;gBACA,MAAM,GAAG,GAAG,gCAAgC,CAAC;gBAC7C,MAAM,KAAK,GAAqC,MAAM,EAAE,CAAC,KAAK,CAAC,GAAG,EAAE,CAAC,MAAM,EAAE,OAAO,CAAC,CAAC,CAAC;gBAEvF,OAAO,GAAG;qBACL,MAAM,CAAC,GAAG,CAAC;qBACX,IAAI,CAAC,EAAE,OAAO,EAAE,IAAI,EAAE,GAAG,EAAE,aAAa,MAAM,cAAc,OAAO,iBAAiB,EAAE,CAAC,CAAC;aAChG;YAAC,OAAO,KAAU,EAAE;gBACjB,IAAI,CAAC,IAAI,0BAAW,CAAC,KAAK,EAAE,6BAA6B,CAAC,CAAC,CAAC;aAC/D;oBAAS;gBACN,MAAM,EAAE,CAAC,GAAG,EAAE,CAAC;aAClB;QACL,CAAC;KAAA;IAMD,uBAAuB,EAAE,SAAe,uBAAuB,CAC3D,MAAc,EACd,OAAe,EACf,GAAa,EACb,IAAkB;;YAElB,MAAM,EAAE,GAAG,MAAM,YAAQ,CAAC,KAAK,EAAE,CAAC;YAClC,IAAI;gBACA,MAAM,GAAG,GAAG,wCAAwC,CAAC;gBACrD,MAAM,KAAK,GAAqC,MAAM,EAAE,CAAC,KAAK,CAAC,GAAG,EAAE,CAAC,MAAM,EAAE,OAAO,CAAC,CAAC,CAAC;gBAEvF,IAAI,CAAC,OAAO,EAAE;oBACV,MAAM,KAAK,EAAE,CAAC;iBACjB;gBAED,OAAO,GAAG;qBACL,MAAM,CAAC,GAAG,CAAC;qBACX,IAAI,CAAC,EAAE,OAAO,EAAE,IAAI,EAAE,GAAG,EAAE,gBAAgB,MAAM,kCAAkC,OAAO,EAAE,EAAE,CAAC,CAAC;aACxG;YAAC,OAAO,KAAU,EAAE;gBACjB,IAAI,CAAC,IAAI,0BAAW,CAAC,KAAK,EAAE,6BAA6B,CAAC,CAAC,CAAC;aAC/D;oBAAS;gBACN,MAAM,EAAE,CAAC,GAAG,EAAE,CAAC;aAClB;QACL,CAAC;KAAA;IAMD,kBAAkB,EAAE,SAAe,kBAAkB,CACjD,MAAc,EACd,QAAgB,EAChB,GAAa,EACb,IAAkB;;YAElB,MAAM,CAAC,IAAI,CAAC,QAAQ,EAAE,UAAU,EAAE,UAAgB,GAAQ,EAAE,IAAS;;oBACjE,IAAI,GAAG,EAAE;wBACL,OAAO,GAAG,CAAC,MAAM,CAAC,GAAG,CAAC,CAAC,IAAI,CAAC,EAAE,KAAK,EAAE,IAAI,EAAE,GAAG,EAAE,yBAAyB,EAAE,CAAC,CAAC;qBAChF;oBACD,MAAM,EAAE,GAAG,MAAM,YAAQ,CAAC,KAAK,EAAE,CAAC;oBAClC,IAAI;wBACA,QAAQ,GAAG,IAAI,CAAC;wBAEhB,MAAM,GAAG,GAAG,iCAAiC,CAAC;wBAC9C,MAAM,KAAK,GAAqC,MAAM,EAAE,CAAC,KAAK,CAAC,GAAG,EAAE,CAAC,MAAM,EAAE,QAAQ,CAAC,CAAC,CAAC;wBAExF,OAAO,GAAG,CAAC,MAAM,CAAC,GAAG,CAAC,CAAC,IAAI,CAAC,EAAE,OAAO,EAAE,IAAI,EAAE,GAAG,EAAE,gBAAgB,MAAM,2BAA2B,EAAE,CAAC,CAAC;qBAC1G;oBAAC,OAAO,KAAU,EAAE;wBACjB,IAAI,CAAC,IAAI,0BAAW,CAAC,KAAK,EAAE,8BAA8B,CAAC,CAAC,CAAC;qBAChE;4BAAS;wBACN,MAAM,EAAE,CAAC,GAAG,EAAE,CAAC;qBAClB;gBACL,CAAC;aAAA,CAAC,CAAC;QACP,CAAC;KAAA;IAMD,eAAe,EAAE,SAAe,eAAe,CAAC,MAAc,EAAE,KAAa,EAAE,GAAa,EAAE,IAAkB;;YAC5G,MAAM,EAAE,GAAG,MAAM,YAAQ,CAAC,KAAK,EAAE,CAAC;YAClC,IAAI;gBACA,MAAM,GAAG,GAAG,8BAA8B,CAAC;gBAC3C,MAAM,KAAK,GAAqC,MAAM,EAAE,CAAC,KAAK,CAAC,GAAG,EAAE,CAAC,MAAM,EAAE,KAAK,CAAC,CAAC,CAAC;gBAErF,OAAO,KAAK,CAAC,CAAC,CAAC,CAAC,CAAC,CAAC,CAAC;aACtB;YAAC,OAAO,KAAU,EAAE;gBACjB,IAAI,CAAC,IAAI,0BAAW,CAAC,KAAK,EAAE,2BAA2B,CAAC,CAAC,CAAC;aAC7D;oBAAS;gBACN,MAAM,EAAE,CAAC,GAAG,EAAE,CAAC;aAClB;QACL,CAAC;KAAA;IAMD,aAAa,EAAE,SAAe,aAAa,CAAC,MAAc,EAAE,GAAa,EAAE,IAAkB;;YACzF,MAAM,EAAE,GAAG,MAAM,YAAQ,CAAC,KAAK,EAAE,CAAC;YAClC,IAAI;gBACA,MAAM,GAAG,GAAG,qBAAqB,CAAC;gBAClC,MAAM,KAAK,GAAqC,MAAM,EAAE,CAAC,KAAK,CAAC,GAAG,EAAE,CAAC,MAAM,CAAC,CAAC,CAAC;gBAE9E,OAAO,GAAG,CAAC,MAAM,CAAC,GAAG,CAAC,CAAC,IAAI,CAAC,EAAE,OAAO,EAAE,IAAI,EAAE,GAAG,EAAE,gBAAgB,MAAM,cAAc,EAAE,CAAC,CAAC;aAC7F;YAAC,OAAO,KAAU,EAAE;gBACjB,IAAI,CAAC,IAAI,0BAAW,CAAC,KAAK,EAAE,uBAAuB,CAAC,CAAC,CAAC;aACzD;oBAAS;gBACN,MAAM,EAAE,CAAC,GAAG,EAAE,CAAC;aAClB;QACL,CAAC;KAAA;CACJ,CAAC;AAEF,kBAAe,SAAS,CAAC","sourcesContent":["import { FieldPacket, RowDataPacket } from 'mysql2/promise';\nimport { Response, NextFunction } from 'express';\nimport { v4 as uuid } from 'uuid';\n\nimport { CustomError } from '../middleware/errorHandler';\nimport database from '../db/db';\n\nconst jwt = require('jsonwebtoken');\nconst bcrypt = require('bcryptjs');\nconst saltRounds = 10;\n\n// generate a unique API key\nconst apiKey = uuid();\n\nconst userModel = {\n    /**\n     * Function to show all users\n     * @async\n     * @returns {RowDataPacket} Resultset from the query.\n     */\n    showAllUsers: async function showAllUsers(res: Response, next: NextFunction) {\n        const db = await database.getDb();\n        try {\n            const sql = `CALL get_users();`;\n\n            const allUsers: [RowDataPacket[], FieldPacket[]] = await db.query(sql);\n\n            return res.status(200).send({ success: true, data: allUsers[0][0] });\n        } catch (error: any) {\n            next(error);\n        } finally {\n            await db.end();\n        }\n    },\n    /**\n     * Function to show one user\n     * @async\n     * @returns {RowDataPacket} Resultset from the query.\n     */\n    getOneUser: async function getOneUser(userId: string, res: Response, next: NextFunction) {\n        const db = await database.getDb();\n        try {\n            const sql = `CALL get_user(?)`;\n            const dbRes: [RowDataPacket[], FieldPacket[]] = await db.query(sql, [userId]);\n\n            return res.status(200).send({ success: true, data: dbRes[0][0] });\n        } catch (error: any) {\n            next(error);\n        } finally {\n            await db.end();\n        }\n    },\n    /**\n     * Function to create a user\n     * @async\n     * @returns {RowDataPacket} Resultset from the query.\n     */\n    createOneUser: async function createOneUser(userInfo: any, res: Response, next: NextFunction) {\n        bcrypt.hash(userInfo.password, saltRounds, async function (error: any, hash: any) {\n            const db = await database.getDb();\n            try {\n                userInfo.password = hash;\n                \n                const sql_user = `CALL create_user(?, ?, ?, ?, ?,?)`;\n                const dbRes: [RowDataPacket[], FieldPacket[]] = await db.query(sql_user, [\n                    userInfo.firstName,\n                    userInfo.lastName,\n                    userInfo.phoneNumber,\n                    userInfo.emailAdress,\n                    userInfo.password,\n                    userInfo.oauth,\n                ]);\n\n                return res.status(200).send({ success: true, msg: 'New user registered' });\n            } catch (error: any) {\n                next(error);\n            } finally {\n                await db.end();\n            }\n        });\n    },\n    /**\n     * Function to login a user\n     * @async\n     * @returns {RowDataPacket} Resultset from the query.\n     */\n    userLogin: async function userLogin(userInfo: any, res: Response, next: NextFunction) {\n        const db = await database.getDb();\n\n        const email = userInfo.emailAdress;\n        const password = userInfo.password;\n        try {\n            const sql = `CALL get_user_by_email(?)`;\n            const dbRes: [RowDataPacket[], FieldPacket[]] = await db.query(sql, [email]);\n\n            const user = dbRes[0][0];\n\n            if (user.length > 0) {\n                return await userModel.comparePasswords(res, user[0], password);\n            } else if (user.length === 0) {\n                return res.status(400).json({ success: false, msg: 'No user found' });\n            }\n\n            return res.status(400).send({ success: false, msg: 'Missing credentials' });\n        } catch (error) {\n            next(error);\n        }\n    },\n    /**\n     * Function to verify a hashed password\n     * @async\n     * @returns {RowDataPacket} Resultset from the query.\n     */\n    comparePasswords: async function comparePasswords(res: Response, user: any, password: string) {\n        bcrypt.compare(password, user.Password, function (err: any, result: any) {\n            if (err) {\n                return res.status(500).json({\n                    errors: {\n                        status: 500,\n                        message: 'Could not decrypt password.',\n                    },\n                });\n            }\n\n            if (result) {\n                const payload = { email: user.EmailAdress };\n                const secret = process.env.JWT_SECRET;\n\n                const token = jwt.sign(payload, secret, { expiresIn: '1h' });\n                console.log(user);\n\n                return res.status(201).json({\n                    data: {\n                        info: { user },\n                        token,\n                        msg: 'User logged in',\n                    },\n                });\n            }\n            return res.status(401).json({\n                errors: {\n                    status: 401,\n                    message: 'Password not correct',\n                },\n            });\n        });\n    },\n    /**\n     * Function to update a users first name\n     * @async\n     * @returns {RowDataPacket} Resultset from the query.\n     */\n    updateUserFirstName: async function updateUserFirstName(\n        userId: string,\n        firstName: string,\n        res: Response,\n        next: NextFunction\n    ) {\n        const db = await database.getDb();\n        try {\n            const sql = `CALL update_user_firstname(?, ?)`;\n            const dbRes: [RowDataPacket[], FieldPacket[]] = await db.query(sql, [userId, firstName]);\n            const resultSetHeader = dbRes[0][0];\n            console.log(resultSetHeader);\n\n            return dbRes[0][0];\n        } catch (error: any) {\n            next(new CustomError(false, 'Error updating user first name'));\n        } finally {\n            await db.end();\n        }\n    },\n    /**\n     * Function to update a users lastname\n     * @async\n     * @returns {RowDataPacket} Resultset from the query.\n     */\n    updateUserLastName: async function updateUserLastName(\n        userId: string,\n        lastName: string,\n        res: Response,\n        next: NextFunction\n    ) {\n        const db = await database.getDb();\n        try {\n            const sql = `CALL update_user_lastname(?, ?)`;\n            const dbRes: [RowDataPacket[], FieldPacket[]] = await db.query(sql, [userId, lastName]);\n\n            return dbRes[0][0];\n        } catch (error: any) {\n            next(new CustomError(false, 'Error updating user last name'));\n        } finally {\n            await db.end();\n        }\n    },\n    /**\n     * Function to update a users phone number\n     * @async\n     * @returns {RowDataPacket} Resultset from the query.\n     */\n    updateUserPhoneNumber: async function updateUserPhoneNumber(\n        userId: string,\n        phoneNumber: string,\n        res: Response,\n        next: NextFunction\n    ) {\n        const db = await database.getDb();\n        try {\n            const sql = `CALL update_user_phonenumber(?, ?)`;\n            const dbRes: [RowDataPacket[], FieldPacket[]] = await db.query(sql, [userId, phoneNumber]);\n\n            return dbRes[0][0];\n        } catch (error: any) {\n            next(new CustomError(false, 'Error updating user phone number'));\n        } finally {\n            await db.end();\n        }\n    },\n    /**\n     * Function to update a users email address\n     * @async\n     * @returns {RowDataPacket} Resultset from the query.\n     */\n    updateUserEmailAdress: async function updateUserEmailAdress(\n        userId: string,\n        emailAdress: string,\n        res: Response,\n        next: NextFunction\n    ) {\n        const db = await database.getDb();\n        try {\n            const sql = `CALL update_user_emailadress(?, ?)`;\n            const dbRes: [RowDataPacket[], FieldPacket[]] = await db.query(sql, [userId, emailAdress]);\n\n            return dbRes[0][0];\n        } catch (error: any) {\n            next(new CustomError(false, 'Error updating user email adress'));\n        } finally {\n            await db.end();\n        }\n    },\n    /**\n     * Function to update a users balance\n     * @async\n     * @returns {RowDataPacket} Resultset from the query.\n     */\n    updateUserBalance: async function updateUserBalance(\n        userId: string,\n        balance: number,\n        res: Response,\n        next: NextFunction\n    ) {\n        const db = await database.getDb();\n        try {\n            const sql = `CALL update_user_balance(?, ?)`;\n            const dbRes: [RowDataPacket[], FieldPacket[]] = await db.query(sql, [userId, balance]);\n\n            return res\n                .status(200)\n                .send({ success: true, msg: `User with ${userId} has added ${balance} to its balance` });\n        } catch (error: any) {\n            next(new CustomError(false, 'Error updating user balance'));\n        } finally {\n            await db.end();\n        }\n    },\n    /**\n     * Function to update a users payment option\n     * @async\n     * @returns {RowDataPacket} Resultset from the query.\n     */\n    updateUserPaymentOption: async function updateUserPaymentOption(\n        userId: string,\n        balance: number,\n        res: Response,\n        next: NextFunction\n    ) {\n        const db = await database.getDb();\n        try {\n            const sql = `CALL update_user_partial_payment(?, ?)`;\n            const dbRes: [RowDataPacket[], FieldPacket[]] = await db.query(sql, [userId, balance]);\n\n            if (!balance) {\n                throw Error();\n            }\n\n            return res\n                .status(201)\n                .send({ success: true, msg: `User with id ${userId} has changed to payment option ${balance}` });\n        } catch (error: any) {\n            next(new CustomError(false, 'Error updating user balance'));\n        } finally {\n            await db.end();\n        }\n    },\n    /**\n     * Function to update a users password\n     * @async\n     * @returns {RowDataPacket} Resultset from the query.\n     */\n    updateUserPassword: async function updateUserPassword(\n        userId: string,\n        password: string,\n        res: Response,\n        next: NextFunction\n    ) {\n        bcrypt.hash(password, saltRounds, async function (err: any, hash: any) {\n            if (err) {\n                return res.status(500).json({ error: true, msg: 'Could not hash password' });\n            }\n            const db = await database.getDb();\n            try {\n                password = hash;\n\n                const sql = `CALL update_user_password(?, ?)`;\n                const dbRes: [RowDataPacket[], FieldPacket[]] = await db.query(sql, [userId, password]);\n\n                return res.status(201).send({ success: true, msg: `User with id ${userId} has updated its password` });\n            } catch (error: any) {\n                next(new CustomError(false, 'Error updating user password'));\n            } finally {\n                await db.end();\n            }\n        });\n    },\n    /**\n     * Function to update a users oauth\n     * @async\n     * @returns {RowDataPacket} Resultset from the query.\n     */\n    updateUserOauth: async function updateUserOauth(userId: string, oauth: string, res: Response, next: NextFunction) {\n        const db = await database.getDb();\n        try {\n            const sql = `CALL update_user_oauth(?, ?)`;\n            const dbRes: [RowDataPacket[], FieldPacket[]] = await db.query(sql, [userId, oauth]);\n\n            return dbRes[0][0];\n        } catch (error: any) {\n            next(new CustomError(false, 'Error updating user oauth'));\n        } finally {\n            await db.end();\n        }\n    },\n    /**\n     * Function to delete a user\n     * @async\n     * @returns {RowDataPacket} Resultset from the query.\n     */\n    deleteOneUser: async function deleteOneUser(userId: string, res: Response, next: NextFunction) {\n        const db = await database.getDb();\n        try {\n            const sql = `CALL delete_user(?)`;\n            const dbRes: [RowDataPacket[], FieldPacket[]] = await db.query(sql, [userId]);\n\n            return res.status(200).send({ success: true, msg: `User with id ${userId} was deleted` });\n        } catch (error: any) {\n            next(new CustomError(false, 'Could not delete user'));\n        } finally {\n            await db.end();\n        }\n    },\n};\n\nexport default userModel;\n"]},"_coverageSchema":"1a1c01bbd47fc00a2c39e90264f33305004495a9","hash":"fbc2aee3826c79dce821ea4084b710347c50ce1f","contentHash":"e21bfff0f8f9d74d793df493626e3e2ce100ea4ab7f6a122b1b3b844acf7c9f1"}}