{"/Users/frida/Kod/BTH/dbwebb-kurser/VTeam/Spark-backend/Spark-API-v1/src/app.ts":{"path":"/Users/frida/Kod/BTH/dbwebb-kurser/VTeam/Spark-backend/Spark-API-v1/src/app.ts","statementMap":{"0":{"start":{"line":2,"column":22},"end":{"line":4,"column":1}},"1":{"start":{"line":3,"column":4},"end":{"line":3,"column":62}},"2":{"start":{"line":5,"column":0},"end":{"line":5,"column":62}},"3":{"start":{"line":6,"column":18},"end":{"line":6,"column":53}},"4":{"start":{"line":7,"column":22},"end":{"line":7,"column":61}},"5":{"start":{"line":8,"column":17},"end":{"line":8,"column":51}},"6":{"start":{"line":9,"column":16},"end":{"line":9,"column":45}},"7":{"start":{"line":10,"column":23},"end":{"line":10,"column":59}},"8":{"start":{"line":11,"column":13},"end":{"line":11,"column":37}},"9":{"start":{"line":12,"column":13},"end":{"line":12,"column":28}},"10":{"start":{"line":13,"column":12},"end":{"line":13,"column":36}},"11":{"start":{"line":14,"column":19},"end":{"line":14,"column":52}},"12":{"start":{"line":15,"column":0},"end":{"line":15,"column":16}},"13":{"start":{"line":16,"column":0},"end":{"line":16,"column":25}},"14":{"start":{"line":17,"column":0},"end":{"line":17,"column":28}},"15":{"start":{"line":18,"column":0},"end":{"line":20,"column":1}},"16":{"start":{"line":19,"column":4},"end":{"line":19,"column":47}},"17":{"start":{"line":21,"column":0},"end":{"line":21,"column":38}},"18":{"start":{"line":22,"column":0},"end":{"line":22,"column":62}},"19":{"start":{"line":23,"column":0},"end":{"line":23,"column":38}},"20":{"start":{"line":24,"column":0},"end":{"line":24,"column":36}},"21":{"start":{"line":25,"column":0},"end":{"line":25,"column":37}},"22":{"start":{"line":26,"column":15},"end":{"line":28,"column":2}},"23":{"start":{"line":27,"column":4},"end":{"line":27,"column":62}},"24":{"start":{"line":29,"column":0},"end":{"line":29,"column":25}}},"fnMap":{"0":{"name":"(anonymous_0)","decl":{"start":{"line":2,"column":56},"end":{"line":2,"column":57}},"loc":{"start":{"line":2,"column":71},"end":{"line":4,"column":1}},"line":2},"1":{"name":"(anonymous_1)","decl":{"start":{"line":26,"column":39},"end":{"line":26,"column":40}},"loc":{"start":{"line":26,"column":45},"end":{"line":28,"column":1}},"line":26}},"branchMap":{"0":{"loc":{"start":{"line":2,"column":22},"end":{"line":4,"column":1}},"type":"binary-expr","locations":[{"start":{"line":2,"column":23},"end":{"line":2,"column":27}},{"start":{"line":2,"column":31},"end":{"line":2,"column":51}},{"start":{"line":2,"column":56},"end":{"line":4,"column":1}}],"line":2},"1":{"loc":{"start":{"line":3,"column":11},"end":{"line":3,"column":61}},"type":"cond-expr","locations":[{"start":{"line":3,"column":37},"end":{"line":3,"column":40}},{"start":{"line":3,"column":43},"end":{"line":3,"column":61}}],"line":3},"2":{"loc":{"start":{"line":3,"column":12},"end":{"line":3,"column":33}},"type":"binary-expr","locations":[{"start":{"line":3,"column":12},"end":{"line":3,"column":15}},{"start":{"line":3,"column":19},"end":{"line":3,"column":33}}],"line":3},"3":{"loc":{"start":{"line":11,"column":13},"end":{"line":11,"column":37}},"type":"binary-expr","locations":[{"start":{"line":11,"column":13},"end":{"line":11,"column":29}},{"start":{"line":11,"column":33},"end":{"line":11,"column":37}}],"line":11},"4":{"loc":{"start":{"line":18,"column":0},"end":{"line":20,"column":1}},"type":"if","locations":[{"start":{"line":18,"column":0},"end":{"line":20,"column":1}},{"start":{"line":18,"column":0},"end":{"line":20,"column":1}}],"line":18}},"s":{"0":1,"1":3,"2":1,"3":1,"4":1,"5":1,"6":1,"7":1,"8":1,"9":1,"10":1,"11":1,"12":1,"13":1,"14":1,"15":1,"16":1,"17":1,"18":1,"19":1,"20":1,"21":1,"22":1,"23":1,"24":1},"f":{"0":3,"1":1},"b":{"0":[1,1,1],"1":[0,3],"2":[3,3],"3":[1,0],"4":[1,0]},"inputSourceMap":{"version":3,"file":"/Users/frida/Kod/BTH/dbwebb-kurser/VTeam/Spark-backend/Spark-API-v1/src/app.ts","sources":["/Users/frida/Kod/BTH/dbwebb-kurser/VTeam/Spark-backend/Spark-API-v1/src/app.ts"],"names":[],"mappings":";;;;;AAAA,sDAAgF;AAChF,8DAAqC;AACrC,oDAA4B;AAG5B,8CAA0D;AAC1D,4DAA6E;AAC7E,MAAM,IAAI,GAAG,OAAO,CAAC,GAAG,CAAC,IAAI,IAAI,IAAI,CAAC;AAEtC,MAAM,IAAI,GAAG,OAAO,CAAC,MAAM,CAAC,CAAC;AAE7B,MAAM,GAAG,GAAgB,IAAA,iBAAO,GAAE,CAAC;AACnC,MAAM,UAAU,GAAG,OAAO,CAAC,MAAM,CAAC,CAAC,YAAY,CAAC,GAAG,CAAC,CAAC;AAErD,GAAG,CAAC,GAAG,CAAC,IAAI,EAAE,CAAC,CAAC;AAChB,GAAG,CAAC,OAAO,CAAC,GAAG,EAAE,IAAI,EAAE,CAAC,CAAC;AAEzB,GAAG,CAAC,OAAO,CAAC,cAAc,CAAC,CAAC;AAG5B,IAAI,OAAO,CAAC,GAAG,CAAC,QAAQ,KAAK,MAAM,EAAE;IAEjC,GAAG,CAAC,GAAG,CAAC,IAAA,gBAAM,EAAC,UAAU,CAAC,CAAC,CAAC;CAC/B;AAED,GAAG,CAAC,GAAG,CAAC,qBAAU,CAAC,IAAI,EAAE,CAAC,CAAC;AAC3B,GAAG,CAAC,GAAG,CAAC,qBAAU,CAAC,UAAU,CAAC,EAAE,QAAQ,EAAE,IAAI,EAAE,CAAC,CAAC,CAAC;AAEnD,GAAG,CAAC,GAAG,CAAC,4BAAoB,CAAC,CAAC;AAE9B,GAAG,CAAC,GAAG,CAAC,GAAG,EAAE,OAAO,CAAC,YAAY,CAAC,CAAC,CAAC;AAEpC,GAAG,CAAC,GAAG,CAAC,2BAAY,CAAC,CAAC;AAEtB,MAAM,MAAM,GAAG,UAAU,CAAC,MAAM,CAAC,IAAI,EAAE,GAAG,EAAE;IACxC,OAAO,CAAC,GAAG,CAAC,8BAA8B,GAAG,IAAI,GAAG,IAAI,CAAC,CAAC;AAC9D,CAAC,CAAC,CAAC;AAEH,kBAAe,MAAM,CAAC","sourcesContent":["import express, { Application, Request, Response, NextFunction } from 'express';\nimport bodyParser from 'body-parser';\nimport morgan from 'morgan';\n\n// Middleware\nimport { logIncomingToConsole } from './middleware/index';\nimport { invalidPathHandler, errorHandler } from './middleware/errorHandler';\nconst port = process.env.PORT || 4000;\n\nconst cors = require('cors');\n\nconst app: Application = express();\nconst httpServer = require('http').createServer(app);\n\napp.use(cors());\napp.options('*', cors());\n\napp.disable('x-powered-by');\n\n// don't show the log when it is test\nif (process.env.NODE_ENV !== 'test') {\n    // use morgan to log at command line\n    app.use(morgan('combined')); // 'combined' outputs the Apache style LOGs\n}\n\napp.use(bodyParser.json());\napp.use(bodyParser.urlencoded({ extended: true }));\n\napp.use(logIncomingToConsole);\n\napp.use('/', require('./versions'));\n\napp.use(errorHandler);\n\nconst server = httpServer.listen(port, () => {\n    console.log('Spark api listening on port ' + port + '\\n');\n});\n\nexport default server;\n"]},"_coverageSchema":"1a1c01bbd47fc00a2c39e90264f33305004495a9","hash":"ccffca9adee9ac57dabb281558a8be9c44f95e50","contentHash":"c82d7c667d696ea62e4a15ac14b4a89b0c94cbf00b41ff87cb22b5c69793b45e"},"/Users/frida/Kod/BTH/dbwebb-kurser/VTeam/Spark-backend/Spark-API-v1/src/middleware/index.ts":{"path":"/Users/frida/Kod/BTH/dbwebb-kurser/VTeam/Spark-backend/Spark-API-v1/src/middleware/index.ts","statementMap":{"0":{"start":{"line":2,"column":0},"end":{"line":2,"column":62}},"1":{"start":{"line":3,"column":0},"end":{"line":3,"column":38}},"2":{"start":{"line":5,"column":4},"end":{"line":5,"column":64}},"3":{"start":{"line":6,"column":4},"end":{"line":6,"column":11}},"4":{"start":{"line":8,"column":0},"end":{"line":8,"column":52}}},"fnMap":{"0":{"name":"logIncomingToConsole","decl":{"start":{"line":4,"column":9},"end":{"line":4,"column":29}},"loc":{"start":{"line":4,"column":46},"end":{"line":7,"column":1}},"line":4}},"branchMap":{},"s":{"0":1,"1":1,"2":13,"3":13,"4":1},"f":{"0":13},"b":{},"inputSourceMap":{"version":3,"file":"/Users/frida/Kod/BTH/dbwebb-kurser/VTeam/Spark-backend/Spark-API-v1/src/middleware/index.ts","sources":["/Users/frida/Kod/BTH/dbwebb-kurser/VTeam/Spark-backend/Spark-API-v1/src/middleware/index.ts"],"names":[],"mappings":"AAGA,YAAY,CAAC;;;AAYb,SAAgB,oBAAoB,CAAC,GAAY,EAAE,GAAa,EAAE,IAAkB;IAChF,OAAO,CAAC,IAAI,CAAC,kBAAkB,GAAG,CAAC,IAAI,KAAK,GAAG,CAAC,MAAM,IAAI,CAAC,CAAC;IAC5D,IAAI,EAAE,CAAC;AACX,CAAC;AAHD,oDAGC","sourcesContent":["/**\n * General middleware.\n */\n'use strict';\nimport express, { Application, Request, Response, NextFunction } from 'express';\n/**\n * Log incoming requests to console to see who accesses the server\n * on what route.\n *\n * @param {Request}  req  The incoming request.\n * @param {Response} res  The outgoing response.\n * @param {Function} next Next to call in chain of middleware.\n *\n * @returns {void}\n */\nexport function logIncomingToConsole(req: Request, res: Response, next: NextFunction) {\n    console.info(`Got request on ${req.path} (${req.method}).`);\n    next();\n}\n"]},"_coverageSchema":"1a1c01bbd47fc00a2c39e90264f33305004495a9","hash":"2270f1da1ca4ea7aa4e62b82970c7ca04a735593","contentHash":"84672698a0572c69027141306b670641b012a58b4b5b732b0fc4136d1b2a0c28"},"/Users/frida/Kod/BTH/dbwebb-kurser/VTeam/Spark-backend/Spark-API-v1/src/middleware/errorHandler.ts":{"path":"/Users/frida/Kod/BTH/dbwebb-kurser/VTeam/Spark-backend/Spark-API-v1/src/middleware/errorHandler.ts","statementMap":{"0":{"start":{"line":2,"column":0},"end":{"line":2,"column":62}},"1":{"start":{"line":3,"column":0},"end":{"line":3,"column":81}},"2":{"start":{"line":6,"column":8},"end":{"line":6,"column":19}},"3":{"start":{"line":7,"column":8},"end":{"line":7,"column":31}},"4":{"start":{"line":8,"column":8},"end":{"line":8,"column":23}},"5":{"start":{"line":11,"column":0},"end":{"line":11,"column":34}},"6":{"start":{"line":13,"column":4},"end":{"line":15,"column":5}},"7":{"start":{"line":14,"column":8},"end":{"line":14,"column":60}},"8":{"start":{"line":16,"column":4},"end":{"line":16,"column":65}},"9":{"start":{"line":18,"column":0},"end":{"line":18,"column":36}},"10":{"start":{"line":20,"column":4},"end":{"line":20,"column":63}},"11":{"start":{"line":22,"column":0},"end":{"line":22,"column":48}}},"fnMap":{"0":{"name":"(anonymous_0)","decl":{"start":{"line":5,"column":4},"end":{"line":5,"column":5}},"loc":{"start":{"line":5,"column":30},"end":{"line":9,"column":5}},"line":5},"1":{"name":"errorHandler","decl":{"start":{"line":12,"column":9},"end":{"line":12,"column":21}},"loc":{"start":{"line":12,"column":45},"end":{"line":17,"column":1}},"line":12},"2":{"name":"invalidPathHandler","decl":{"start":{"line":19,"column":9},"end":{"line":19,"column":27}},"loc":{"start":{"line":19,"column":45},"end":{"line":21,"column":1}},"line":19}},"branchMap":{"0":{"loc":{"start":{"line":13,"column":4},"end":{"line":15,"column":5}},"type":"if","locations":[{"start":{"line":13,"column":4},"end":{"line":15,"column":5}},{"start":{"line":13,"column":4},"end":{"line":15,"column":5}}],"line":13}},"s":{"0":1,"1":1,"2":0,"3":0,"4":0,"5":1,"6":11,"7":0,"8":11,"9":1,"10":0,"11":1},"f":{"0":0,"1":11,"2":0},"b":{"0":[0,11]},"inputSourceMap":{"version":3,"file":"/Users/frida/Kod/BTH/dbwebb-kurser/VTeam/Spark-backend/Spark-API-v1/src/middleware/errorHandler.ts","sources":["/Users/frida/Kod/BTH/dbwebb-kurser/VTeam/Spark-backend/Spark-API-v1/src/middleware/errorHandler.ts"],"names":[],"mappings":";;;AAMA,MAAa,WAAY,SAAQ,KAAK;IAIlC,YAAY,OAAgB,EAAE,GAAW;QACrC,KAAK,CAAC,GAAG,CAAC,CAAC;QACX,IAAI,CAAC,OAAO,GAAG,OAAO,CAAC;QACvB,IAAI,CAAC,GAAG,GAAG,GAAG,CAAC;IACnB,CAAC;CACJ;AATD,kCASC;AAUD,SAAgB,YAAY,CAAC,KAAU,EAAE,GAAY,EAAE,GAAa,EAAE,IAAkB;IAIpF,IAAI,KAAK,YAAY,WAAW,EAAE;QAC9B,OAAO,GAAG,CAAC,MAAM,CAAC,GAAG,CAAC,CAAC,IAAI,CAAC,EAAE,MAAM,EAAE,GAAG,EAAE,KAAK,EAAE,CAAC,CAAC;KACvD;IACD,OAAO,GAAG,CAAC,MAAM,CAAC,GAAG,CAAC,CAAC,IAAI,CAAC,EAAE,MAAM,EAAE,GAAG,EAAE,GAAG,EAAE,EAAE,KAAK,EAAE,EAAE,CAAC,CAAC;AACjE,CAAC;AARD,oCAQC;AAWD,SAAgB,kBAAkB,CAAC,GAAY,EAAE,GAAa,EAAE,KAAmB;IAC/E,GAAG,CAAC,MAAM,CAAC,GAAG,CAAC,CAAC,IAAI,CAAC,EAAE,KAAK,EAAE,IAAI,EAAE,GAAG,EAAE,cAAc,EAAE,CAAC,CAAC;AAC/D,CAAC;AAFD,gDAEC","sourcesContent":["import { Request, Response, NextFunction } from 'express';\n\n/**\n * Represents an error\n * @constructor\n */\nexport class CustomError extends Error {\n    success: boolean;\n    msg: string;\n\n    constructor(success: boolean, msg: string) {\n        super(msg);\n        this.success = success;\n        this.msg = msg;\n    }\n}\n/**\n * Error handling Middleware function for logging 500 error message\n *\n * @param {Request}  req  The incoming request.\n * @param {Response} res  The outgoing response.\n * @param {Function} next Next to call in chain of middleware.\n *\n * @returns {Promise}\n */\nexport function errorHandler(error: any, req: Request, res: Response, next: NextFunction) {\n    // console.log('ERRORHANDLER');\n    // console.log(error);\n\n    if (error instanceof CustomError) {\n        return res.status(400).json({ status: 400, error });\n    }\n    return res.status(500).json({ status: 500, msg: { error } });\n}\n\n/**\n * Fallback Middleware function for returning 404 error for undefined paths\n *\n * @param {Request}  req  The incoming request.\n * @param {Response} res  The outgoing response.\n * @param {Function} next Next to call in chain of middleware.\n *\n * @returns {void}\n */\nexport function invalidPathHandler(req: Request, res: Response, _next: NextFunction): void {\n    res.status(404).send({ error: true, msg: 'invalid path' });\n}\n"]},"_coverageSchema":"1a1c01bbd47fc00a2c39e90264f33305004495a9","hash":"4693ab366dc5e6f47cf90fd0d6a20a4371e0aa1c","contentHash":"72e7c24cbe9ccfc790aebc4720ca5dc6769c2ba1422279f704b3c89f9f8177bc"},"/Users/frida/Kod/BTH/dbwebb-kurser/VTeam/Spark-backend/Spark-API-v1/src/versions/index.ts":{"path":"/Users/frida/Kod/BTH/dbwebb-kurser/VTeam/Spark-backend/Spark-API-v1/src/versions/index.ts","statementMap":{"0":{"start":{"line":2,"column":0},"end":{"line":2,"column":62}},"1":{"start":{"line":3,"column":18},"end":{"line":3,"column":36}},"2":{"start":{"line":4,"column":15},"end":{"line":4,"column":38}},"3":{"start":{"line":5,"column":0},"end":{"line":5,"column":35}},"4":{"start":{"line":6,"column":0},"end":{"line":6,"column":35}},"5":{"start":{"line":7,"column":0},"end":{"line":7,"column":24}}},"fnMap":{},"branchMap":{},"s":{"0":1,"1":1,"2":1,"3":1,"4":1,"5":1},"f":{},"b":{},"inputSourceMap":{"version":3,"file":"/Users/frida/Kod/BTH/dbwebb-kurser/VTeam/Spark-backend/Spark-API-v1/src/versions/index.ts","sources":["/Users/frida/Kod/BTH/dbwebb-kurser/VTeam/Spark-backend/Spark-API-v1/src/versions/index.ts"],"names":[],"mappings":";;AAAA,qCAA0E;AAC1E,MAAM,MAAM,GAAG,IAAA,gBAAM,GAAE,CAAC;AAExB,MAAM,CAAC,GAAG,CAAC,KAAK,EAAE,OAAO,CAAC,MAAM,CAAC,CAAC,CAAC;AACnC,MAAM,CAAC,GAAG,CAAC,KAAK,EAAE,OAAO,CAAC,MAAM,CAAC,CAAC,CAAC;AAEnC,MAAM,CAAC,OAAO,GAAG,MAAM,CAAC","sourcesContent":["import express, { Application, Request, Response, Router } from 'express';\nconst router = Router();\n\nrouter.use('/v1', require('./v1'));\nrouter.use('/v2', require('./v2'));\n\nmodule.exports = router;\n"]},"_coverageSchema":"1a1c01bbd47fc00a2c39e90264f33305004495a9","hash":"a6ee0f65eaf7f1b01ce9648e0d1450185158ee3f","contentHash":"b6c8efc10995b29a6be12bef716788f837f280f842483875615cf2c0a40e59a2"},"/Users/frida/Kod/BTH/dbwebb-kurser/VTeam/Spark-backend/Spark-API-v1/src/versions/v1/index.ts":{"path":"/Users/frida/Kod/BTH/dbwebb-kurser/VTeam/Spark-backend/Spark-API-v1/src/versions/v1/index.ts","statementMap":{"0":{"start":{"line":2,"column":0},"end":{"line":2,"column":62}},"1":{"start":{"line":3,"column":18},"end":{"line":3,"column":36}},"2":{"start":{"line":4,"column":15},"end":{"line":4,"column":38}},"3":{"start":{"line":5,"column":0},"end":{"line":5,"column":42}},"4":{"start":{"line":6,"column":0},"end":{"line":6,"column":45}},"5":{"start":{"line":7,"column":0},"end":{"line":7,"column":42}},"6":{"start":{"line":8,"column":0},"end":{"line":8,"column":42}},"7":{"start":{"line":9,"column":0},"end":{"line":9,"column":42}},"8":{"start":{"line":10,"column":0},"end":{"line":10,"column":43}},"9":{"start":{"line":11,"column":0},"end":{"line":11,"column":42}},"10":{"start":{"line":12,"column":0},"end":{"line":12,"column":45}},"11":{"start":{"line":13,"column":0},"end":{"line":13,"column":46}},"12":{"start":{"line":14,"column":0},"end":{"line":14,"column":45}},"13":{"start":{"line":15,"column":0},"end":{"line":15,"column":45}},"14":{"start":{"line":16,"column":0},"end":{"line":16,"column":45}},"15":{"start":{"line":17,"column":0},"end":{"line":17,"column":48}},"16":{"start":{"line":18,"column":0},"end":{"line":18,"column":24}}},"fnMap":{},"branchMap":{},"s":{"0":1,"1":1,"2":1,"3":1,"4":1,"5":1,"6":1,"7":1,"8":1,"9":1,"10":1,"11":1,"12":1,"13":1,"14":1,"15":1,"16":1},"f":{},"b":{},"inputSourceMap":{"version":3,"file":"/Users/frida/Kod/BTH/dbwebb-kurser/VTeam/Spark-backend/Spark-API-v1/src/versions/v1/index.ts","sources":["/Users/frida/Kod/BTH/dbwebb-kurser/VTeam/Spark-backend/Spark-API-v1/src/versions/v1/index.ts"],"names":[],"mappings":";;AAAA,qCAA0E;AAC1E,MAAM,MAAM,GAAG,IAAA,gBAAM,GAAE,CAAC;AAOxB,MAAM,CAAC,GAAG,CAAC,GAAG,EAAE,OAAO,CAAC,eAAe,CAAC,CAAC,CAAC;AAC1C,MAAM,CAAC,GAAG,CAAC,GAAG,EAAE,OAAO,CAAC,kBAAkB,CAAC,CAAC,CAAC;AAC7C,MAAM,CAAC,GAAG,CAAC,GAAG,EAAE,OAAO,CAAC,eAAe,CAAC,CAAC,CAAC;AAC1C,MAAM,CAAC,GAAG,CAAC,GAAG,EAAE,OAAO,CAAC,eAAe,CAAC,CAAC,CAAC;AAC1C,MAAM,CAAC,GAAG,CAAC,GAAG,EAAE,OAAO,CAAC,eAAe,CAAC,CAAC,CAAC;AAC1C,MAAM,CAAC,GAAG,CAAC,GAAG,EAAE,OAAO,CAAC,gBAAgB,CAAC,CAAC,CAAC;AAC3C,MAAM,CAAC,GAAG,CAAC,GAAG,EAAE,OAAO,CAAC,eAAe,CAAC,CAAC,CAAC;AAC1C,MAAM,CAAC,GAAG,CAAC,GAAG,EAAE,OAAO,CAAC,kBAAkB,CAAC,CAAC,CAAC;AAC7C,MAAM,CAAC,GAAG,CAAC,GAAG,EAAE,OAAO,CAAC,mBAAmB,CAAC,CAAC,CAAC;AAC9C,MAAM,CAAC,GAAG,CAAC,GAAG,EAAE,OAAO,CAAC,kBAAkB,CAAC,CAAC,CAAC;AAC7C,MAAM,CAAC,GAAG,CAAC,GAAG,EAAE,OAAO,CAAC,kBAAkB,CAAC,CAAC,CAAC;AAC7C,MAAM,CAAC,GAAG,CAAC,GAAG,EAAE,OAAO,CAAC,kBAAkB,CAAC,CAAC,CAAC;AAC7C,MAAM,CAAC,GAAG,CAAC,GAAG,EAAE,OAAO,CAAC,qBAAqB,CAAC,CAAC,CAAC;AAEhD,MAAM,CAAC,OAAO,GAAG,MAAM,CAAC","sourcesContent":["import express, { Application, Request, Response, Router } from 'express';\nconst router = Router();\n\n/**\n * v1 ROUTE\n * /v1/:\n * Below endpoints are included in version 1\n */\nrouter.use('/', require('./routes/main'));\nrouter.use('/', require('./routes/station'));\nrouter.use('/', require('./routes/user'));\nrouter.use('/', require('./routes/bike'));\nrouter.use('/', require('./routes/rent'));\nrouter.use('/', require('./routes/admin'));\nrouter.use('/', require('./routes/auth'));\nrouter.use('/', require('./routes/charger'));\nrouter.use('/', require('./routes/geofence'));\nrouter.use('/', require('./routes/invoice'));\nrouter.use('/', require('./routes/pricing'));\nrouter.use('/', require('./routes/apiKeys'));\nrouter.use('/', require('./routes/creditcard'));\n\nmodule.exports = router;\n"]},"_coverageSchema":"1a1c01bbd47fc00a2c39e90264f33305004495a9","hash":"ecff953c7dd0c9334dd869794212dab7351e8604","contentHash":"8e9a28d168651c3148004c594e87f66f0b97546b9a05a20621c19ceb140fa1e8"},"/Users/frida/Kod/BTH/dbwebb-kurser/VTeam/Spark-backend/Spark-API-v1/src/versions/v1/routes/main.ts":{"path":"/Users/frida/Kod/BTH/dbwebb-kurser/VTeam/Spark-backend/Spark-API-v1/src/versions/v1/routes/main.ts","statementMap":{"0":{"start":{"line":2,"column":0},"end":{"line":2,"column":62}},"1":{"start":{"line":3,"column":18},"end":{"line":3,"column":36}},"2":{"start":{"line":4,"column":15},"end":{"line":4,"column":38}},"3":{"start":{"line":5,"column":17},"end":{"line":5,"column":35}},"4":{"start":{"line":6,"column":0},"end":{"line":11,"column":3}},"5":{"start":{"line":7,"column":17},"end":{"line":9,"column":5}},"6":{"start":{"line":10,"column":4},"end":{"line":10,"column":19}},"7":{"start":{"line":12,"column":0},"end":{"line":12,"column":24}}},"fnMap":{"0":{"name":"(anonymous_0)","decl":{"start":{"line":6,"column":16},"end":{"line":6,"column":17}},"loc":{"start":{"line":6,"column":30},"end":{"line":11,"column":1}},"line":6}},"branchMap":{},"s":{"0":1,"1":1,"2":1,"3":1,"4":1,"5":1,"6":1,"7":1},"f":{"0":1},"b":{},"inputSourceMap":{"version":3,"file":"/Users/frida/Kod/BTH/dbwebb-kurser/VTeam/Spark-backend/Spark-API-v1/src/versions/v1/routes/main.ts","sources":["/Users/frida/Kod/BTH/dbwebb-kurser/VTeam/Spark-backend/Spark-API-v1/src/versions/v1/routes/main.ts"],"names":[],"mappings":";;AAAA,qCAAoD;AACpD,MAAM,MAAM,GAAG,IAAA,gBAAM,GAAE,CAAC;AACxB,MAAM,QAAQ,GAAG,kBAAkB,CAAC;AAcpC,MAAM,CAAC,GAAG,CAAC,GAAG,EAAE,CAAC,GAAY,EAAE,GAAa,EAAE,EAAE;IAC5C,MAAM,IAAI,GAAG;QACT,KAAK,EAAE,mBAAmB,QAAQ,EAAE;KACvC,CAAC;IACF,GAAG,CAAC,IAAI,CAAC,IAAI,CAAC,CAAC;AACnB,CAAC,CAAC,CAAC;AAEH,MAAM,CAAC,OAAO,GAAG,MAAM,CAAC","sourcesContent":["import { Request, Response, Router } from 'express';\nconst router = Router();\nconst sitename = 'Spark API | Main';\n\n/**\n * Main ROUTE\n * /:\n *   get:\n *     summary: Display\n *     description: Render welcome page\n * @param {Request}  req  The incoming request.\n * @param {Response} res  The outgoing response.\n * @param {Function} next Next to call in chain of middleware.\n *\n * @returns {void}\n */\nrouter.get('/', (req: Request, res: Response) => {\n    const data = {\n        title: `Welcome to the  ${sitename}`,\n    };\n    res.send(data);\n});\n\nmodule.exports = router;\n"]},"_coverageSchema":"1a1c01bbd47fc00a2c39e90264f33305004495a9","hash":"8497ae0607c54085f40990fc1f7dafc197a2d94d","contentHash":"812581f7e2e356c88a9522b2ae82d1556dfa030bceeabdf97565d85f784c0d8f"},"/Users/frida/Kod/BTH/dbwebb-kurser/VTeam/Spark-backend/Spark-API-v1/src/versions/v1/routes/station.ts":{"path":"/Users/frida/Kod/BTH/dbwebb-kurser/VTeam/Spark-backend/Spark-API-v1/src/versions/v1/routes/station.ts","statementMap":{"0":{"start":{"line":2,"column":16},"end":{"line":10,"column":1}},"1":{"start":{"line":3,"column":28},"end":{"line":3,"column":110}},"2":{"start":{"line":3,"column":91},"end":{"line":3,"column":106}},"3":{"start":{"line":4,"column":4},"end":{"line":9,"column":7}},"4":{"start":{"line":5,"column":36},"end":{"line":5,"column":97}},"5":{"start":{"line":5,"column":42},"end":{"line":5,"column":70}},"6":{"start":{"line":5,"column":85},"end":{"line":5,"column":95}},"7":{"start":{"line":6,"column":35},"end":{"line":6,"column":100}},"8":{"start":{"line":6,"column":41},"end":{"line":6,"column":73}},"9":{"start":{"line":6,"column":88},"end":{"line":6,"column":98}},"10":{"start":{"line":7,"column":32},"end":{"line":7,"column":116}},"11":{"start":{"line":8,"column":8},"end":{"line":8,"column":78}},"12":{"start":{"line":11,"column":22},"end":{"line":13,"column":1}},"13":{"start":{"line":12,"column":4},"end":{"line":12,"column":62}},"14":{"start":{"line":14,"column":0},"end":{"line":14,"column":62}},"15":{"start":{"line":15,"column":18},"end":{"line":15,"column":36}},"16":{"start":{"line":16,"column":18},"end":{"line":16,"column":69}},"17":{"start":{"line":17,"column":15},"end":{"line":17,"column":38}},"18":{"start":{"line":18,"column":0},"end":{"line":25,"column":4}},"19":{"start":{"line":18,"column":43},"end":{"line":25,"column":2}},"20":{"start":{"line":19,"column":4},"end":{"line":24,"column":5}},"21":{"start":{"line":20,"column":8},"end":{"line":20,"column":66}},"22":{"start":{"line":23,"column":8},"end":{"line":23,"column":20}},"23":{"start":{"line":26,"column":0},"end":{"line":34,"column":4}},"24":{"start":{"line":26,"column":47},"end":{"line":34,"column":2}},"25":{"start":{"line":27,"column":22},"end":{"line":27,"column":35}},"26":{"start":{"line":28,"column":4},"end":{"line":33,"column":5}},"27":{"start":{"line":29,"column":8},"end":{"line":29,"column":75}},"28":{"start":{"line":32,"column":8},"end":{"line":32,"column":20}},"29":{"start":{"line":35,"column":0},"end":{"line":35,"column":24}}},"fnMap":{"0":{"name":"(anonymous_0)","decl":{"start":{"line":2,"column":44},"end":{"line":2,"column":45}},"loc":{"start":{"line":2,"column":89},"end":{"line":10,"column":1}},"line":2},"1":{"name":"adopt","decl":{"start":{"line":3,"column":13},"end":{"line":3,"column":18}},"loc":{"start":{"line":3,"column":26},"end":{"line":3,"column":112}},"line":3},"2":{"name":"(anonymous_2)","decl":{"start":{"line":3,"column":70},"end":{"line":3,"column":71}},"loc":{"start":{"line":3,"column":89},"end":{"line":3,"column":108}},"line":3},"3":{"name":"(anonymous_3)","decl":{"start":{"line":4,"column":36},"end":{"line":4,"column":37}},"loc":{"start":{"line":4,"column":63},"end":{"line":9,"column":5}},"line":4},"4":{"name":"fulfilled","decl":{"start":{"line":5,"column":17},"end":{"line":5,"column":26}},"loc":{"start":{"line":5,"column":34},"end":{"line":5,"column":99}},"line":5},"5":{"name":"rejected","decl":{"start":{"line":6,"column":17},"end":{"line":6,"column":25}},"loc":{"start":{"line":6,"column":33},"end":{"line":6,"column":102}},"line":6},"6":{"name":"step","decl":{"start":{"line":7,"column":17},"end":{"line":7,"column":21}},"loc":{"start":{"line":7,"column":30},"end":{"line":7,"column":118}},"line":7},"7":{"name":"(anonymous_7)","decl":{"start":{"line":11,"column":56},"end":{"line":11,"column":57}},"loc":{"start":{"line":11,"column":71},"end":{"line":13,"column":1}},"line":11},"8":{"name":"(anonymous_8)","decl":{"start":{"line":18,"column":23},"end":{"line":18,"column":24}},"loc":{"start":{"line":18,"column":43},"end":{"line":25,"column":2}},"line":18},"9":{"name":"(anonymous_9)","decl":{"start":{"line":18,"column":77},"end":{"line":18,"column":78}},"loc":{"start":{"line":18,"column":90},"end":{"line":25,"column":1}},"line":18},"10":{"name":"(anonymous_10)","decl":{"start":{"line":26,"column":27},"end":{"line":26,"column":28}},"loc":{"start":{"line":26,"column":47},"end":{"line":34,"column":2}},"line":26},"11":{"name":"(anonymous_11)","decl":{"start":{"line":26,"column":81},"end":{"line":26,"column":82}},"loc":{"start":{"line":26,"column":94},"end":{"line":34,"column":1}},"line":26}},"branchMap":{"0":{"loc":{"start":{"line":2,"column":16},"end":{"line":10,"column":1}},"type":"binary-expr","locations":[{"start":{"line":2,"column":17},"end":{"line":2,"column":21}},{"start":{"line":2,"column":25},"end":{"line":2,"column":39}},{"start":{"line":2,"column":44},"end":{"line":10,"column":1}}],"line":2},"1":{"loc":{"start":{"line":3,"column":35},"end":{"line":3,"column":109}},"type":"cond-expr","locations":[{"start":{"line":3,"column":56},"end":{"line":3,"column":61}},{"start":{"line":3,"column":64},"end":{"line":3,"column":109}}],"line":3},"2":{"loc":{"start":{"line":4,"column":16},"end":{"line":4,"column":34}},"type":"binary-expr","locations":[{"start":{"line":4,"column":16},"end":{"line":4,"column":17}},{"start":{"line":4,"column":22},"end":{"line":4,"column":33}}],"line":4},"3":{"loc":{"start":{"line":7,"column":32},"end":{"line":7,"column":115}},"type":"cond-expr","locations":[{"start":{"line":7,"column":46},"end":{"line":7,"column":67}},{"start":{"line":7,"column":70},"end":{"line":7,"column":115}}],"line":7},"4":{"loc":{"start":{"line":8,"column":51},"end":{"line":8,"column":67}},"type":"binary-expr","locations":[{"start":{"line":8,"column":51},"end":{"line":8,"column":61}},{"start":{"line":8,"column":65},"end":{"line":8,"column":67}}],"line":8},"5":{"loc":{"start":{"line":11,"column":22},"end":{"line":13,"column":1}},"type":"binary-expr","locations":[{"start":{"line":11,"column":23},"end":{"line":11,"column":27}},{"start":{"line":11,"column":31},"end":{"line":11,"column":51}},{"start":{"line":11,"column":56},"end":{"line":13,"column":1}}],"line":11},"6":{"loc":{"start":{"line":12,"column":11},"end":{"line":12,"column":61}},"type":"cond-expr","locations":[{"start":{"line":12,"column":37},"end":{"line":12,"column":40}},{"start":{"line":12,"column":43},"end":{"line":12,"column":61}}],"line":12},"7":{"loc":{"start":{"line":12,"column":12},"end":{"line":12,"column":33}},"type":"binary-expr","locations":[{"start":{"line":12,"column":12},"end":{"line":12,"column":15}},{"start":{"line":12,"column":19},"end":{"line":12,"column":33}}],"line":12}},"s":{"0":1,"1":1,"2":0,"3":1,"4":0,"5":0,"6":0,"7":1,"8":1,"9":0,"10":2,"11":1,"12":1,"13":1,"14":1,"15":1,"16":1,"17":1,"18":1,"19":1,"20":1,"21":1,"22":1,"23":1,"24":0,"25":0,"26":0,"27":0,"28":0,"29":1},"f":{"0":1,"1":1,"2":0,"3":1,"4":0,"5":1,"6":2,"7":1,"8":1,"9":1,"10":0,"11":0},"b":{"0":[1,1,1],"1":[1,0],"2":[1,1],"3":[1,1],"4":[1,1],"5":[1,1,1],"6":[1,0],"7":[1,1]},"inputSourceMap":{"version":3,"file":"/Users/frida/Kod/BTH/dbwebb-kurser/VTeam/Spark-backend/Spark-API-v1/src/versions/v1/routes/station.ts","sources":["/Users/frida/Kod/BTH/dbwebb-kurser/VTeam/Spark-backend/Spark-API-v1/src/versions/v1/routes/station.ts"],"names":[],"mappings":";;;;;;;;;;;;;;AAAA,qCAAkE;AAElE,sEAAmD;AACnD,MAAM,MAAM,GAAG,IAAA,gBAAM,GAAE,CAAC;AAcxB,MAAM,CAAC,GAAG,CAAC,UAAU,EAAE,CAAO,GAAY,EAAE,GAAa,EAAE,IAAkB,EAAE,EAAE;IAC7E,IAAI;QACA,OAAO,MAAM,iBAAY,CAAC,eAAe,CAAC,GAAG,EAAE,IAAI,CAAC,CAAC;KACxD;IAAC,OAAO,KAAK,EAAE;QACZ,IAAI,CAAC,KAAK,CAAC,CAAC;KACf;AACL,CAAC,CAAA,CAAC,CAAC;AAcH,MAAM,CAAC,GAAG,CAAC,cAAc,EAAE,CAAO,GAAY,EAAE,GAAa,EAAE,IAAkB,EAAE,EAAE;IACjF,MAAM,SAAS,GAAG,GAAG,CAAC,MAAM,CAAC,EAAE,CAAC;IAChC,IAAI;QACA,OAAO,MAAM,iBAAY,CAAC,aAAa,CAAC,SAAS,EAAE,GAAG,EAAE,IAAI,CAAC,CAAC;KACjE;IAAC,OAAO,KAAK,EAAE;QACZ,IAAI,CAAC,KAAK,CAAC,CAAC;KACf;AACL,CAAC,CAAA,CAAC,CAAC;AAEH,MAAM,CAAC,OAAO,GAAG,MAAM,CAAC","sourcesContent":["import { NextFunction, Request, Response, Router } from 'express';\n\nimport stationModel from '../../../models/station';\nconst router = Router();\n\n/**\n * Stations ROUTE\n *  /station:\n *   get:\n *     summary: List of stations\n *     description: Render  page\n * @param {Request}  req  The incoming request.\n * @param {Response} res  The outgoing response.\n * @param {Function} next Next to call in chain of middleware.\n *\n * @returns {void}\n */\nrouter.get('/station', async (req: Request, res: Response, next: NextFunction) => {\n    try {\n        return await stationModel.showAllStations(res, next);\n    } catch (error) {\n        next(error);\n    }\n});\n\n/**\n * Stations ROUTE\n *  /station/:id:\n *   get:\n *     summary: One station\n *     description: Render station by ID\n *  @param {Request}  req  The incoming request.\n *  @param {Response} res  The outgoing response.\n *  @param {Function} next Next to call in chain of middleware.\n *\n * @returns {void}\n */\nrouter.get('/station/:id', async (req: Request, res: Response, next: NextFunction) => {\n    const stationId = req.params.id;\n    try {\n        return await stationModel.getOneStation(stationId, res, next);\n    } catch (error) {\n        next(error);\n    }\n});\n\nmodule.exports = router;\n"]},"_coverageSchema":"1a1c01bbd47fc00a2c39e90264f33305004495a9","hash":"afe575472c69afcdc40014662b0f1d3771945c3e","contentHash":"153be4b56d02a792dfd276f611bf25877e42eba693189af3d3b038a7c06678e6"},"/Users/frida/Kod/BTH/dbwebb-kurser/VTeam/Spark-backend/Spark-API-v1/src/models/station.ts":{"path":"/Users/frida/Kod/BTH/dbwebb-kurser/VTeam/Spark-backend/Spark-API-v1/src/models/station.ts","statementMap":{"0":{"start":{"line":2,"column":16},"end":{"line":10,"column":1}},"1":{"start":{"line":3,"column":28},"end":{"line":3,"column":110}},"2":{"start":{"line":3,"column":91},"end":{"line":3,"column":106}},"3":{"start":{"line":4,"column":4},"end":{"line":9,"column":7}},"4":{"start":{"line":5,"column":36},"end":{"line":5,"column":97}},"5":{"start":{"line":5,"column":42},"end":{"line":5,"column":70}},"6":{"start":{"line":5,"column":85},"end":{"line":5,"column":95}},"7":{"start":{"line":6,"column":35},"end":{"line":6,"column":100}},"8":{"start":{"line":6,"column":41},"end":{"line":6,"column":73}},"9":{"start":{"line":6,"column":88},"end":{"line":6,"column":98}},"10":{"start":{"line":7,"column":32},"end":{"line":7,"column":116}},"11":{"start":{"line":8,"column":8},"end":{"line":8,"column":78}},"12":{"start":{"line":11,"column":22},"end":{"line":13,"column":1}},"13":{"start":{"line":12,"column":4},"end":{"line":12,"column":62}},"14":{"start":{"line":14,"column":0},"end":{"line":14,"column":62}},"15":{"start":{"line":15,"column":13},"end":{"line":15,"column":49}},"16":{"start":{"line":16,"column":21},"end":{"line":49,"column":1}},"17":{"start":{"line":18,"column":8},"end":{"line":31,"column":11}},"18":{"start":{"line":19,"column":23},"end":{"line":19,"column":49}},"19":{"start":{"line":20,"column":12},"end":{"line":30,"column":13}},"20":{"start":{"line":21,"column":28},"end":{"line":21,"column":50}},"21":{"start":{"line":22,"column":30},"end":{"line":22,"column":49}},"22":{"start":{"line":23,"column":16},"end":{"line":23,"column":70}},"23":{"start":{"line":26,"column":16},"end":{"line":26,"column":28}},"24":{"start":{"line":29,"column":16},"end":{"line":29,"column":31}},"25":{"start":{"line":34,"column":8},"end":{"line":47,"column":11}},"26":{"start":{"line":35,"column":23},"end":{"line":35,"column":49}},"27":{"start":{"line":36,"column":12},"end":{"line":46,"column":13}},"28":{"start":{"line":37,"column":28},"end":{"line":37,"column":49}},"29":{"start":{"line":38,"column":30},"end":{"line":38,"column":62}},"30":{"start":{"line":39,"column":16},"end":{"line":39,"column":70}},"31":{"start":{"line":42,"column":16},"end":{"line":42,"column":28}},"32":{"start":{"line":45,"column":16},"end":{"line":45,"column":31}},"33":{"start":{"line":50,"column":0},"end":{"line":50,"column":31}}},"fnMap":{"0":{"name":"(anonymous_0)","decl":{"start":{"line":2,"column":44},"end":{"line":2,"column":45}},"loc":{"start":{"line":2,"column":89},"end":{"line":10,"column":1}},"line":2},"1":{"name":"adopt","decl":{"start":{"line":3,"column":13},"end":{"line":3,"column":18}},"loc":{"start":{"line":3,"column":26},"end":{"line":3,"column":112}},"line":3},"2":{"name":"(anonymous_2)","decl":{"start":{"line":3,"column":70},"end":{"line":3,"column":71}},"loc":{"start":{"line":3,"column":89},"end":{"line":3,"column":108}},"line":3},"3":{"name":"(anonymous_3)","decl":{"start":{"line":4,"column":36},"end":{"line":4,"column":37}},"loc":{"start":{"line":4,"column":63},"end":{"line":9,"column":5}},"line":4},"4":{"name":"fulfilled","decl":{"start":{"line":5,"column":17},"end":{"line":5,"column":26}},"loc":{"start":{"line":5,"column":34},"end":{"line":5,"column":99}},"line":5},"5":{"name":"rejected","decl":{"start":{"line":6,"column":17},"end":{"line":6,"column":25}},"loc":{"start":{"line":6,"column":33},"end":{"line":6,"column":102}},"line":6},"6":{"name":"step","decl":{"start":{"line":7,"column":17},"end":{"line":7,"column":21}},"loc":{"start":{"line":7,"column":30},"end":{"line":7,"column":118}},"line":7},"7":{"name":"(anonymous_7)","decl":{"start":{"line":11,"column":56},"end":{"line":11,"column":57}},"loc":{"start":{"line":11,"column":71},"end":{"line":13,"column":1}},"line":11},"8":{"name":"showAllStations","decl":{"start":{"line":17,"column":30},"end":{"line":17,"column":45}},"loc":{"start":{"line":17,"column":57},"end":{"line":32,"column":5}},"line":17},"9":{"name":"(anonymous_9)","decl":{"start":{"line":18,"column":47},"end":{"line":18,"column":48}},"loc":{"start":{"line":18,"column":60},"end":{"line":31,"column":9}},"line":18},"10":{"name":"getOneStation","decl":{"start":{"line":33,"column":28},"end":{"line":33,"column":41}},"loc":{"start":{"line":33,"column":64},"end":{"line":48,"column":5}},"line":33},"11":{"name":"(anonymous_11)","decl":{"start":{"line":34,"column":47},"end":{"line":34,"column":48}},"loc":{"start":{"line":34,"column":60},"end":{"line":47,"column":9}},"line":34}},"branchMap":{"0":{"loc":{"start":{"line":2,"column":16},"end":{"line":10,"column":1}},"type":"binary-expr","locations":[{"start":{"line":2,"column":17},"end":{"line":2,"column":21}},{"start":{"line":2,"column":25},"end":{"line":2,"column":39}},{"start":{"line":2,"column":44},"end":{"line":10,"column":1}}],"line":2},"1":{"loc":{"start":{"line":3,"column":35},"end":{"line":3,"column":109}},"type":"cond-expr","locations":[{"start":{"line":3,"column":56},"end":{"line":3,"column":61}},{"start":{"line":3,"column":64},"end":{"line":3,"column":109}}],"line":3},"2":{"loc":{"start":{"line":4,"column":16},"end":{"line":4,"column":34}},"type":"binary-expr","locations":[{"start":{"line":4,"column":16},"end":{"line":4,"column":17}},{"start":{"line":4,"column":22},"end":{"line":4,"column":33}}],"line":4},"3":{"loc":{"start":{"line":7,"column":32},"end":{"line":7,"column":115}},"type":"cond-expr","locations":[{"start":{"line":7,"column":46},"end":{"line":7,"column":67}},{"start":{"line":7,"column":70},"end":{"line":7,"column":115}}],"line":7},"4":{"loc":{"start":{"line":8,"column":51},"end":{"line":8,"column":67}},"type":"binary-expr","locations":[{"start":{"line":8,"column":51},"end":{"line":8,"column":61}},{"start":{"line":8,"column":65},"end":{"line":8,"column":67}}],"line":8},"5":{"loc":{"start":{"line":11,"column":22},"end":{"line":13,"column":1}},"type":"binary-expr","locations":[{"start":{"line":11,"column":23},"end":{"line":11,"column":27}},{"start":{"line":11,"column":31},"end":{"line":11,"column":51}},{"start":{"line":11,"column":56},"end":{"line":13,"column":1}}],"line":11},"6":{"loc":{"start":{"line":12,"column":11},"end":{"line":12,"column":61}},"type":"cond-expr","locations":[{"start":{"line":12,"column":37},"end":{"line":12,"column":40}},{"start":{"line":12,"column":43},"end":{"line":12,"column":61}}],"line":12},"7":{"loc":{"start":{"line":12,"column":12},"end":{"line":12,"column":33}},"type":"binary-expr","locations":[{"start":{"line":12,"column":12},"end":{"line":12,"column":15}},{"start":{"line":12,"column":19},"end":{"line":12,"column":33}}],"line":12}},"s":{"0":1,"1":1,"2":0,"3":1,"4":0,"5":0,"6":0,"7":1,"8":1,"9":1,"10":1,"11":1,"12":1,"13":1,"14":1,"15":1,"16":1,"17":1,"18":1,"19":0,"20":0,"21":0,"22":0,"23":0,"24":0,"25":0,"26":0,"27":0,"28":0,"29":0,"30":0,"31":0,"32":0,"33":1},"f":{"0":1,"1":1,"2":0,"3":1,"4":0,"5":1,"6":1,"7":1,"8":1,"9":1,"10":0,"11":0},"b":{"0":[1,1,1],"1":[1,0],"2":[1,1],"3":[0,1],"4":[1,1],"5":[1,1,1],"6":[1,0],"7":[1,1]},"inputSourceMap":{"version":3,"file":"/Users/frida/Kod/BTH/dbwebb-kurser/VTeam/Spark-backend/Spark-API-v1/src/models/station.ts","sources":["/Users/frida/Kod/BTH/dbwebb-kurser/VTeam/Spark-backend/Spark-API-v1/src/models/station.ts"],"names":[],"mappings":";;;;;;;;;;;;;;AAGA,kDAAgC;AAEhC,MAAM,YAAY,GAAG;IAMjB,eAAe,EAAE,SAAe,eAAe,CAAC,GAAa,EAAE,IAAkB;;YAC7E,MAAM,EAAE,GAAG,MAAM,YAAQ,CAAC,KAAK,EAAE,CAAC;YAClC,IAAI;gBACA,MAAM,GAAG,GAAG,sBAAsB,CAAC;gBAEnC,MAAM,KAAK,GAAqC,MAAM,EAAE,CAAC,KAAK,CAAC,GAAG,CAAC,CAAC;gBAEpE,OAAO,GAAG,CAAC,IAAI,CAAC,EAAE,OAAO,EAAE,IAAI,EAAE,IAAI,EAAE,KAAK,CAAC,CAAC,CAAC,CAAC,CAAC,CAAC,EAAE,CAAC,CAAC;aACzD;YAAC,OAAO,KAAU,EAAE;gBACjB,IAAI,CAAC,KAAK,CAAC,CAAC;aACf;oBAAS;gBACN,MAAM,EAAE,CAAC,GAAG,EAAE,CAAC;aAClB;QACL,CAAC;KAAA;IAMD,aAAa,EAAE,SAAe,aAAa,CAAC,SAAiB,EAAE,GAAa,EAAE,IAAkB;;YAC5F,MAAM,EAAE,GAAG,MAAM,YAAQ,CAAC,KAAK,EAAE,CAAC;YAClC,IAAI;gBACA,MAAM,GAAG,GAAG,qBAAqB,CAAC;gBAElC,MAAM,KAAK,GAAqC,MAAM,EAAE,CAAC,KAAK,CAAC,GAAG,EAAE,CAAC,SAAS,CAAC,CAAC,CAAC;gBAEjF,OAAO,GAAG,CAAC,IAAI,CAAC,EAAE,OAAO,EAAE,IAAI,EAAE,IAAI,EAAE,KAAK,CAAC,CAAC,CAAC,CAAC,CAAC,CAAC,EAAE,CAAC,CAAC;aACzD;YAAC,OAAO,KAAU,EAAE;gBACjB,IAAI,CAAC,KAAK,CAAC,CAAC;aACf;oBAAS;gBACN,MAAM,EAAE,CAAC,GAAG,EAAE,CAAC;aAClB;QACL,CAAC;KAAA;CACJ,CAAC;AAEF,kBAAe,YAAY,CAAC","sourcesContent":["import { NextFunction, Response } from 'express';\nimport { FieldPacket, RowDataPacket } from 'mysql2/promise';\n\nimport database from '../db/db';\n\nconst stationModel = {\n    /**\n     * Function to show all stations\n     * @async\n     * @returns {RowDataPacket} Resultset from the query.\n     */\n    showAllStations: async function showAllStations(res: Response, next: NextFunction) {\n        const db = await database.getDb();\n        try {\n            const sql = `CALL get_stations();`;\n\n            const dbRes: [RowDataPacket[], FieldPacket[]] = await db.query(sql);\n\n            return res.send({ success: true, data: dbRes[0][0] });\n        } catch (error: any) {\n            next(error);\n        } finally {\n            await db.end();\n        }\n    },\n    /**\n     * Function to show one station\n     * @async\n     * @returns {RowDataPacket} Resultset from the query.\n     */\n    getOneStation: async function getOneStation(stationId: string, res: Response, next: NextFunction) {\n        const db = await database.getDb();\n        try {\n            const sql = `CALL get_station(?)`;\n\n            const dbRes: [RowDataPacket[], FieldPacket[]] = await db.query(sql, [stationId]);\n\n            return res.send({ success: true, data: dbRes[0][0] });\n        } catch (error: any) {\n            next(error);\n        } finally {\n            await db.end();\n        }\n    },\n};\n\nexport default stationModel;\n"]},"_coverageSchema":"1a1c01bbd47fc00a2c39e90264f33305004495a9","hash":"db468afa235a0de6fa6ef43ae0d8a14b23530eb3","contentHash":"9c3534ae094b3f8ea213663b9ec3cd4c40da6c5f54cf80ded9fded52fa9fd18e"},"/Users/frida/Kod/BTH/dbwebb-kurser/VTeam/Spark-backend/Spark-API-v1/src/db/db.ts":{"path":"/Users/frida/Kod/BTH/dbwebb-kurser/VTeam/Spark-backend/Spark-API-v1/src/db/db.ts","statementMap":{"0":{"start":{"line":2,"column":16},"end":{"line":10,"column":1}},"1":{"start":{"line":3,"column":28},"end":{"line":3,"column":110}},"2":{"start":{"line":3,"column":91},"end":{"line":3,"column":106}},"3":{"start":{"line":4,"column":4},"end":{"line":9,"column":7}},"4":{"start":{"line":5,"column":36},"end":{"line":5,"column":97}},"5":{"start":{"line":5,"column":42},"end":{"line":5,"column":70}},"6":{"start":{"line":5,"column":85},"end":{"line":5,"column":95}},"7":{"start":{"line":6,"column":35},"end":{"line":6,"column":100}},"8":{"start":{"line":6,"column":41},"end":{"line":6,"column":73}},"9":{"start":{"line":6,"column":88},"end":{"line":6,"column":98}},"10":{"start":{"line":7,"column":32},"end":{"line":7,"column":116}},"11":{"start":{"line":8,"column":8},"end":{"line":8,"column":78}},"12":{"start":{"line":11,"column":22},"end":{"line":13,"column":1}},"13":{"start":{"line":12,"column":4},"end":{"line":12,"column":62}},"14":{"start":{"line":14,"column":0},"end":{"line":14,"column":62}},"15":{"start":{"line":15,"column":18},"end":{"line":15,"column":60}},"16":{"start":{"line":16,"column":17},"end":{"line":16,"column":54}},"17":{"start":{"line":17,"column":17},"end":{"line":30,"column":1}},"18":{"start":{"line":19,"column":8},"end":{"line":28,"column":11}},"19":{"start":{"line":21,"column":12},"end":{"line":26,"column":15}},"20":{"start":{"line":27,"column":12},"end":{"line":27,"column":22}},"21":{"start":{"line":31,"column":0},"end":{"line":31,"column":27}}},"fnMap":{"0":{"name":"(anonymous_0)","decl":{"start":{"line":2,"column":44},"end":{"line":2,"column":45}},"loc":{"start":{"line":2,"column":89},"end":{"line":10,"column":1}},"line":2},"1":{"name":"adopt","decl":{"start":{"line":3,"column":13},"end":{"line":3,"column":18}},"loc":{"start":{"line":3,"column":26},"end":{"line":3,"column":112}},"line":3},"2":{"name":"(anonymous_2)","decl":{"start":{"line":3,"column":70},"end":{"line":3,"column":71}},"loc":{"start":{"line":3,"column":89},"end":{"line":3,"column":108}},"line":3},"3":{"name":"(anonymous_3)","decl":{"start":{"line":4,"column":36},"end":{"line":4,"column":37}},"loc":{"start":{"line":4,"column":63},"end":{"line":9,"column":5}},"line":4},"4":{"name":"fulfilled","decl":{"start":{"line":5,"column":17},"end":{"line":5,"column":26}},"loc":{"start":{"line":5,"column":34},"end":{"line":5,"column":99}},"line":5},"5":{"name":"rejected","decl":{"start":{"line":6,"column":17},"end":{"line":6,"column":25}},"loc":{"start":{"line":6,"column":33},"end":{"line":6,"column":102}},"line":6},"6":{"name":"step","decl":{"start":{"line":7,"column":17},"end":{"line":7,"column":21}},"loc":{"start":{"line":7,"column":30},"end":{"line":7,"column":118}},"line":7},"7":{"name":"(anonymous_7)","decl":{"start":{"line":11,"column":56},"end":{"line":11,"column":57}},"loc":{"start":{"line":11,"column":71},"end":{"line":13,"column":1}},"line":11},"8":{"name":"getDb","decl":{"start":{"line":18,"column":20},"end":{"line":18,"column":25}},"loc":{"start":{"line":18,"column":28},"end":{"line":29,"column":5}},"line":18},"9":{"name":"(anonymous_9)","decl":{"start":{"line":19,"column":47},"end":{"line":19,"column":48}},"loc":{"start":{"line":19,"column":60},"end":{"line":28,"column":9}},"line":19}},"branchMap":{"0":{"loc":{"start":{"line":2,"column":16},"end":{"line":10,"column":1}},"type":"binary-expr","locations":[{"start":{"line":2,"column":17},"end":{"line":2,"column":21}},{"start":{"line":2,"column":25},"end":{"line":2,"column":39}},{"start":{"line":2,"column":44},"end":{"line":10,"column":1}}],"line":2},"1":{"loc":{"start":{"line":3,"column":35},"end":{"line":3,"column":109}},"type":"cond-expr","locations":[{"start":{"line":3,"column":56},"end":{"line":3,"column":61}},{"start":{"line":3,"column":64},"end":{"line":3,"column":109}}],"line":3},"2":{"loc":{"start":{"line":4,"column":16},"end":{"line":4,"column":34}},"type":"binary-expr","locations":[{"start":{"line":4,"column":16},"end":{"line":4,"column":17}},{"start":{"line":4,"column":22},"end":{"line":4,"column":33}}],"line":4},"3":{"loc":{"start":{"line":7,"column":32},"end":{"line":7,"column":115}},"type":"cond-expr","locations":[{"start":{"line":7,"column":46},"end":{"line":7,"column":67}},{"start":{"line":7,"column":70},"end":{"line":7,"column":115}}],"line":7},"4":{"loc":{"start":{"line":8,"column":51},"end":{"line":8,"column":67}},"type":"binary-expr","locations":[{"start":{"line":8,"column":51},"end":{"line":8,"column":61}},{"start":{"line":8,"column":65},"end":{"line":8,"column":67}}],"line":8},"5":{"loc":{"start":{"line":11,"column":22},"end":{"line":13,"column":1}},"type":"binary-expr","locations":[{"start":{"line":11,"column":23},"end":{"line":11,"column":27}},{"start":{"line":11,"column":31},"end":{"line":11,"column":51}},{"start":{"line":11,"column":56},"end":{"line":13,"column":1}}],"line":11},"6":{"loc":{"start":{"line":12,"column":11},"end":{"line":12,"column":61}},"type":"cond-expr","locations":[{"start":{"line":12,"column":37},"end":{"line":12,"column":40}},{"start":{"line":12,"column":43},"end":{"line":12,"column":61}}],"line":12},"7":{"loc":{"start":{"line":12,"column":12},"end":{"line":12,"column":33}},"type":"binary-expr","locations":[{"start":{"line":12,"column":12},"end":{"line":12,"column":15}},{"start":{"line":12,"column":19},"end":{"line":12,"column":33}}],"line":12}},"s":{"0":1,"1":11,"2":0,"3":11,"4":0,"5":0,"6":0,"7":11,"8":11,"9":11,"10":11,"11":11,"12":1,"13":2,"14":1,"15":1,"16":1,"17":1,"18":11,"19":11,"20":0,"21":1},"f":{"0":11,"1":11,"2":0,"3":11,"4":0,"5":11,"6":11,"7":2,"8":11,"9":11},"b":{"0":[1,1,1],"1":[11,0],"2":[11,11],"3":[0,11],"4":[11,11],"5":[1,1,1],"6":[1,1],"7":[2,2]},"inputSourceMap":{"version":3,"file":"/Users/frida/Kod/BTH/dbwebb-kurser/VTeam/Spark-backend/Spark-API-v1/src/db/db.ts","sources":["/Users/frida/Kod/BTH/dbwebb-kurser/VTeam/Spark-backend/Spark-API-v1/src/db/db.ts"],"names":[],"mappings":";;;;;;;;;;;;;;AAAA,6DAAmC;AAEnC,uDAA+B;AAE/B,MAAM,QAAQ,GAAG;IAMb,KAAK,EAAE,SAAe,KAAK;;YACvB,IAAI,EAAoB,CAAC;YACzB,EAAE,GAAG,MAAM,iBAAK,CAAC,gBAAgB,CAAC;gBAC9B,IAAI,EAAE,gBAAM,CAAC,OAAO;gBACpB,IAAI,EAAE,gBAAM,CAAC,OAAO;gBACpB,QAAQ,EAAE,gBAAM,CAAC,OAAO;gBACxB,QAAQ,EAAE,gBAAM,CAAC,WAAW;aAC/B,CAAC,CAAC;YAEH,OAAO,EAAE,CAAC;QACd,CAAC;KAAA;CACJ,CAAC;AAEF,kBAAe,QAAQ,CAAC","sourcesContent":["import mysql from 'mysql2/promise';\n\nimport config from '../config';\n\nconst database = {\n    /**\n     * Main function to connect to database.\n     * @async\n     * @returns void\n     */\n    getDb: async function getDb() {\n        let db: mysql.Connection;\n        db = await mysql.createConnection({\n            host: config.DB_HOST,\n            user: config.DB_USER,\n            database: config.DB_NAME,\n            password: config.DB_PASSWORD,\n        });\n        // console.log('Db', db);\n        return db;\n    },\n};\n\nexport default database;\n"]},"_coverageSchema":"1a1c01bbd47fc00a2c39e90264f33305004495a9","hash":"5460b855858f5bcd8813c021d74170ab38ee7876","contentHash":"6d3563684c751be1deae0ea19a271ff7db0b2d81cb3ed6e6f79acc1c2f9e5cfc"},"/Users/frida/Kod/BTH/dbwebb-kurser/VTeam/Spark-backend/Spark-API-v1/src/config.ts":{"path":"/Users/frida/Kod/BTH/dbwebb-kurser/VTeam/Spark-backend/Spark-API-v1/src/config.ts","statementMap":{"0":{"start":{"line":2,"column":22},"end":{"line":4,"column":1}},"1":{"start":{"line":3,"column":4},"end":{"line":3,"column":62}},"2":{"start":{"line":5,"column":0},"end":{"line":5,"column":62}},"3":{"start":{"line":6,"column":15},"end":{"line":6,"column":47}},"4":{"start":{"line":7,"column":17},"end":{"line":7,"column":51}},"5":{"start":{"line":8,"column":0},"end":{"line":8,"column":80}},"6":{"start":{"line":9,"column":18},"end":{"line":17,"column":1}},"7":{"start":{"line":10,"column":4},"end":{"line":16,"column":6}},"8":{"start":{"line":18,"column":26},"end":{"line":25,"column":1}},"9":{"start":{"line":19,"column":4},"end":{"line":23,"column":5}},"10":{"start":{"line":20,"column":8},"end":{"line":22,"column":9}},"11":{"start":{"line":21,"column":12},"end":{"line":21,"column":64}},"12":{"start":{"line":24,"column":4},"end":{"line":24,"column":18}},"13":{"start":{"line":26,"column":15},"end":{"line":26,"column":26}},"14":{"start":{"line":27,"column":24},"end":{"line":27,"column":49}},"15":{"start":{"line":28,"column":0},"end":{"line":28,"column":34}}},"fnMap":{"0":{"name":"(anonymous_0)","decl":{"start":{"line":2,"column":56},"end":{"line":2,"column":57}},"loc":{"start":{"line":2,"column":71},"end":{"line":4,"column":1}},"line":2},"1":{"name":"(anonymous_1)","decl":{"start":{"line":9,"column":18},"end":{"line":9,"column":19}},"loc":{"start":{"line":9,"column":24},"end":{"line":17,"column":1}},"line":9},"2":{"name":"(anonymous_2)","decl":{"start":{"line":18,"column":26},"end":{"line":18,"column":27}},"loc":{"start":{"line":18,"column":38},"end":{"line":25,"column":1}},"line":18}},"branchMap":{"0":{"loc":{"start":{"line":2,"column":22},"end":{"line":4,"column":1}},"type":"binary-expr","locations":[{"start":{"line":2,"column":23},"end":{"line":2,"column":27}},{"start":{"line":2,"column":31},"end":{"line":2,"column":51}},{"start":{"line":2,"column":56},"end":{"line":4,"column":1}}],"line":2},"1":{"loc":{"start":{"line":3,"column":11},"end":{"line":3,"column":61}},"type":"cond-expr","locations":[{"start":{"line":3,"column":37},"end":{"line":3,"column":40}},{"start":{"line":3,"column":43},"end":{"line":3,"column":61}}],"line":3},"2":{"loc":{"start":{"line":3,"column":12},"end":{"line":3,"column":33}},"type":"binary-expr","locations":[{"start":{"line":3,"column":12},"end":{"line":3,"column":15}},{"start":{"line":3,"column":19},"end":{"line":3,"column":33}}],"line":3},"3":{"loc":{"start":{"line":20,"column":8},"end":{"line":22,"column":9}},"type":"if","locations":[{"start":{"line":20,"column":8},"end":{"line":22,"column":9}},{"start":{"line":20,"column":8},"end":{"line":22,"column":9}}],"line":20}},"s":{"0":1,"1":2,"2":1,"3":1,"4":1,"5":1,"6":1,"7":1,"8":1,"9":1,"10":5,"11":0,"12":1,"13":1,"14":1,"15":1},"f":{"0":2,"1":1,"2":1},"b":{"0":[1,1,1],"1":[0,2],"2":[2,2],"3":[0,5]},"inputSourceMap":{"version":3,"file":"/Users/frida/Kod/BTH/dbwebb-kurser/VTeam/Spark-backend/Spark-API-v1/src/config.ts","sources":["/Users/frida/Kod/BTH/dbwebb-kurser/VTeam/Spark-backend/Spark-API-v1/src/config.ts"],"names":[],"mappings":";;;;;AAAA,gDAAwB;AACxB,oDAA4B;AAG5B,gBAAM,CAAC,MAAM,CAAC,EAAE,IAAI,EAAE,cAAI,CAAC,OAAO,CAAC,UAAU,EAAE,QAAQ,CAAC,EAAE,CAAC,CAAC;AAwB5D,MAAM,SAAS,GAAG,GAAQ,EAAE;IACxB,OAAO;QACH,OAAO,EAAE,OAAO,CAAC,GAAG,CAAC,OAAO;QAC5B,WAAW,EAAE,OAAO,CAAC,GAAG,CAAC,WAAW;QACpC,OAAO,EAAE,OAAO,CAAC,GAAG,CAAC,OAAO;QAC5B,OAAO,EAAE,MAAM,CAAC,OAAO,CAAC,GAAG,CAAC,IAAI,CAAC;QACjC,OAAO,EAAE,OAAO,CAAC,GAAG,CAAC,OAAO;KAC/B,CAAC;AACN,CAAC,CAAC;AAQF,MAAM,iBAAiB,GAAG,CAAC,MAAW,EAAU,EAAE;IAC9C,KAAK,MAAM,CAAC,GAAG,EAAE,KAAK,CAAC,IAAI,MAAM,CAAC,OAAO,CAAC,MAAM,CAAC,EAAE;QAC/C,IAAI,KAAK,KAAK,SAAS,EAAE;YACrB,MAAM,IAAI,KAAK,CAAC,eAAe,GAAG,gBAAgB,CAAC,CAAC;SACvD;KACJ;IACD,OAAO,MAAgB,CAAC;AAC5B,CAAC,CAAC;AAEF,MAAM,MAAM,GAAG,SAAS,EAAE,CAAC;AAE3B,MAAM,eAAe,GAAG,iBAAiB,CAAC,MAAM,CAAC,CAAC;AAElD,kBAAe,eAAe,CAAC","sourcesContent":["import path from 'path';\nimport dotenv from 'dotenv';\n\n// Parsing the env file.\ndotenv.config({ path: path.resolve(__filename, './.env') });\n\n// Interface to load env variables\n// Note these variables can possibly be undefined\n// as someone could skip these varibales or not setup a .env file at all\n\ninterface ENV {\n    DB_USER: string | undefined;\n    DB_PASSWORD: string | undefined;\n    DB_NAME: string | undefined;\n    DB_PORT: number | undefined;\n    DB_HOST: string | undefined;\n}\n\ninterface Config {\n    DB_USER: string;\n    DB_PASSWORD: string;\n    DB_NAME: string;\n    DB_PORT: number;\n    DB_HOST: string;\n}\n\n// Loading process.env as ENV interface\n\nconst getConfig = (): ENV => {\n    return {\n        DB_USER: process.env.DB_USER,\n        DB_PASSWORD: process.env.DB_PASSWORD,\n        DB_NAME: process.env.DB_NAME,\n        DB_PORT: Number(process.env.PORT),\n        DB_HOST: process.env.DB_HOST,\n    };\n};\n\n// Throwing an Error if any field was undefined we don't\n// want our app to run if it can't connect to DB and ensure\n// that these fields are accessible. If all is good return\n// it as Config which just removes the undefined from our type\n// definition.\n\nconst getSanitzedConfig = (config: ENV): Config => {\n    for (const [key, value] of Object.entries(config)) {\n        if (value === undefined) {\n            throw new Error(`Missing key ${key} in config.env`);\n        }\n    }\n    return config as Config;\n};\n\nconst config = getConfig();\n\nconst sanitizedConfig = getSanitzedConfig(config);\n\nexport default sanitizedConfig;\n"]},"_coverageSchema":"1a1c01bbd47fc00a2c39e90264f33305004495a9","hash":"df2ca8ea1aae14bf5bb7e667077cd587811af874","contentHash":"f685139e6cdd6bb05599fd9f01079e70b0c2fb6e56bbacbc457fc291723b9215"},"/Users/frida/Kod/BTH/dbwebb-kurser/VTeam/Spark-backend/Spark-API-v1/src/versions/v1/routes/user.ts":{"path":"/Users/frida/Kod/BTH/dbwebb-kurser/VTeam/Spark-backend/Spark-API-v1/src/versions/v1/routes/user.ts","statementMap":{"0":{"start":{"line":2,"column":16},"end":{"line":10,"column":1}},"1":{"start":{"line":3,"column":28},"end":{"line":3,"column":110}},"2":{"start":{"line":3,"column":91},"end":{"line":3,"column":106}},"3":{"start":{"line":4,"column":4},"end":{"line":9,"column":7}},"4":{"start":{"line":5,"column":36},"end":{"line":5,"column":97}},"5":{"start":{"line":5,"column":42},"end":{"line":5,"column":70}},"6":{"start":{"line":5,"column":85},"end":{"line":5,"column":95}},"7":{"start":{"line":6,"column":35},"end":{"line":6,"column":100}},"8":{"start":{"line":6,"column":41},"end":{"line":6,"column":73}},"9":{"start":{"line":6,"column":88},"end":{"line":6,"column":98}},"10":{"start":{"line":7,"column":32},"end":{"line":7,"column":116}},"11":{"start":{"line":8,"column":8},"end":{"line":8,"column":78}},"12":{"start":{"line":11,"column":22},"end":{"line":13,"column":1}},"13":{"start":{"line":12,"column":4},"end":{"line":12,"column":62}},"14":{"start":{"line":14,"column":0},"end":{"line":14,"column":62}},"15":{"start":{"line":15,"column":18},"end":{"line":15,"column":36}},"16":{"start":{"line":16,"column":15},"end":{"line":16,"column":63}},"17":{"start":{"line":17,"column":15},"end":{"line":17,"column":38}},"18":{"start":{"line":18,"column":0},"end":{"line":25,"column":4}},"19":{"start":{"line":18,"column":40},"end":{"line":25,"column":2}},"20":{"start":{"line":19,"column":4},"end":{"line":24,"column":5}},"21":{"start":{"line":20,"column":8},"end":{"line":20,"column":60}},"22":{"start":{"line":23,"column":8},"end":{"line":23,"column":20}},"23":{"start":{"line":26,"column":0},"end":{"line":36,"column":4}},"24":{"start":{"line":26,"column":44},"end":{"line":36,"column":2}},"25":{"start":{"line":27,"column":19},"end":{"line":27,"column":32}},"26":{"start":{"line":28,"column":4},"end":{"line":35,"column":5}},"27":{"start":{"line":29,"column":8},"end":{"line":34,"column":9}},"28":{"start":{"line":30,"column":12},"end":{"line":30,"column":70}},"29":{"start":{"line":33,"column":12},"end":{"line":33,"column":24}},"30":{"start":{"line":37,"column":0},"end":{"line":49,"column":4}},"31":{"start":{"line":37,"column":41},"end":{"line":49,"column":2}},"32":{"start":{"line":38,"column":21},"end":{"line":38,"column":29}},"33":{"start":{"line":39,"column":25},"end":{"line":39,"column":79}},"34":{"start":{"line":39,"column":63},"end":{"line":39,"column":78}},"35":{"start":{"line":40,"column":38},"end":{"line":40,"column":89}},"36":{"start":{"line":40,"column":66},"end":{"line":40,"column":88}},"37":{"start":{"line":41,"column":4},"end":{"line":48,"column":5}},"38":{"start":{"line":42,"column":8},"end":{"line":44,"column":9}},"39":{"start":{"line":43,"column":12},"end":{"line":43,"column":75}},"40":{"start":{"line":47,"column":8},"end":{"line":47,"column":20}},"41":{"start":{"line":50,"column":0},"end":{"line":58,"column":4}},"42":{"start":{"line":50,"column":47},"end":{"line":58,"column":2}},"43":{"start":{"line":51,"column":21},"end":{"line":51,"column":29}},"44":{"start":{"line":52,"column":4},"end":{"line":57,"column":5}},"45":{"start":{"line":53,"column":8},"end":{"line":53,"column":67}},"46":{"start":{"line":56,"column":8},"end":{"line":56,"column":20}},"47":{"start":{"line":59,"column":0},"end":{"line":75,"column":4}},"48":{"start":{"line":59,"column":44},"end":{"line":75,"column":2}},"49":{"start":{"line":60,"column":19},"end":{"line":60,"column":32}},"50":{"start":{"line":61,"column":21},"end":{"line":61,"column":29}},"51":{"start":{"line":62,"column":4},"end":{"line":74,"column":5}},"52":{"start":{"line":63,"column":29},"end":{"line":69,"column":9}},"53":{"start":{"line":70,"column":8},"end":{"line":70,"column":98}},"54":{"start":{"line":73,"column":8},"end":{"line":73,"column":20}},"55":{"start":{"line":76,"column":0},"end":{"line":85,"column":4}},"56":{"start":{"line":76,"column":52},"end":{"line":85,"column":2}},"57":{"start":{"line":77,"column":20},"end":{"line":77,"column":36}},"58":{"start":{"line":78,"column":19},"end":{"line":78,"column":32}},"59":{"start":{"line":79,"column":4},"end":{"line":84,"column":5}},"60":{"start":{"line":80,"column":8},"end":{"line":80,"column":82}},"61":{"start":{"line":83,"column":8},"end":{"line":83,"column":20}},"62":{"start":{"line":86,"column":0},"end":{"line":95,"column":4}},"63":{"start":{"line":86,"column":60},"end":{"line":95,"column":2}},"64":{"start":{"line":87,"column":20},"end":{"line":87,"column":36}},"65":{"start":{"line":88,"column":19},"end":{"line":88,"column":32}},"66":{"start":{"line":89,"column":4},"end":{"line":94,"column":5}},"67":{"start":{"line":90,"column":8},"end":{"line":90,"column":88}},"68":{"start":{"line":93,"column":8},"end":{"line":93,"column":20}},"69":{"start":{"line":96,"column":0},"end":{"line":105,"column":4}},"70":{"start":{"line":96,"column":53},"end":{"line":105,"column":2}},"71":{"start":{"line":97,"column":21},"end":{"line":97,"column":38}},"72":{"start":{"line":98,"column":19},"end":{"line":98,"column":32}},"73":{"start":{"line":99,"column":4},"end":{"line":104,"column":5}},"74":{"start":{"line":100,"column":8},"end":{"line":100,"column":84}},"75":{"start":{"line":103,"column":8},"end":{"line":103,"column":20}},"76":{"start":{"line":106,"column":0},"end":{"line":114,"column":4}},"77":{"start":{"line":106,"column":47},"end":{"line":114,"column":2}},"78":{"start":{"line":107,"column":19},"end":{"line":107,"column":32}},"79":{"start":{"line":108,"column":4},"end":{"line":113,"column":5}},"80":{"start":{"line":109,"column":8},"end":{"line":109,"column":69}},"81":{"start":{"line":112,"column":8},"end":{"line":112,"column":20}},"82":{"start":{"line":115,"column":0},"end":{"line":115,"column":24}}},"fnMap":{"0":{"name":"(anonymous_0)","decl":{"start":{"line":2,"column":44},"end":{"line":2,"column":45}},"loc":{"start":{"line":2,"column":89},"end":{"line":10,"column":1}},"line":2},"1":{"name":"adopt","decl":{"start":{"line":3,"column":13},"end":{"line":3,"column":18}},"loc":{"start":{"line":3,"column":26},"end":{"line":3,"column":112}},"line":3},"2":{"name":"(anonymous_2)","decl":{"start":{"line":3,"column":70},"end":{"line":3,"column":71}},"loc":{"start":{"line":3,"column":89},"end":{"line":3,"column":108}},"line":3},"3":{"name":"(anonymous_3)","decl":{"start":{"line":4,"column":36},"end":{"line":4,"column":37}},"loc":{"start":{"line":4,"column":63},"end":{"line":9,"column":5}},"line":4},"4":{"name":"fulfilled","decl":{"start":{"line":5,"column":17},"end":{"line":5,"column":26}},"loc":{"start":{"line":5,"column":34},"end":{"line":5,"column":99}},"line":5},"5":{"name":"rejected","decl":{"start":{"line":6,"column":17},"end":{"line":6,"column":25}},"loc":{"start":{"line":6,"column":33},"end":{"line":6,"column":102}},"line":6},"6":{"name":"step","decl":{"start":{"line":7,"column":17},"end":{"line":7,"column":21}},"loc":{"start":{"line":7,"column":30},"end":{"line":7,"column":118}},"line":7},"7":{"name":"(anonymous_7)","decl":{"start":{"line":11,"column":56},"end":{"line":11,"column":57}},"loc":{"start":{"line":11,"column":71},"end":{"line":13,"column":1}},"line":11},"8":{"name":"(anonymous_8)","decl":{"start":{"line":18,"column":20},"end":{"line":18,"column":21}},"loc":{"start":{"line":18,"column":40},"end":{"line":25,"column":2}},"line":18},"9":{"name":"(anonymous_9)","decl":{"start":{"line":18,"column":74},"end":{"line":18,"column":75}},"loc":{"start":{"line":18,"column":87},"end":{"line":25,"column":1}},"line":18},"10":{"name":"(anonymous_10)","decl":{"start":{"line":26,"column":24},"end":{"line":26,"column":25}},"loc":{"start":{"line":26,"column":44},"end":{"line":36,"column":2}},"line":26},"11":{"name":"(anonymous_11)","decl":{"start":{"line":26,"column":78},"end":{"line":26,"column":79}},"loc":{"start":{"line":26,"column":91},"end":{"line":36,"column":1}},"line":26},"12":{"name":"(anonymous_12)","decl":{"start":{"line":37,"column":21},"end":{"line":37,"column":22}},"loc":{"start":{"line":37,"column":41},"end":{"line":49,"column":2}},"line":37},"13":{"name":"(anonymous_13)","decl":{"start":{"line":37,"column":75},"end":{"line":37,"column":76}},"loc":{"start":{"line":37,"column":88},"end":{"line":49,"column":1}},"line":37},"14":{"name":"(anonymous_14)","decl":{"start":{"line":39,"column":54},"end":{"line":39,"column":55}},"loc":{"start":{"line":39,"column":63},"end":{"line":39,"column":78}},"line":39},"15":{"name":"(anonymous_15)","decl":{"start":{"line":40,"column":57},"end":{"line":40,"column":58}},"loc":{"start":{"line":40,"column":66},"end":{"line":40,"column":88}},"line":40},"16":{"name":"(anonymous_16)","decl":{"start":{"line":50,"column":27},"end":{"line":50,"column":28}},"loc":{"start":{"line":50,"column":47},"end":{"line":58,"column":2}},"line":50},"17":{"name":"(anonymous_17)","decl":{"start":{"line":50,"column":81},"end":{"line":50,"column":82}},"loc":{"start":{"line":50,"column":94},"end":{"line":58,"column":1}},"line":50},"18":{"name":"(anonymous_18)","decl":{"start":{"line":59,"column":24},"end":{"line":59,"column":25}},"loc":{"start":{"line":59,"column":44},"end":{"line":75,"column":2}},"line":59},"19":{"name":"(anonymous_19)","decl":{"start":{"line":59,"column":78},"end":{"line":59,"column":79}},"loc":{"start":{"line":59,"column":91},"end":{"line":75,"column":1}},"line":59},"20":{"name":"(anonymous_20)","decl":{"start":{"line":76,"column":32},"end":{"line":76,"column":33}},"loc":{"start":{"line":76,"column":52},"end":{"line":85,"column":2}},"line":76},"21":{"name":"(anonymous_21)","decl":{"start":{"line":76,"column":86},"end":{"line":76,"column":87}},"loc":{"start":{"line":76,"column":99},"end":{"line":85,"column":1}},"line":76},"22":{"name":"(anonymous_22)","decl":{"start":{"line":86,"column":40},"end":{"line":86,"column":41}},"loc":{"start":{"line":86,"column":60},"end":{"line":95,"column":2}},"line":86},"23":{"name":"(anonymous_23)","decl":{"start":{"line":86,"column":94},"end":{"line":86,"column":95}},"loc":{"start":{"line":86,"column":107},"end":{"line":95,"column":1}},"line":86},"24":{"name":"(anonymous_24)","decl":{"start":{"line":96,"column":33},"end":{"line":96,"column":34}},"loc":{"start":{"line":96,"column":53},"end":{"line":105,"column":2}},"line":96},"25":{"name":"(anonymous_25)","decl":{"start":{"line":96,"column":87},"end":{"line":96,"column":88}},"loc":{"start":{"line":96,"column":100},"end":{"line":105,"column":1}},"line":96},"26":{"name":"(anonymous_26)","decl":{"start":{"line":106,"column":27},"end":{"line":106,"column":28}},"loc":{"start":{"line":106,"column":47},"end":{"line":114,"column":2}},"line":106},"27":{"name":"(anonymous_27)","decl":{"start":{"line":106,"column":81},"end":{"line":106,"column":82}},"loc":{"start":{"line":106,"column":94},"end":{"line":114,"column":1}},"line":106}},"branchMap":{"0":{"loc":{"start":{"line":2,"column":16},"end":{"line":10,"column":1}},"type":"binary-expr","locations":[{"start":{"line":2,"column":17},"end":{"line":2,"column":21}},{"start":{"line":2,"column":25},"end":{"line":2,"column":39}},{"start":{"line":2,"column":44},"end":{"line":10,"column":1}}],"line":2},"1":{"loc":{"start":{"line":3,"column":35},"end":{"line":3,"column":109}},"type":"cond-expr","locations":[{"start":{"line":3,"column":56},"end":{"line":3,"column":61}},{"start":{"line":3,"column":64},"end":{"line":3,"column":109}}],"line":3},"2":{"loc":{"start":{"line":4,"column":16},"end":{"line":4,"column":34}},"type":"binary-expr","locations":[{"start":{"line":4,"column":16},"end":{"line":4,"column":17}},{"start":{"line":4,"column":22},"end":{"line":4,"column":33}}],"line":4},"3":{"loc":{"start":{"line":7,"column":32},"end":{"line":7,"column":115}},"type":"cond-expr","locations":[{"start":{"line":7,"column":46},"end":{"line":7,"column":67}},{"start":{"line":7,"column":70},"end":{"line":7,"column":115}}],"line":7},"4":{"loc":{"start":{"line":8,"column":51},"end":{"line":8,"column":67}},"type":"binary-expr","locations":[{"start":{"line":8,"column":51},"end":{"line":8,"column":61}},{"start":{"line":8,"column":65},"end":{"line":8,"column":67}}],"line":8},"5":{"loc":{"start":{"line":11,"column":22},"end":{"line":13,"column":1}},"type":"binary-expr","locations":[{"start":{"line":11,"column":23},"end":{"line":11,"column":27}},{"start":{"line":11,"column":31},"end":{"line":11,"column":51}},{"start":{"line":11,"column":56},"end":{"line":13,"column":1}}],"line":11},"6":{"loc":{"start":{"line":12,"column":11},"end":{"line":12,"column":61}},"type":"cond-expr","locations":[{"start":{"line":12,"column":37},"end":{"line":12,"column":40}},{"start":{"line":12,"column":43},"end":{"line":12,"column":61}}],"line":12},"7":{"loc":{"start":{"line":12,"column":12},"end":{"line":12,"column":33}},"type":"binary-expr","locations":[{"start":{"line":12,"column":12},"end":{"line":12,"column":15}},{"start":{"line":12,"column":19},"end":{"line":12,"column":33}}],"line":12},"8":{"loc":{"start":{"line":28,"column":4},"end":{"line":35,"column":5}},"type":"if","locations":[{"start":{"line":28,"column":4},"end":{"line":35,"column":5}},{"start":{"line":28,"column":4},"end":{"line":35,"column":5}}],"line":28},"9":{"loc":{"start":{"line":42,"column":8},"end":{"line":44,"column":9}},"type":"if","locations":[{"start":{"line":42,"column":8},"end":{"line":44,"column":9}},{"start":{"line":42,"column":8},"end":{"line":44,"column":9}}],"line":42}},"s":{"0":1,"1":1,"2":0,"3":1,"4":0,"5":0,"6":0,"7":1,"8":1,"9":0,"10":2,"11":1,"12":1,"13":1,"14":1,"15":1,"16":1,"17":1,"18":1,"19":1,"20":1,"21":1,"22":1,"23":1,"24":0,"25":0,"26":0,"27":0,"28":0,"29":0,"30":1,"31":0,"32":0,"33":0,"34":0,"35":0,"36":0,"37":0,"38":0,"39":0,"40":0,"41":1,"42":0,"43":0,"44":0,"45":0,"46":0,"47":1,"48":0,"49":0,"50":0,"51":0,"52":0,"53":0,"54":0,"55":1,"56":0,"57":0,"58":0,"59":0,"60":0,"61":0,"62":1,"63":0,"64":0,"65":0,"66":0,"67":0,"68":0,"69":1,"70":0,"71":0,"72":0,"73":0,"74":0,"75":0,"76":1,"77":0,"78":0,"79":0,"80":0,"81":0,"82":1},"f":{"0":1,"1":1,"2":0,"3":1,"4":0,"5":1,"6":2,"7":1,"8":1,"9":1,"10":0,"11":0,"12":0,"13":0,"14":0,"15":0,"16":0,"17":0,"18":0,"19":0,"20":0,"21":0,"22":0,"23":0,"24":0,"25":0,"26":0,"27":0},"b":{"0":[1,1,1],"1":[1,0],"2":[1,1],"3":[1,1],"4":[1,1],"5":[1,1,1],"6":[1,0],"7":[1,1],"8":[0,0],"9":[0,0]},"inputSourceMap":{"version":3,"file":"/Users/frida/Kod/BTH/dbwebb-kurser/VTeam/Spark-backend/Spark-API-v1/src/versions/v1/routes/user.ts","sources":["/Users/frida/Kod/BTH/dbwebb-kurser/VTeam/Spark-backend/Spark-API-v1/src/versions/v1/routes/user.ts"],"names":[],"mappings":";;;;;;;;;;;;;;AAAA,qCAAkE;AAElE,gEAA6C;AAC7C,MAAM,MAAM,GAAG,IAAA,gBAAM,GAAE,CAAC;AAwBxB,MAAM,CAAC,GAAG,CAAC,OAAO,EAAE,CAAO,GAAY,EAAE,GAAa,EAAE,IAAkB,EAAE,EAAE;IAC1E,IAAI;QACA,OAAO,MAAM,cAAS,CAAC,YAAY,CAAC,GAAG,EAAE,IAAI,CAAC,CAAC;KAClD;IAAC,OAAO,KAAK,EAAE;QAEZ,IAAI,CAAC,KAAK,CAAC,CAAC;KACf;AACL,CAAC,CAAA,CAAC,CAAC;AAcH,MAAM,CAAC,GAAG,CAAC,WAAW,EAAE,CAAO,GAAY,EAAE,GAAa,EAAE,IAAkB,EAAE,EAAE;IAC9E,MAAM,MAAM,GAAG,GAAG,CAAC,MAAM,CAAC,EAAE,CAAC;IAC7B,IAAI,MAAM,EAAE;QACR,IAAI;YACA,OAAO,MAAM,cAAS,CAAC,UAAU,CAAC,MAAM,EAAE,GAAG,EAAE,IAAI,CAAC,CAAC;SACxD;QAAC,OAAO,KAAK,EAAE;YACZ,IAAI,CAAC,KAAK,CAAC,CAAC;SACf;KACJ;AACL,CAAC,CAAA,CAAC,CAAC;AAeH,MAAM,CAAC,IAAI,CAAC,OAAO,EAAE,CAAO,GAAY,EAAE,GAAa,EAAE,IAAkB,EAAE,EAAE;IAC3E,MAAM,QAAQ,GAAa,GAAG,CAAC,IAAI,CAAC;IAEpC,MAAM,YAAY,GAAG,MAAM,CAAC,IAAI,CAAC,QAAQ,CAAC,CAAC,MAAM,CAAC,CAAC,GAAG,EAAE,EAAE,CAAC,GAAG,KAAK,OAAO,CAAC,CAAC;IAC5E,MAAM,yBAAyB,GAAG,YAAY,CAAC,KAAK,CAAC,CAAC,GAAG,EAAE,EAAE,CAAC,OAAO,CAAC,QAAQ,CAAC,GAAG,CAAC,CAAC,CAAC,CAAC;IAEtF,IAAI;QACA,IAAI,yBAAyB,EAAE;YAC3B,OAAO,MAAM,cAAS,CAAC,aAAa,CAAC,QAAQ,EAAE,GAAG,EAAE,IAAI,CAAC,CAAC;SAC7D;KACJ;IAAC,OAAO,KAAK,EAAE;QACZ,IAAI,CAAC,KAAK,CAAC,CAAC;KACf;AACL,CAAC,CAAA,CAAC,CAAC;AAeH,MAAM,CAAC,IAAI,CAAC,aAAa,EAAE,CAAO,GAAY,EAAE,GAAa,EAAE,IAAkB,EAAE,EAAE;IACjF,MAAM,QAAQ,GAAG,GAAG,CAAC,IAAI,CAAC;IAC1B,IAAI;QACA,OAAO,MAAM,cAAS,CAAC,SAAS,CAAC,QAAQ,EAAE,GAAG,EAAE,IAAI,CAAC,CAAC;KACzD;IAAC,OAAO,KAAK,EAAE;QACZ,IAAI,CAAC,KAAK,CAAC,CAAC;KACf;AACL,CAAC,CAAA,CAAC,CAAC;AAcH,MAAM,CAAC,GAAG,CAAC,WAAW,EAAE,CAAO,GAAY,EAAE,GAAa,EAAE,IAAkB,EAAE,EAAE;IAC9E,MAAM,MAAM,GAAG,GAAG,CAAC,MAAM,CAAC,EAAE,CAAC;IAE7B,MAAM,QAAQ,GAAG,GAAG,CAAC,IAAI,CAAC;IAE1B,IAAI;QACA,MAAM,YAAY,GAAG;YACjB,SAAS,EAAE,MAAM,cAAS,CAAC,mBAAmB,CAAC,MAAM,EAAE,QAAQ,CAAC,SAAS,EAAE,GAAG,EAAE,IAAI,CAAC;YACrF,QAAQ,EAAE,MAAM,cAAS,CAAC,kBAAkB,CAAC,MAAM,EAAE,QAAQ,CAAC,QAAQ,EAAE,GAAG,EAAE,IAAI,CAAC;YAClF,WAAW,EAAE,MAAM,cAAS,CAAC,qBAAqB,CAAC,MAAM,EAAE,QAAQ,CAAC,WAAW,EAAE,GAAG,EAAE,IAAI,CAAC;YAC3F,WAAW,EAAE,MAAM,cAAS,CAAC,qBAAqB,CAAC,MAAM,EAAE,QAAQ,CAAC,WAAW,EAAE,GAAG,EAAE,IAAI,CAAC;YAC3F,KAAK,EAAE,MAAM,cAAS,CAAC,eAAe,CAAC,MAAM,EAAE,QAAQ,CAAC,KAAK,EAAE,GAAG,EAAE,IAAI,CAAC;SAC5E,CAAC;QAEF,OAAO,GAAG,CAAC,MAAM,CAAC,GAAG,CAAC,CAAC,IAAI,CAAC,EAAE,OAAO,EAAE,IAAI,EAAE,GAAG,EAAE,gBAAgB,MAAM,cAAc,EAAE,CAAC,CAAC;KAC7F;IAAC,OAAO,KAAK,EAAE;QACZ,IAAI,CAAC,KAAK,CAAC,CAAC;KACf;AACL,CAAC,CAAA,CAAC,CAAC;AAcH,MAAM,CAAC,GAAG,CAAC,mBAAmB,EAAE,CAAO,GAAY,EAAE,GAAa,EAAE,IAAkB,EAAE,EAAE;IACtF,MAAM,OAAO,GAAG,GAAG,CAAC,IAAI,CAAC,OAAO,CAAC;IACjC,MAAM,MAAM,GAAG,GAAG,CAAC,MAAM,CAAC,EAAE,CAAC;IAE7B,IAAI;QACA,OAAO,MAAM,cAAS,CAAC,iBAAiB,CAAC,MAAM,EAAE,OAAO,EAAE,GAAG,EAAE,IAAI,CAAC,CAAC;KACxE;IAAC,OAAO,KAAK,EAAE;QACZ,IAAI,CAAC,KAAK,CAAC,CAAC;KACf;AACL,CAAC,CAAA,CAAC,CAAC;AAcH,MAAM,CAAC,GAAG,CAAC,2BAA2B,EAAE,CAAO,GAAY,EAAE,GAAa,EAAE,IAAkB,EAAE,EAAE;IAC9F,MAAM,OAAO,GAAG,GAAG,CAAC,IAAI,CAAC,OAAO,CAAC;IACjC,MAAM,MAAM,GAAG,GAAG,CAAC,MAAM,CAAC,EAAE,CAAC;IAE7B,IAAI;QACA,OAAO,MAAM,cAAS,CAAC,uBAAuB,CAAC,MAAM,EAAE,OAAO,EAAE,GAAG,EAAE,IAAI,CAAC,CAAC;KAC9E;IAAC,OAAO,KAAK,EAAE;QACZ,IAAI,CAAC,KAAK,CAAC,CAAC;KACf;AACL,CAAC,CAAA,CAAC,CAAC;AAcH,MAAM,CAAC,GAAG,CAAC,oBAAoB,EAAE,CAAO,GAAY,EAAE,GAAa,EAAE,IAAkB,EAAE,EAAE;IACvF,MAAM,QAAQ,GAAG,GAAG,CAAC,IAAI,CAAC,QAAQ,CAAC;IACnC,MAAM,MAAM,GAAG,GAAG,CAAC,MAAM,CAAC,EAAE,CAAC;IAE7B,IAAI;QACA,OAAO,MAAM,cAAS,CAAC,kBAAkB,CAAC,MAAM,EAAE,QAAQ,EAAE,GAAG,EAAE,IAAI,CAAC,CAAC;KAC1E;IAAC,OAAO,KAAK,EAAE;QACZ,IAAI,CAAC,KAAK,CAAC,CAAC;KACf;AACL,CAAC,CAAA,CAAC,CAAC;AAcH,MAAM,CAAC,MAAM,CAAC,WAAW,EAAE,CAAO,GAAY,EAAE,GAAa,EAAE,IAAkB,EAAE,EAAE;IACjF,MAAM,MAAM,GAAG,GAAG,CAAC,MAAM,CAAC,EAAE,CAAC;IAC7B,IAAI;QACA,OAAO,MAAM,cAAS,CAAC,aAAa,CAAC,MAAM,EAAE,GAAG,EAAE,IAAI,CAAC,CAAC;KAC3D;IAAC,OAAO,KAAK,EAAE;QACZ,IAAI,CAAC,KAAK,CAAC,CAAC;KACf;AACL,CAAC,CAAA,CAAC,CAAC;AAEH,MAAM,CAAC,OAAO,GAAG,MAAM,CAAC","sourcesContent":["import { NextFunction, Request, Response, Router } from 'express';\n\nimport userModel from '../../../models/user';\nconst router = Router();\n\ninterface UserInfo {\n    [key: string]: string;\n    firstName: string;\n    lastName: string;\n    phoneNumber: string;\n    emailAdress: string;\n    password: string;\n    oauth: string;\n}\n\n/**\n * Users ROUTE\n * /users:\n *   get:\n *     summary: Display list of users\n *     description: Render all users from database\n * @param {Request}  req  The incoming request.\n * @param {Response} res  The outgoing response.\n * @param {Function} next Next to call in chain of middleware.\n *\n * @returns {void}\n */\nrouter.get('/user', async (req: Request, res: Response, next: NextFunction) => {\n    try {\n        return await userModel.showAllUsers(res, next);\n    } catch (error) {\n        // Pass the error to the error handler middleware\n        next(error);\n    }\n});\n\n/**\n * User ROUTE\n *  /user/:id:\n *   get:\n *     summary: One User\n *     description: Render User by ID\n *  @param {Request}  req  The incoming request.\n *  @param {Response} res  The outgoing response.\n *  @param {Function} next Next to call in chain of middleware.\n *\n * @returns {void}\n */\nrouter.get('/user/:id', async (req: Request, res: Response, next: NextFunction) => {\n    const userId = req.params.id;\n    if (userId) {\n        try {\n            return await userModel.getOneUser(userId, res, next);\n        } catch (error) {\n            next(error);\n        }\n    }\n});\n\n/**\n * User ROUTE\n *  /user:\n *   post:\n *     summary: Create one user\n *     description: Create user with information\n *     { firstName, lastName,phoneNumber, emailAdress, password }\n *  @param {Request}  req  The incoming request.\n *  @param {Response} res  The outgoing response.\n *  @param {Function} next Next to call in chain of middleware.\n *\n * @returns {Response}\n */\nrouter.post('/user', async (req: Request, res: Response, next: NextFunction) => {\n    const userInfo: UserInfo = req.body;\n\n    const requiredKeys = Object.keys(userInfo).filter((key) => key !== 'oauth');\n    const allRequiredKeysHaveValues = requiredKeys.every((key) => Boolean(userInfo[key]));\n\n    try {\n        if (allRequiredKeysHaveValues) {\n            return await userModel.createOneUser(userInfo, res, next);\n        }\n    } catch (error) {\n        next(error);\n    }\n});\n\n/**\n * User ROUTE\n *  /user/login:\n *   post:\n *     summary: Login one user\n *     description: Login user with information\n *     { emailAdress, password }\n *  @param {Request}  req  The incoming request.\n *  @param {Response} res  The outgoing response.\n *  @param {Function} next Next to call in chain of middleware.\n *\n * @returns {Response}\n */\nrouter.post('/user/login', async (req: Request, res: Response, next: NextFunction) => {\n    const userInfo = req.body;\n    try {\n        return await userModel.userLogin(userInfo, res, next);\n    } catch (error) {\n        next(error);\n    }\n});\n\n/**\n * User ROUTE\n *  /user/:id:\n *   get:\n *     summary: Update One User\n *     description: Update User information { firstName, lastName,phoneNumber, emailAdress} by ID\n *  @param {Request}  req  The incoming request.\n *  @param {Response} res  The outgoing response.\n *  @param {Function} next Next to call in chain of middleware.\n *\n * @returns {void}\n */\nrouter.put('/user/:id', async (req: Request, res: Response, next: NextFunction) => {\n    const userId = req.params.id;\n\n    const userInfo = req.body;\n\n    try {\n        const _newUserInfo = {\n            firstName: await userModel.updateUserFirstName(userId, userInfo.firstName, res, next),\n            lastName: await userModel.updateUserLastName(userId, userInfo.lastName, res, next),\n            phoneNumber: await userModel.updateUserPhoneNumber(userId, userInfo.phoneNumber, res, next),\n            emailAdress: await userModel.updateUserEmailAdress(userId, userInfo.emailAdress, res, next),\n            oauth: await userModel.updateUserOauth(userId, userInfo.oauth, res, next),\n        };\n\n        return res.status(200).json({ success: true, msg: `User with id ${userId} was updated` });\n    } catch (error) {\n        next(error);\n    }\n});\n\n/**\n * User ROUTE\n *  /user/balance/:id:\n *   put:\n *     summary: Update balance of one User\n *     description: Update User Balance by ID\n *  @param {Request}  req  The incoming request.\n *  @param {Response} res  The outgoing response.\n *  @param {Function} next Next to call in chain of middleware.\n *\n * @returns {void}\n */\nrouter.put('/user/balance/:id', async (req: Request, res: Response, next: NextFunction) => {\n    const balance = req.body.balance;\n    const userID = req.params.id;\n\n    try {\n        return await userModel.updateUserBalance(userID, balance, res, next);\n    } catch (error) {\n        next(error);\n    }\n});\n\n/**\n * User ROUTE\n *  /user/partial_balance/:id:\n *   put:\n *     summary: Update partial balance of one User\n *     description: Update User Partial Balance by ID\n *  @param {Request}  req  The incoming request.\n *  @param {Response} res  The outgoing response.\n *  @param {Function} next Next to call in chain of middleware.\n *\n * @returns {void}\n */\nrouter.put('/user/partial_balance/:id', async (req: Request, res: Response, next: NextFunction) => {\n    const balance = req.body.balance;\n    const userID = req.params.id;\n\n    try {\n        return await userModel.updateUserPaymentOption(userID, balance, res, next);\n    } catch (error) {\n        next(error);\n    }\n});\n\n/**\n * User ROUTE\n *  /user/password/:id:\n *   get:\n *     summary: Update password of one User\n *     description: Update User password by ID\n *  @param {Request}  req  The incoming request.\n *  @param {Response} res  The outgoing response.\n *  @param {Function} next Next to call in chain of middleware.\n *\n * @returns {void}\n */\nrouter.put('/user/password/:id', async (req: Request, res: Response, next: NextFunction) => {\n    const password = req.body.password;\n    const userID = req.params.id;\n\n    try {\n        return await userModel.updateUserPassword(userID, password, res, next);\n    } catch (error) {\n        next(error);\n    }\n});\n\n/**\n * User ROUTE\n *  /user/:id:\n *   get:\n *     summary: Delete One User\n *     description: Delete User by ID\n *  @param {Request}  req  The incoming request.\n *  @param {Response} res  The outgoing response.\n *  @param {Function} next Next to call in chain of middleware.\n *\n * @returns {Promise}\n */\nrouter.delete('/user/:id', async (req: Request, res: Response, next: NextFunction) => {\n    const userId = req.params.id;\n    try {\n        return await userModel.deleteOneUser(userId, res, next);\n    } catch (error) {\n        next(error);\n    }\n});\n\nmodule.exports = router;\n"]},"_coverageSchema":"1a1c01bbd47fc00a2c39e90264f33305004495a9","hash":"31f0aeaf59fa407d3211917c59f208e74f63eb9e","contentHash":"f6dd75dc2d537d5d923422573167df9f26f65b1a60f61d2282f169cc0c259c06"},"/Users/frida/Kod/BTH/dbwebb-kurser/VTeam/Spark-backend/Spark-API-v1/src/models/user.ts":{"path":"/Users/frida/Kod/BTH/dbwebb-kurser/VTeam/Spark-backend/Spark-API-v1/src/models/user.ts","statementMap":{"0":{"start":{"line":2,"column":16},"end":{"line":10,"column":1}},"1":{"start":{"line":3,"column":28},"end":{"line":3,"column":110}},"2":{"start":{"line":3,"column":91},"end":{"line":3,"column":106}},"3":{"start":{"line":4,"column":4},"end":{"line":9,"column":7}},"4":{"start":{"line":5,"column":36},"end":{"line":5,"column":97}},"5":{"start":{"line":5,"column":42},"end":{"line":5,"column":70}},"6":{"start":{"line":5,"column":85},"end":{"line":5,"column":95}},"7":{"start":{"line":6,"column":35},"end":{"line":6,"column":100}},"8":{"start":{"line":6,"column":41},"end":{"line":6,"column":73}},"9":{"start":{"line":6,"column":88},"end":{"line":6,"column":98}},"10":{"start":{"line":7,"column":32},"end":{"line":7,"column":116}},"11":{"start":{"line":8,"column":8},"end":{"line":8,"column":78}},"12":{"start":{"line":11,"column":22},"end":{"line":13,"column":1}},"13":{"start":{"line":12,"column":4},"end":{"line":12,"column":62}},"14":{"start":{"line":14,"column":0},"end":{"line":14,"column":62}},"15":{"start":{"line":15,"column":15},"end":{"line":15,"column":30}},"16":{"start":{"line":16,"column":23},"end":{"line":16,"column":60}},"17":{"start":{"line":17,"column":13},"end":{"line":17,"column":49}},"18":{"start":{"line":18,"column
[...]
est, res: Response, next: NextFunction) => {\n    const userId = req.params.id;\n    const creditCardInfo = req.body;\n    try {\n        return await creditCardModel.saveCreditCard(userId, creditCardInfo, res, next);\n    } catch (error) {\n        next(error);\n    }\n});\n\n/**\n * creditCard ROUTE\n * /creditCard/:id:\n *   delete:\n *     summary: Delete one credit card\n *     description: Delete one credit card\n * @param {Request}  req  The incoming request.\n * @param {Response} res  The outgoing response.\n * @param {Function} next Next to call in chain of middleware.\n *\n * @returns {void}\n */\nrouter.delete('/creditCard/:id', async (req: Request, res: Response, next: NextFunction) => {\n    const userId = req.params.id;\n\n    try {\n        return await creditCardModel.deleteCard(userId, res, next);\n    } catch (error) {\n        next(error);\n    }\n});\n\nmodule.exports = router;\n"]},"_coverageSchema":"1a1c01bbd47fc00a2c39e90264f33305004495a9","hash":"618c2b485d59f8e95383b7105ec271b806eacba0","contentHash":"19216542e21ac92a63c040f71f194791581540ce0bf8343621756a9693476e7b"},"/Users/frida/Kod/BTH/dbwebb-kurser/VTeam/Spark-backend/Spark-API-v1/src/models/creditCard.ts":{"path":"/Users/frida/Kod/BTH/dbwebb-kurser/VTeam/Spark-backend/Spark-API-v1/src/models/creditCard.ts","statementMap":{"0":{"start":{"line":2,"column":16},"end":{"line":10,"column":1}},"1":{"start":{"line":3,"column":28},"end":{"line":3,"column":110}},"2":{"start":{"line":3,"column":91},"end":{"line":3,"column":106}},"3":{"start":{"line":4,"column":4},"end":{"line":9,"column":7}},"4":{"start":{"line":5,"column":36},"end":{"line":5,"column":97}},"5":{"start":{"line":5,"column":42},"end":{"line":5,"column":70}},"6":{"start":{"line":5,"column":85},"end":{"line":5,"column":95}},"7":{"start":{"line":6,"column":35},"end":{"line":6,"column":100}},"8":{"start":{"line":6,"column":41},"end":{"line":6,"column":73}},"9":{"start":{"line":6,"column":88},"end":{"line":6,"column":98}},"10":{"start":{"line":7,"column":32},"end":{"line":7,"column":116}},"11":{"start":{"line":8,"column":8},"end":{"line":8,"column":78}},"12":{"start":{"line":11,"column":22},"end":{"line":13,"column":1}},"13":{"start":{"line":12,"column":4},"end":{"line":12,"column":62}},"14":{"start":{"line":14,"column":0},"end":{"line":14,"column":62}},"15":{"start":{"line":15,"column":13},"end":{"line":15,"column":49}},"16":{"start":{"line":16,"column":15},"end":{"line":16,"column":34}},"17":{"start":{"line":17,"column":19},"end":{"line":17,"column":21}},"18":{"start":{"line":18,"column":24},"end":{"line":98,"column":1}},"19":{"start":{"line":20,"column":8},"end":{"line":33,"column":11}},"20":{"start":{"line":21,"column":23},"end":{"line":21,"column":49}},"21":{"start":{"line":22,"column":12},"end":{"line":32,"column":13}},"22":{"start":{"line":23,"column":28},"end":{"line":23,"column":46}},"23":{"start":{"line":24,"column":30},"end":{"line":24,"column":59}},"24":{"start":{"line":25,"column":16},"end":{"line":25,"column":82}},"25":{"start":{"line":28,"column":16},"end":{"line":28,"column":28}},"26":{"start":{"line":31,"column":16},"end":{"line":31,"column":31}},"27":{"start":{"line":36,"column":8},"end":{"line":49,"column":11}},"28":{"start":{"line":37,"column":23},"end":{"line":37,"column":49}},"29":{"start":{"line":38,"column":12},"end":{"line":48,"column":13}},"30":{"start":{"line":39,"column":28},"end":{"line":39,"column":55}},"31":{"start":{"line":40,"column":30},"end":{"line":40,"column":59}},"32":{"start":{"line":41,"column":16},"end":{"line":41,"column":82}},"33":{"start":{"line":44,"column":16},"end":{"line":44,"column":28}},"34":{"start":{"line":47,"column":16},"end":{"line":47,"column":31}},"35":{"start":{"line":52,"column":8},"end":{"line":80,"column":11}},"36":{"start":{"line":53,"column":12},"end":{"line":79,"column":15}},"37":{"start":{"line":54,"column":16},"end":{"line":78,"column":19}},"38":{"start":{"line":55,"column":31},"end":{"line":55,"column":57}},"39":{"start":{"line":56,"column":20},"end":{"line":56,"column":103}},"40":{"start":{"line":57,"column":20},"end":{"line":77,"column":21}},"41":{"start":{"line":58,"column":24},"end":{"line":58,"column":50}},"42":{"start":{"line":59,"column":24},"end":{"line":59,"column":56}},"43":{"start":{"line":60,"column":24},"end":{"line":60,"column":55}},"44":{"start":{"line":61,"column":41},"end":{"line":61,"column":83}},"45":{"start":{"line":62,"column":38},"end":{"line":69,"column":26}},"46":{"start":{"line":70,"column":24},"end":{"line":70,"column":92}},"47":{"start":{"line":73,"column":24},"end":{"line":73,"column":36}},"48":{"start":{"line":76,"column":24},"end":{"line":76,"column":39}},"49":{"start":{"line":83,"column":8},"end":{"line":96,"column":11}},"50":{"start":{"line":84,"column":23},"end":{"line":84,"column":49}},"51":{"start":{"line":85,"column":12},"end":{"line":95,"column":13}},"52":{"start":{"line":86,"column":28},"end":{"line":86,"column":49}},"53":{"start":{"line":87,"column":30},"end":{"line":87,"column":59}},"54":{"start":{"line":88,"column":16},"end":{"line":88,"column":111}},"55":{"start":{"line":91,"column":16},"end":{"line":91,"column":28}},"56":{"start":{"line":94,"column":16},"end":{"line":94,"column":31}},"57":{"start":{"line":99,"column":0},"end":{"line":99,"column":34}}},"fnMap":{"0":{"name":"(anonymous_0)","decl":{"start":{"line":2,"column":44},"end":{"line":2,"column":45}},"loc":{"start":{"line":2,"column":89},"end":{"line":10,"column":1}},"line":2},"1":{"name":"adopt","decl":{"start":{"line":3,"column":13},"end":{"line":3,"column":18}},"loc":{"start":{"line":3,"column":26},"end":{"line":3,"column":112}},"line":3},"2":{"name":"(anonymous_2)","decl":{"start":{"line":3,"column":70},"end":{"line":3,"column":71}},"loc":{"start":{"line":3,"column":89},"end":{"line":3,"column":108}},"line":3},"3":{"name":"(anonymous_3)","decl":{"start":{"line":4,"column":36},"end":{"line":4,"column":37}},"loc":{"start":{"line":4,"column":63},"end":{"line":9,"column":5}},"line":4},"4":{"name":"fulfilled","decl":{"start":{"line":5,"column":17},"end":{"line":5,"column":26}},"loc":{"start":{"line":5,"column":34},"end":{"line":5,"column":99}},"line":5},"5":{"name":"rejected","decl":{"start":{"line":6,"column":17},"end":{"line":6,"column":25}},"loc":{"start":{"line":6,"column":33},"end":{"line":6,"column":102}},"line":6},"6":{"name":"step","decl":{"start":{"line":7,"column":17},"end":{"line":7,"column":21}},"loc":{"start":{"line":7,"column":30},"end":{"line":7,"column":118}},"line":7},"7":{"name":"(anonymous_7)","decl":{"start":{"line":11,"column":56},"end":{"line":11,"column":57}},"loc":{"start":{"line":11,"column":71},"end":{"line":13,"column":1}},"line":11},"8":{"name":"getCard","decl":{"start":{"line":19,"column":22},"end":{"line":19,"column":29}},"loc":{"start":{"line":19,"column":49},"end":{"line":34,"column":5}},"line":19},"9":{"name":"(anonymous_9)","decl":{"start":{"line":20,"column":47},"end":{"line":20,"column":48}},"loc":{"start":{"line":20,"column":60},"end":{"line":33,"column":9}},"line":20},"10":{"name":"getCardsByUser","decl":{"start":{"line":35,"column":29},"end":{"line":35,"column":43}},"loc":{"start":{"line":35,"column":63},"end":{"line":50,"column":5}},"line":35},"11":{"name":"(anonymous_11)","decl":{"start":{"line":36,"column":47},"end":{"line":36,"column":48}},"loc":{"start":{"line":36,"column":60},"end":{"line":49,"column":9}},"line":36},"12":{"name":"saveCreditCard","decl":{"start":{"line":51,"column":29},"end":{"line":51,"column":43}},"loc":{"start":{"line":51,"column":79},"end":{"line":81,"column":5}},"line":51},"13":{"name":"(anonymous_13)","decl":{"start":{"line":52,"column":47},"end":{"line":52,"column":48}},"loc":{"start":{"line":52,"column":60},"end":{"line":80,"column":9}},"line":52},"14":{"name":"(anonymous_14)","decl":{"start":{"line":53,"column":56},"end":{"line":53,"column":57}},"loc":{"start":{"line":53,"column":79},"end":{"line":79,"column":13}},"line":53},"15":{"name":"(anonymous_15)","decl":{"start":{"line":54,"column":55},"end":{"line":54,"column":56}},"loc":{"start":{"line":54,"column":68},"end":{"line":78,"column":17}},"line":54},"16":{"name":"deleteCard","decl":{"start":{"line":82,"column":25},"end":{"line":82,"column":35}},"loc":{"start":{"line":82,"column":55},"end":{"line":97,"column":5}},"line":82},"17":{"name":"(anonymous_17)","decl":{"start":{"line":83,"column":47},"end":{"line":83,"column":48}},"loc":{"start":{"line":83,"column":60},"end":{"line":96,"column":9}},"line":83}},"branchMap":{"0":{"loc":{"start":{"line":2,"column":16},"end":{"line":10,"column":1}},"type":"binary-expr","locations":[{"start":{"line":2,"column":17},"end":{"line":2,"column":21}},{"start":{"line":2,"column":25},"end":{"line":2,"column":39}},{"start":{"line":2,"column":44},"end":{"line":10,"column":1}}],"line":2},"1":{"loc":{"start":{"line":3,"column":35},"end":{"line":3,"column":109}},"type":"cond-expr","locations":[{"start":{"line":3,"column":56},"end":{"line":3,"column":61}},{"start":{"line":3,"column":64},"end":{"line":3,"column":109}}],"line":3},"2":{"loc":{"start":{"line":4,"column":16},"end":{"line":4,"column":34}},"type":"binary-expr","locations":[{"start":{"line":4,"column":16},"end":{"line":4,"column":17}},{"start":{"line":4,"column":22},"end":{"line":4,"column":33}}],"line":4},"3":{"loc":{"start":{"line":7,"column":32},"end":{"line":7,"column":115}},"type":"cond-expr","locations":[{"start":{"line":7,"column":46},"end":{"line":7,"column":67}},{"start":{"line":7,"column":70},"end":{"line":7,"column":115}}],"line":7},"4":{"loc":{"start":{"line":8,"column":51},"end":{"line":8,"column":67}},"type":"binary-expr","locations":[{"start":{"line":8,"column":51},"end":{"line":8,"column":61}},{"start":{"line":8,"column":65},"end":{"line":8,"column":67}}],"line":8},"5":{"loc":{"start":{"line":11,"column":22},"end":{"line":13,"column":1}},"type":"binary-expr","locations":[{"start":{"line":11,"column":23},"end":{"line":11,"column":27}},{"start":{"line":11,"column":31},"end":{"line":11,"column":51}},{"start":{"line":11,"column":56},"end":{"line":13,"column":1}}],"line":11},"6":{"loc":{"start":{"line":12,"column":11},"end":{"line":12,"column":61}},"type":"cond-expr","locations":[{"start":{"line":12,"column":37},"end":{"line":12,"column":40}},{"start":{"line":12,"column":43},"end":{"line":12,"column":61}}],"line":12},"7":{"loc":{"start":{"line":12,"column":12},"end":{"line":12,"column":33}},"type":"binary-expr","locations":[{"start":{"line":12,"column":12},"end":{"line":12,"column":15}},{"start":{"line":12,"column":19},"end":{"line":12,"column":33}}],"line":12}},"s":{"0":1,"1":1,"2":0,"3":1,"4":0,"5":0,"6":0,"7":1,"8":1,"9":1,"10":1,"11":1,"12":1,"13":1,"14":1,"15":1,"16":1,"17":1,"18":1,"19":0,"20":0,"21":0,"22":0,"23":0,"24":0,"25":0,"26":0,"27":1,"28":1,"29":0,"30":0,"31":0,"32":0,"33":0,"34":0,"35":0,"36":0,"37":0,"38":0,"39":0,"40":0,"41":0,"42":0,"43":0,"44":0,"45":0,"46":0,"47":0,"48":0,"49":0,"50":0,"51":0,"52":0,"53":0,"54":0,"55":0,"56":0,"57":1},"f":{"0":1,"1":1,"2":0,"3":1,"4":0,"5":1,"6":1,"7":1,"8":0,"9":0,"10":1,"11":1,"12":0,"13":0,"14":0,"15":0,"16":0,"17":0},"b":{"0":[1,1,1],"1":[1,0],"2":[1,1],"3":[0,1],"4":[1,1],"5":[1,1,1],"6":[1,0],"7":[1,1]},"inputSourceMap":{"version":3,"file":"/Users/frida/Kod/BTH/dbwebb-kurser/VTeam/Spark-backend/Spark-API-v1/src/models/creditCard.ts","sources":["/Users/frida/Kod/BTH/dbwebb-kurser/VTeam/Spark-backend/Spark-API-v1/src/models/creditCard.ts"],"names":[],"mappings":";;;;;;;;;;;;;;AAGA,kDAAgC;AAEhC,MAAM,MAAM,GAAG,OAAO,CAAC,UAAU,CAAC,CAAC;AACnC,MAAM,UAAU,GAAG,EAAE,CAAC;AAEtB,MAAM,eAAe,GAAG;IAMpB,OAAO,EAAE,SAAe,OAAO,CAAC,MAAc,EAAE,GAAa,EAAE,IAAkB;;YAC7E,MAAM,EAAE,GAAG,MAAM,YAAQ,CAAC,KAAK,EAAE,CAAC;YAClC,IAAI;gBACA,MAAM,GAAG,GAAG,kBAAkB,CAAC;gBAE/B,MAAM,KAAK,GAAqC,MAAM,EAAE,CAAC,KAAK,CAAC,GAAG,EAAE,CAAC,MAAM,CAAC,CAAC,CAAC;gBAE9E,OAAO,GAAG,CAAC,MAAM,CAAC,GAAG,CAAC,CAAC,IAAI,CAAC,EAAE,OAAO,EAAE,IAAI,EAAE,IAAI,EAAE,KAAK,CAAC,CAAC,CAAC,CAAC,CAAC,CAAC,EAAE,CAAC,CAAC;aACrE;YAAC,OAAO,KAAU,EAAE;gBACjB,IAAI,CAAC,KAAK,CAAC,CAAC;aACf;oBAAS;gBACN,MAAM,EAAE,CAAC,GAAG,EAAE,CAAC;aAClB;QACL,CAAC;KAAA;IAMD,cAAc,EAAE,SAAe,cAAc,CAAC,MAAc,EAAE,GAAa,EAAE,IAAkB;;YAC3F,MAAM,EAAE,GAAG,MAAM,YAAQ,CAAC,KAAK,EAAE,CAAC;YAClC,IAAI;gBACA,MAAM,GAAG,GAAG,2BAA2B,CAAC;gBAExC,MAAM,KAAK,GAAqC,MAAM,EAAE,CAAC,KAAK,CAAC,GAAG,EAAE,CAAC,MAAM,CAAC,CAAC,CAAC;gBAE9E,OAAO,GAAG,CAAC,MAAM,CAAC,GAAG,CAAC,CAAC,IAAI,CAAC,EAAE,OAAO,EAAE,IAAI,EAAE,IAAI,EAAE,KAAK,CAAC,CAAC,CAAC,CAAC,CAAC,CAAC,EAAE,CAAC,CAAC;aACrE;YAAC,OAAO,KAAU,EAAE;gBACjB,IAAI,CAAC,KAAK,CAAC,CAAC;aACf;oBAAS;gBACN,MAAM,EAAE,CAAC,GAAG,EAAE,CAAC;aAClB;QACL,CAAC;KAAA;IAMD,cAAc,EAAE,SAAe,cAAc,CACzC,MAAc,EACd,cAAmB,EACnB,GAAa,EACb,IAAkB;;YAElB,MAAM,CAAC,IAAI,CAAC,cAAc,CAAC,GAAG,EAAE,UAAU,EAAE,UAAgB,KAAU,EAAE,IAAS;;oBAC7E,MAAM,EAAE,GAAG,MAAM,YAAQ,CAAC,KAAK,EAAE,CAAC;oBAClC,cAAc,CAAC,QAAQ,GAAG,cAAc,CAAC,GAAG,CAAC,MAAM,CAAC,cAAc,CAAC,GAAG,CAAC,MAAM,GAAG,CAAC,CAAC,CAAC;oBACnF,IAAI;wBACA,cAAc,CAAC,GAAG,GAAG,IAAI,CAAC;wBAC1B,cAAc,CAAC,SAAS,GAAG,IAAI,CAAC;wBAChC,cAAc,CAAC,QAAQ,GAAG,IAAI,CAAC;wBAE/B,MAAM,QAAQ,GAAG,0CAA0C,CAAC;wBAE5D,MAAM,KAAK,GAAqC,MAAM,EAAE,CAAC,KAAK,CAAC,QAAQ,EAAE;4BACrE,MAAM;4BACN,cAAc,CAAC,GAAG;4BAClB,cAAc,CAAC,MAAM;4BACrB,cAAc,CAAC,SAAS;4BACxB,cAAc,CAAC,QAAQ;4BACvB,cAAc,CAAC,QAAQ;yBAC1B,CAAC,CAAC;wBAEH,OAAO,GAAG,CAAC,MAAM,CAAC,GAAG,CAAC,CAAC,IAAI,CAAC,EAAE,OAAO,EAAE,IAAI,EAAE,GAAG,EAAE,cAAc,EAAE,CAAC,CAAC;qBACvE;oBAAC,OAAO,KAAU,EAAE;wBACjB,IAAI,CAAC,KAAK,CAAC,CAAC;qBACf;4BAAS;wBACN,MAAM,EAAE,CAAC,GAAG,EAAE,CAAC;qBAClB;gBACL,CAAC;aAAA,CAAC,CAAC;QACP,CAAC;KAAA;IAMD,UAAU,EAAE,SAAe,UAAU,CAAC,MAAc,EAAE,GAAa,EAAE,IAAkB;;YACnF,MAAM,EAAE,GAAG,MAAM,YAAQ,CAAC,KAAK,EAAE,CAAC;YAClC,IAAI;gBACA,MAAM,GAAG,GAAG,qBAAqB,CAAC;gBAElC,MAAM,KAAK,GAAqC,MAAM,EAAE,CAAC,KAAK,CAAC,GAAG,EAAE,CAAC,MAAM,CAAC,CAAC,CAAC;gBAE9E,OAAO,GAAG,CAAC,MAAM,CAAC,GAAG,CAAC,CAAC,IAAI,CAAC,EAAE,OAAO,EAAE,IAAI,EAAE,GAAG,EAAE,gBAAgB,MAAM,mBAAmB,EAAE,CAAC,CAAC;aAClG;YAAC,OAAO,KAAU,EAAE;gBACjB,IAAI,CAAC,KAAK,CAAC,CAAC;aACf;oBAAS;gBACN,MAAM,EAAE,CAAC,GAAG,EAAE,CAAC;aAClB;QACL,CAAC;KAAA;CACJ,CAAC;AAEF,kBAAe,eAAe,CAAC","sourcesContent":["import { FieldPacket, RowDataPacket } from 'mysql2/promise';\nimport { Response, NextFunction } from 'express';\n\nimport database from '../db/db';\n\nconst bcrypt = require('bcryptjs');\nconst saltRounds = 10;\n\nconst creditCardModel = {\n    /**\n     * Function to get one credit card by its id\n     * @async\n     * @returns {RowDataPacket} Resultset from the query.\n     */\n    getCard: async function getCard(cardId: string, res: Response, next: NextFunction) {\n        const db = await database.getDb();\n        try {\n            const sql = `CALL get_card(?)`;\n\n            const dbRes: [RowDataPacket[], FieldPacket[]] = await db.query(sql, [cardId]);\n\n            return res.status(200).send({ success: true, data: dbRes[0][0] });\n        } catch (error: any) {\n            next(error);\n        } finally {\n            await db.end();\n        }\n    },\n    /**\n     * Function to get all cards registered by a user\n     * @async\n     * @returns {RowDataPacket} Resultset from the query.\n     */\n    getCardsByUser: async function getCardsByUser(userId: string, res: Response, next: NextFunction) {\n        const db = await database.getDb();\n        try {\n            const sql = `CALL get_cards_by_user(?)`;\n\n            const dbRes: [RowDataPacket[], FieldPacket[]] = await db.query(sql, [userId]);\n\n            return res.status(200).send({ success: true, data: dbRes[0][0] });\n        } catch (error: any) {\n            next(error);\n        } finally {\n            await db.end();\n        }\n    },\n    /**\n     * Function to save a credit card in the database\n     * @async\n     * @returns {RowDataPacket} Resultset from the query.\n     */\n    saveCreditCard: async function saveCreditCard(\n        userId: string,\n        creditCardInfo: any,\n        res: Response,\n        next: NextFunction\n    ) {\n        bcrypt.hash(creditCardInfo.pan, saltRounds, async function (error: any, hash: any) {\n            const db = await database.getDb();\n            creditCardInfo.truncpan = creditCardInfo.pan.substr(creditCardInfo.pan.length - 4);\n            try {\n                creditCardInfo.pan = hash;\n                creditCardInfo.firstname = hash;\n                creditCardInfo.lastname = hash;\n\n                const sql_user = `CALL create_creditcard(?, ?, ?, ?, ?, ?)`;\n\n                const dbRes: [RowDataPacket[], FieldPacket[]] = await db.query(sql_user, [\n                    userId,\n                    creditCardInfo.pan,\n                    creditCardInfo.expiry,\n                    creditCardInfo.firstname,\n                    creditCardInfo.lastname,\n                    creditCardInfo.truncpan,\n                ]);\n\n                return res.status(200).send({ success: true, msg: creditCardInfo });\n            } catch (error: any) {\n                next(error);\n            } finally {\n                await db.end();\n            }\n        });\n    },\n    /**\n     * Function to delete one credit card by its id\n     * @async\n     * @returns {RowDataPacket} Resultset from the query.\n     */\n    deleteCard: async function deleteCard(cardId: string, res: Response, next: NextFunction) {\n        const db = await database.getDb();\n        try {\n            const sql = `CALL delete_card(?)`;\n\n            const dbRes: [RowDataPacket[], FieldPacket[]] = await db.query(sql, [cardId]);\n\n            return res.status(200).send({ success: true, msg: `Card with id ${cardId} has been deleted` });\n        } catch (error: any) {\n            next(error);\n        } finally {\n            await db.end();\n        }\n    },\n};\n\nexport default creditCardModel;\n"]},"_coverageSchema":"1a1c01bbd47fc00a2c39e90264f33305004495a9","hash":"61848c1dd3575141c7d7b08cc0604623b4106930","contentHash":"bf83680095fdbf4818b08755efbffcbd9f18a8711cf84f2da1f7dec032e5ee33"},"/Users/frida/Kod/BTH/dbwebb-kurser/VTeam/Spark-backend/Spark-API-v1/src/versions/v2/index.ts":{"path":"/Users/frida/Kod/BTH/dbwebb-kurser/VTeam/Spark-backend/Spark-API-v1/src/versions/v2/index.ts","statementMap":{"0":{"start":{"line":2,"column":0},"end":{"line":2,"column":62}},"1":{"start":{"line":3,"column":18},"end":{"line":3,"column":36}},"2":{"start":{"line":4,"column":15},"end":{"line":4,"column":38}},"3":{"start":{"line":5,"column":0},"end":{"line":7,"column":3}},"4":{"start":{"line":6,"column":4},"end":{"line":6,"column":35}},"5":{"start":{"line":8,"column":0},"end":{"line":8,"column":24}}},"fnMap":{"0":{"name":"(anonymous_0)","decl":{"start":{"line":5,"column":16},"end":{"line":5,"column":17}},"loc":{"start":{"line":5,"column":30},"end":{"line":7,"column":1}},"line":5}},"branchMap":{},"s":{"0":1,"1":1,"2":1,"3":1,"4":0,"5":1},"f":{"0":0},"b":{},"inputSourceMap":{"version":3,"file":"/Users/frida/Kod/BTH/dbwebb-kurser/VTeam/Spark-backend/Spark-API-v1/src/versions/v2/index.ts","sources":["/Users/frida/Kod/BTH/dbwebb-kurser/VTeam/Spark-backend/Spark-API-v1/src/versions/v2/index.ts"],"names":[],"mappings":";;AAAA,qCAA0E;AAC1E,MAAM,MAAM,GAAG,IAAA,gBAAM,GAAE,CAAC;AAcxB,MAAM,CAAC,GAAG,CAAC,GAAG,EAAE,CAAC,GAAY,EAAE,GAAa,EAAE,EAAE;IAC5C,GAAG,CAAC,IAAI,CAAC,oBAAoB,CAAC,CAAC;AACnC,CAAC,CAAC,CAAC;AAEH,MAAM,CAAC,OAAO,GAAG,MAAM,CAAC","sourcesContent":["import express, { Application, Request, Response, Router } from 'express';\nconst router = Router();\n\n/**\n * Main ROUTE\n * /v2/:\n *   get:\n *     summary: Display\n *     description: Render welcome page\n * @param {Request}  req  The incoming request.\n * @param {Response} res  The outgoing response.\n * @param {Function} next Next to call in chain of middleware.\n *\n * @returns {void}\n */\nrouter.get('/', (req: Request, res: Response) => {\n    res.send('Hello v2.0 GET API');\n});\n\nmodule.exports = router;\n"]},"_coverageSchema":"1a1c01bbd47fc00a2c39e90264f33305004495a9","hash":"5401e54cb80199ca672d8cce51ef649690edb34c","contentHash":"c91fadd3a348a69b54cc1063065d56fdff1307c6e31133b9e25d4f04e2c0db98"}}